"../../../Engine/Content/BasicShapes/BasicShapeMaterial.uasset" 0
"../../../Engine/Content/BasicShapes/BasicShapeMaterial.uexp" 1
"../../../Engine/Content/EngineMaterials/T_Default_Material_Grid_N.uasset" 2
"../../../Engine/Content/EngineMaterials/T_Default_Material_Grid_N.uexp" 3
"../../../Engine/Content/EngineMaterials/T_Default_Material_Grid_N.ubulk" 4
"../../../Engine/Content/EngineMaterials/T_Default_Material_Grid_M.uasset" 5
"../../../Engine/Content/EngineMaterials/T_Default_Material_Grid_M.uexp" 6
"../../../Engine/Content/EngineMaterials/T_Default_Material_Grid_M.ubulk" 7
"../../../Engine/Content/Functions/Engine_MaterialFunctions01/Opacity/CameraDepthFade.uasset" 8
"../../../Engine/Content/Functions/Engine_MaterialFunctions01/Opacity/CameraDepthFade.uexp" 9
"../../../Engine/Content/EngineMaterials/WorldGridMaterial.uasset" 10
"../../../Engine/Content/EngineMaterials/WorldGridMaterial.uexp" 11
"../../../Engine/Content/BasicShapes/Cube.uasset" 12
"../../../Engine/Content/BasicShapes/Cube.uexp" 13
"C:/Users/Fergus/Documents/AntiquesTheGame/AntiquesTheGame/Content/Lee/BP_Camera.uasset" 14
"C:/Users/Fergus/Documents/AntiquesTheGame/AntiquesTheGame/Content/Lee/BP_Camera.uexp" 15
"C:/Users/Fergus/Documents/AntiquesTheGame/AntiquesTheGame/Content/Lee/Sounds/Lines/Line35.uasset" 16
"C:/Users/Fergus/Documents/AntiquesTheGame/AntiquesTheGame/Content/Lee/Sounds/Lines/Line35.uexp" 17
"C:/Users/Fergus/Documents/AntiquesTheGame/AntiquesTheGame/Content/Lee/Sounds/Lines/Line34.uasset" 18
"C:/Users/Fergus/Documents/AntiquesTheGame/AntiquesTheGame/Content/Lee/Sounds/Lines/Line34.uexp" 19
"C:/Users/Fergus/Documents/AntiquesTheGame/AntiquesTheGame/Content/Lee/Sounds/Lines/Line33.uasset" 20
"C:/Users/Fergus/Documents/AntiquesTheGame/AntiquesTheGame/Content/Lee/Sounds/Lines/Line33.uexp" 21
"C:/Users/Fergus/Documents/AntiquesTheGame/AntiquesTheGame/Content/Lee/Sounds/Lines/Line32.uasset" 22
"C:/Users/Fergus/Documents/AntiquesTheGame/AntiquesTheGame/Content/Lee/Sounds/Lines/Line32.uexp" 23
"C:/Users/Fergus/Documents/AntiquesTheGame/AntiquesTheGame/Content/Lee/Sounds/Lines/Line31.uasset" 24
"C:/Users/Fergus/Documents/AntiquesTheGame/AntiquesTheGame/Content/Lee/Sounds/Lines/Line31.uexp" 25
"C:/Users/Fergus/Documents/AntiquesTheGame/AntiquesTheGame/Content/Lee/Sounds/Lines/Line30.uasset" 26
"C:/Users/Fergus/Documents/AntiquesTheGame/AntiquesTheGame/Content/Lee/Sounds/Lines/Line30.uexp" 27
"C:/Users/Fergus/Documents/AntiquesTheGame/AntiquesTheGame/Content/Lee/Sounds/Lines/Line29.uasset" 28
"C:/Users/Fergus/Documents/AntiquesTheGame/AntiquesTheGame/Content/Lee/Sounds/Lines/Line29.uexp" 29
"C:/Users/Fergus/Documents/AntiquesTheGame/AntiquesTheGame/Content/Lee/Sounds/Lines/Line28.uasset" 30
"C:/Users/Fergus/Documents/AntiquesTheGame/AntiquesTheGame/Content/Lee/Sounds/Lines/Line28.uexp" 31
"C:/Users/Fergus/Documents/AntiquesTheGame/AntiquesTheGame/Content/Lee/Sounds/Lines/Line27.uasset" 32
"C:/Users/Fergus/Documents/AntiquesTheGame/AntiquesTheGame/Content/Lee/Sounds/Lines/Line27.uexp" 33
"C:/Users/Fergus/Documents/AntiquesTheGame/AntiquesTheGame/Content/Lee/Sounds/Lines/Line26.uasset" 34
"C:/Users/Fergus/Documents/AntiquesTheGame/AntiquesTheGame/Content/Lee/Sounds/Lines/Line26.uexp" 35
"C:/Users/Fergus/Documents/AntiquesTheGame/AntiquesTheGame/Content/Lee/Sounds/Lines/Line25.uasset" 36
"C:/Users/Fergus/Documents/AntiquesTheGame/AntiquesTheGame/Content/Lee/Sounds/Lines/Line25.uexp" 37
"C:/Users/Fergus/Documents/AntiquesTheGame/AntiquesTheGame/Content/Lee/Sounds/Lines/Line24.uasset" 38
"C:/Users/Fergus/Documents/AntiquesTheGame/AntiquesTheGame/Content/Lee/Sounds/Lines/Line24.uexp" 39
"C:/Users/Fergus/Documents/AntiquesTheGame/AntiquesTheGame/Content/Lee/Sounds/Lines/Line23.uasset" 40
"C:/Users/Fergus/Documents/AntiquesTheGame/AntiquesTheGame/Content/Lee/Sounds/Lines/Line23.uexp" 41
"C:/Users/Fergus/Documents/AntiquesTheGame/AntiquesTheGame/Content/Lee/Sounds/Lines/Line22.uasset" 42
"C:/Users/Fergus/Documents/AntiquesTheGame/AntiquesTheGame/Content/Lee/Sounds/Lines/Line22.uexp" 43
"C:/Users/Fergus/Documents/AntiquesTheGame/AntiquesTheGame/Content/Lee/Sounds/Lines/Line21.uasset" 44
"C:/Users/Fergus/Documents/AntiquesTheGame/AntiquesTheGame/Content/Lee/Sounds/Lines/Line21.uexp" 45
"C:/Users/Fergus/Documents/AntiquesTheGame/AntiquesTheGame/Content/Lee/Sounds/Lines/Line20.uasset" 46
"C:/Users/Fergus/Documents/AntiquesTheGame/AntiquesTheGame/Content/Lee/Sounds/Lines/Line20.uexp" 47
"C:/Users/Fergus/Documents/AntiquesTheGame/AntiquesTheGame/Content/Lee/Sounds/Lines/Line19.uasset" 48
"C:/Users/Fergus/Documents/AntiquesTheGame/AntiquesTheGame/Content/Lee/Sounds/Lines/Line19.uexp" 49
"C:/Users/Fergus/Documents/AntiquesTheGame/AntiquesTheGame/Content/Lee/Sounds/Lines/Line18.uasset" 50
"C:/Users/Fergus/Documents/AntiquesTheGame/AntiquesTheGame/Content/Lee/Sounds/Lines/Line18.uexp" 51
"C:/Users/Fergus/Documents/AntiquesTheGame/AntiquesTheGame/Content/Lee/Sounds/Lines/Line17.uasset" 52
"C:/Users/Fergus/Documents/AntiquesTheGame/AntiquesTheGame/Content/Lee/Sounds/Lines/Line17.uexp" 53
"C:/Users/Fergus/Documents/AntiquesTheGame/AntiquesTheGame/Content/Lee/Sounds/Line9.uasset" 54
"C:/Users/Fergus/Documents/AntiquesTheGame/AntiquesTheGame/Content/Lee/Sounds/Line9.uexp" 55
"C:/Users/Fergus/Documents/AntiquesTheGame/AntiquesTheGame/Content/Lee/Sounds/Line8.uasset" 56
"C:/Users/Fergus/Documents/AntiquesTheGame/AntiquesTheGame/Content/Lee/Sounds/Line8.uexp" 57
"C:/Users/Fergus/Documents/AntiquesTheGame/AntiquesTheGame/Content/Lee/Sounds/Line7.uasset" 58
"C:/Users/Fergus/Documents/AntiquesTheGame/AntiquesTheGame/Content/Lee/Sounds/Line7.uexp" 59
"C:/Users/Fergus/Documents/AntiquesTheGame/AntiquesTheGame/Content/Lee/Sounds/Line6.uasset" 60
"C:/Users/Fergus/Documents/AntiquesTheGame/AntiquesTheGame/Content/Lee/Sounds/Line6.uexp" 61
"C:/Users/Fergus/Documents/AntiquesTheGame/AntiquesTheGame/Content/Lee/Sounds/Line5.uasset" 62
"C:/Users/Fergus/Documents/AntiquesTheGame/AntiquesTheGame/Content/Lee/Sounds/Line5.uexp" 63
"C:/Users/Fergus/Documents/AntiquesTheGame/AntiquesTheGame/Content/Lee/Sounds/Line4.uasset" 64
"C:/Users/Fergus/Documents/AntiquesTheGame/AntiquesTheGame/Content/Lee/Sounds/Line4.uexp" 65
"C:/Users/Fergus/Documents/AntiquesTheGame/AntiquesTheGame/Content/Lee/Sounds/Line3.uasset" 66
"C:/Users/Fergus/Documents/AntiquesTheGame/AntiquesTheGame/Content/Lee/Sounds/Line3.uexp" 67
"C:/Users/Fergus/Documents/AntiquesTheGame/AntiquesTheGame/Content/Lee/Sounds/Line2.uasset" 68
"C:/Users/Fergus/Documents/AntiquesTheGame/AntiquesTheGame/Content/Lee/Sounds/Line2.uexp" 69
"C:/Users/Fergus/Documents/AntiquesTheGame/AntiquesTheGame/Content/Lee/Sounds/Line16.uasset" 70
"C:/Users/Fergus/Documents/AntiquesTheGame/AntiquesTheGame/Content/Lee/Sounds/Line16.uexp" 71
"C:/Users/Fergus/Documents/AntiquesTheGame/AntiquesTheGame/Content/Lee/Sounds/Line15.uasset" 72
"C:/Users/Fergus/Documents/AntiquesTheGame/AntiquesTheGame/Content/Lee/Sounds/Line15.uexp" 73
"C:/Users/Fergus/Documents/AntiquesTheGame/AntiquesTheGame/Content/Lee/Sounds/Line14.uasset" 74
"C:/Users/Fergus/Documents/AntiquesTheGame/AntiquesTheGame/Content/Lee/Sounds/Line14.uexp" 75
"C:/Users/Fergus/Documents/AntiquesTheGame/AntiquesTheGame/Content/Lee/Sounds/Line13.uasset" 76
"C:/Users/Fergus/Documents/AntiquesTheGame/AntiquesTheGame/Content/Lee/Sounds/Line13.uexp" 77
"C:/Users/Fergus/Documents/AntiquesTheGame/AntiquesTheGame/Content/Lee/Sounds/Line12.uasset" 78
"C:/Users/Fergus/Documents/AntiquesTheGame/AntiquesTheGame/Content/Lee/Sounds/Line12.uexp" 79
"C:/Users/Fergus/Documents/AntiquesTheGame/AntiquesTheGame/Content/Lee/Sounds/Line11.uasset" 80
"C:/Users/Fergus/Documents/AntiquesTheGame/AntiquesTheGame/Content/Lee/Sounds/Line11.uexp" 81
"C:/Users/Fergus/Documents/AntiquesTheGame/AntiquesTheGame/Content/Lee/Sounds/Line10.uasset" 82
"C:/Users/Fergus/Documents/AntiquesTheGame/AntiquesTheGame/Content/Lee/Sounds/Line10.uexp" 83
"C:/Users/Fergus/Documents/AntiquesTheGame/AntiquesTheGame/Content/Lee/Sounds/Line1.uasset" 84
"C:/Users/Fergus/Documents/AntiquesTheGame/AntiquesTheGame/Content/Lee/Sounds/Line1.uexp" 85
"C:/Users/Fergus/Documents/AntiquesTheGame/AntiquesTheGame/Content/Claire/Textures/SM_Pie_DefaultMaterial_BaseColor.uasset" 86
"C:/Users/Fergus/Documents/AntiquesTheGame/AntiquesTheGame/Content/Claire/Textures/SM_Pie_DefaultMaterial_BaseColor.uexp" 87
"C:/Users/Fergus/Documents/AntiquesTheGame/AntiquesTheGame/Content/Claire/Textures/SM_Pie_DefaultMaterial_BaseColor.ubulk" 88
"C:/Users/Fergus/Documents/AntiquesTheGame/AntiquesTheGame/Content/Claire/Textures/T_VA.uasset" 89
"C:/Users/Fergus/Documents/AntiquesTheGame/AntiquesTheGame/Content/Claire/Textures/T_VA.uexp" 90
"C:/Users/Fergus/Documents/AntiquesTheGame/AntiquesTheGame/Content/Claire/Materials/M_Master.uasset" 91
"C:/Users/Fergus/Documents/AntiquesTheGame/AntiquesTheGame/Content/Claire/Materials/M_Master.uexp" 92
"C:/Users/Fergus/Documents/AntiquesTheGame/AntiquesTheGame/Content/Claire/Materials/MI_Pie.uasset" 93
"C:/Users/Fergus/Documents/AntiquesTheGame/AntiquesTheGame/Content/Claire/Materials/MI_Pie.uexp" 94
"C:/Users/Fergus/Documents/AntiquesTheGame/AntiquesTheGame/Content/Claire/Meshes/SM_Pie.uasset" 95
"C:/Users/Fergus/Documents/AntiquesTheGame/AntiquesTheGame/Content/Claire/Meshes/SM_Pie.uexp" 96
"C:/Users/Fergus/Documents/AntiquesTheGame/AntiquesTheGame/Content/Lee/BP_Antique.uasset" 97
"C:/Users/Fergus/Documents/AntiquesTheGame/AntiquesTheGame/Content/Lee/BP_Antique.uexp" 98
"C:/Users/Fergus/Documents/AntiquesTheGame/AntiquesTheGame/Content/Lee/MainGameInstance.uasset" 99
"C:/Users/Fergus/Documents/AntiquesTheGame/AntiquesTheGame/Content/Lee/MainGameInstance.uexp" 100
"../../../Engine/Content/Animation/DefaultAnimCurveCompressionSettings.uasset" 101
"../../../Engine/Content/Animation/DefaultAnimCurveCompressionSettings.uexp" 102
"../../../Engine/Content/Animation/DefaultAnimBoneCompressionSettings.uasset" 103
"../../../Engine/Content/Animation/DefaultAnimBoneCompressionSettings.uexp" 104
"C:/Users/Fergus/Documents/AntiquesTheGame/AntiquesTheGame/Content/Fergus/Character_02_Skeleton.uasset" 105
"C:/Users/Fergus/Documents/AntiquesTheGame/AntiquesTheGame/Content/Fergus/Character_02_Skeleton.uexp" 106
"C:/Users/Fergus/Documents/AntiquesTheGame/AntiquesTheGame/Content/Fergus/Character_02_Anim_Rig_FergusCrouchIdle.uasset" 107
"C:/Users/Fergus/Documents/AntiquesTheGame/AntiquesTheGame/Content/Fergus/Character_02_Anim_Rig_FergusCrouchIdle.uexp" 108
"C:/Users/Fergus/Documents/AntiquesTheGame/AntiquesTheGame/Content/Fergus/Character_02_Anim_Rig_FergusRun.uasset" 109
"C:/Users/Fergus/Documents/AntiquesTheGame/AntiquesTheGame/Content/Fergus/Character_02_Anim_Rig_FergusRun.uexp" 110
"C:/Users/Fergus/Documents/AntiquesTheGame/AntiquesTheGame/Content/Fergus/Character_02_Anim_Rig_FergusJumpin.uasset" 111
"C:/Users/Fergus/Documents/AntiquesTheGame/AntiquesTheGame/Content/Fergus/Character_02_Anim_Rig_FergusJumpin.uexp" 112
"C:/Users/Fergus/Documents/AntiquesTheGame/AntiquesTheGame/Content/Fergus/Character_02_Anim_Rig_FergusCrouchOUT.uasset" 113
"C:/Users/Fergus/Documents/AntiquesTheGame/AntiquesTheGame/Content/Fergus/Character_02_Anim_Rig_FergusCrouchOUT.uexp" 114
"C:/Users/Fergus/Documents/AntiquesTheGame/AntiquesTheGame/Content/Fergus/Character_02_Anim_Rig_FergusCrouchIN.uasset" 115
"C:/Users/Fergus/Documents/AntiquesTheGame/AntiquesTheGame/Content/Fergus/Character_02_Anim_Rig_FergusCrouchIN.uexp" 116
"C:/Users/Fergus/Documents/AntiquesTheGame/AntiquesTheGame/Content/Fergus/Character_02_Anim_Rig_CrowdIdle_001.uasset" 117
"C:/Users/Fergus/Documents/AntiquesTheGame/AntiquesTheGame/Content/Fergus/Character_02_Anim_Rig_CrowdIdle_001.uexp" 118
"C:/Users/Fergus/Documents/AntiquesTheGame/AntiquesTheGame/Content/Lee/Fergus_AnimBP.uasset" 119
"C:/Users/Fergus/Documents/AntiquesTheGame/AntiquesTheGame/Content/Lee/Fergus_AnimBP.uexp" 120
"../../../Engine/Content/EditorBlueprintResources/StandardMacros.uasset" 121
"../../../Engine/Content/EditorBlueprintResources/StandardMacros.uexp" 122
"C:/Users/Fergus/Documents/AntiquesTheGame/AntiquesTheGame/Content/Fergus/Meshes/Garage_Vehicles_Texture.uasset" 123
"C:/Users/Fergus/Documents/AntiquesTheGame/AntiquesTheGame/Content/Fergus/Meshes/Garage_Vehicles_Texture.uexp" 124
"C:/Users/Fergus/Documents/AntiquesTheGame/AntiquesTheGame/Content/Fergus/Meshes/Garage_Vehicles_Texture.ubulk" 125
"C:/Users/Fergus/Documents/AntiquesTheGame/AntiquesTheGame/Content/Fergus/Meshes/Material.uasset" 126
"C:/Users/Fergus/Documents/AntiquesTheGame/AntiquesTheGame/Content/Fergus/Meshes/Material.uexp" 127
"C:/Users/Fergus/Documents/AntiquesTheGame/AntiquesTheGame/Content/Fergus/Meshes/hat.uasset" 128
"C:/Users/Fergus/Documents/AntiquesTheGame/AntiquesTheGame/Content/Fergus/Meshes/hat.uexp" 129
"C:/Users/Fergus/Documents/AntiquesTheGame/AntiquesTheGame/Content/Fergus/Character_02_PhysicsAsset.uasset" 130
"C:/Users/Fergus/Documents/AntiquesTheGame/AntiquesTheGame/Content/Fergus/Character_02_PhysicsAsset.uexp" 131
"C:/Users/Fergus/Documents/AntiquesTheGame/AntiquesTheGame/Content/Fergus/Textures/Char_Fergus.uasset" 132
"C:/Users/Fergus/Documents/AntiquesTheGame/AntiquesTheGame/Content/Fergus/Textures/Char_Fergus.uexp" 133
"C:/Users/Fergus/Documents/AntiquesTheGame/AntiquesTheGame/Content/Fergus/Textures/Char_Fergus.ubulk" 134
"C:/Users/Fergus/Documents/AntiquesTheGame/AntiquesTheGame/Content/Fergus/Materials/M_Char_Fergus.uasset" 135
"C:/Users/Fergus/Documents/AntiquesTheGame/AntiquesTheGame/Content/Fergus/Materials/M_Char_Fergus.uexp" 136
"C:/Users/Fergus/Documents/AntiquesTheGame/AntiquesTheGame/Content/Fergus/Character_02.uasset" 137
"C:/Users/Fergus/Documents/AntiquesTheGame/AntiquesTheGame/Content/Fergus/Character_02.uexp" 138
"C:/Users/Fergus/Documents/AntiquesTheGame/AntiquesTheGame/Content/Lee/PlayerCharacter.uasset" 139
"C:/Users/Fergus/Documents/AntiquesTheGame/AntiquesTheGame/Content/Lee/PlayerCharacter.uexp" 140
"C:/Users/Fergus/Documents/AntiquesTheGame/AntiquesTheGame/Content/Lee/PublicPixel.uasset" 141
"C:/Users/Fergus/Documents/AntiquesTheGame/AntiquesTheGame/Content/Lee/PublicPixel.uexp" 142
"C:/Users/Fergus/Documents/AntiquesTheGame/AntiquesTheGame/Content/Lee/PublicPixel.ufont" 143
"C:/Users/Fergus/Documents/AntiquesTheGame/AntiquesTheGame/Content/Lee/PublicPixel_Font.uasset" 144
"C:/Users/Fergus/Documents/AntiquesTheGame/AntiquesTheGame/Content/Lee/PublicPixel_Font.uexp" 145
"C:/Users/Fergus/Documents/AntiquesTheGame/AntiquesTheGame/Content/Lee/ArrowTextureRenderTarget2D.uasset" 146
"C:/Users/Fergus/Documents/AntiquesTheGame/AntiquesTheGame/Content/Lee/ArrowTextureRenderTarget2D.uexp" 147
"C:/Users/Fergus/Documents/AntiquesTheGame/AntiquesTheGame/Content/Lee/ArrowTextureRenderTarget2D_Mat.uasset" 148
"C:/Users/Fergus/Documents/AntiquesTheGame/AntiquesTheGame/Content/Lee/ArrowTextureRenderTarget2D_Mat.uexp" 149
"C:/Users/Fergus/Documents/AntiquesTheGame/AntiquesTheGame/Content/Lee/DialogueStruct.uasset" 150
"C:/Users/Fergus/Documents/AntiquesTheGame/AntiquesTheGame/Content/Lee/DialogueStruct.uexp" 151
"C:/Users/Fergus/Documents/AntiquesTheGame/AntiquesTheGame/Content/Lee/AntiquesDialogue_-_Sheet1_1_.uasset" 152
"C:/Users/Fergus/Documents/AntiquesTheGame/AntiquesTheGame/Content/Lee/AntiquesDialogue_-_Sheet1_1_.uexp" 153
"C:/Users/Fergus/Documents/AntiquesTheGame/AntiquesTheGame/Content/Claire/Textures/T_PieDescription.uasset" 154
"C:/Users/Fergus/Documents/AntiquesTheGame/AntiquesTheGame/Content/Claire/Textures/T_PieDescription.uexp" 155
"C:/Users/Fergus/Documents/AntiquesTheGame/AntiquesTheGame/Content/Lee/UI_HUD.uasset" 156
"C:/Users/Fergus/Documents/AntiquesTheGame/AntiquesTheGame/Content/Lee/UI_HUD.uexp" 157
"C:/Users/Fergus/Documents/AntiquesTheGame/AntiquesTheGame/Content/Lee/MainGameMode.uasset" 158
"C:/Users/Fergus/Documents/AntiquesTheGame/AntiquesTheGame/Content/Lee/MainGameMode.uexp" 159
"C:/Users/Fergus/Documents/AntiquesTheGame/AntiquesTheGame/Content/Becky/Table.uasset" 160
"C:/Users/Fergus/Documents/AntiquesTheGame/AntiquesTheGame/Content/Becky/Table.uexp" 161
"C:/Users/Fergus/Documents/AntiquesTheGame/AntiquesTheGame/Content/Claire/Meshes/SM_Water_01.uasset" 162
"C:/Users/Fergus/Documents/AntiquesTheGame/AntiquesTheGame/Content/Claire/Meshes/SM_Water_01.uexp" 163
"C:/Users/Fergus/Documents/AntiquesTheGame/AntiquesTheGame/Content/Fergus/Materials/Material.uasset" 164
"C:/Users/Fergus/Documents/AntiquesTheGame/AntiquesTheGame/Content/Fergus/Materials/Material.uexp" 165
"C:/Users/Fergus/Documents/AntiquesTheGame/AntiquesTheGame/Content/Fergus/Meshes/Blockout.uasset" 166
"C:/Users/Fergus/Documents/AntiquesTheGame/AntiquesTheGame/Content/Fergus/Meshes/Blockout.uexp" 167
"C:/Users/Fergus/Documents/AntiquesTheGame/AntiquesTheGame/Content/Fergus/Materials/Char_Fergus.uasset" 168
"C:/Users/Fergus/Documents/AntiquesTheGame/AntiquesTheGame/Content/Fergus/Materials/Char_Fergus.uexp" 169
"C:/Users/Fergus/Documents/AntiquesTheGame/AntiquesTheGame/Content/Fergus/Materials/Char_Fergus.ubulk" 170
"C:/Users/Fergus/Documents/AntiquesTheGame/AntiquesTheGame/Content/Fergus/Materials/Fergus.uasset" 171
"C:/Users/Fergus/Documents/AntiquesTheGame/AntiquesTheGame/Content/Fergus/Materials/Fergus.uexp" 172
"C:/Users/Fergus/Documents/AntiquesTheGame/AntiquesTheGame/Content/Fergus/Character.uasset" 173
"C:/Users/Fergus/Documents/AntiquesTheGame/AntiquesTheGame/Content/Fergus/Character.uexp" 174
"C:/Users/Fergus/Documents/AntiquesTheGame/AntiquesTheGame/Content/Fergus/Fergus.uasset" 175
"C:/Users/Fergus/Documents/AntiquesTheGame/AntiquesTheGame/Content/Fergus/Fergus.uexp" 176
"C:/Users/Fergus/Documents/AntiquesTheGame/AntiquesTheGame/Content/Fergus/Textures/Fergus_Base_color.uasset" 177
"C:/Users/Fergus/Documents/AntiquesTheGame/AntiquesTheGame/Content/Fergus/Textures/Fergus_Base_color.uexp" 178
"C:/Users/Fergus/Documents/AntiquesTheGame/AntiquesTheGame/Content/Fergus/Textures/Fergus_Base_color.ubulk" 179
"C:/Users/Fergus/Documents/AntiquesTheGame/AntiquesTheGame/Content/Fergus/Textures/M_FionaHair.uasset" 180
"C:/Users/Fergus/Documents/AntiquesTheGame/AntiquesTheGame/Content/Fergus/Textures/M_FionaHair.uexp" 181
"C:/Users/Fergus/Documents/AntiquesTheGame/AntiquesTheGame/Content/Fergus/SM_MERGED_Fiona_NPC.uasset" 182
"C:/Users/Fergus/Documents/AntiquesTheGame/AntiquesTheGame/Content/Fergus/SM_MERGED_Fiona_NPC.uexp" 183
"C:/Users/Fergus/Documents/AntiquesTheGame/AntiquesTheGame/Content/Fergus/Character_02_Anim_Rig_CrowdWalk.uasset" 184
"C:/Users/Fergus/Documents/AntiquesTheGame/AntiquesTheGame/Content/Fergus/Character_02_Anim_Rig_CrowdWalk.uexp" 185
"C:/Users/Fergus/Documents/AntiquesTheGame/AntiquesTheGame/Content/Lee/BP_NPC.uasset" 186
"C:/Users/Fergus/Documents/AntiquesTheGame/AntiquesTheGame/Content/Lee/BP_NPC.uexp" 187
"C:/Users/Fergus/Documents/AntiquesTheGame/AntiquesTheGame/Content/Fergus/CameraSequencer/GameLive.uasset" 188
"C:/Users/Fergus/Documents/AntiquesTheGame/AntiquesTheGame/Content/Fergus/CameraSequencer/GameLive.uexp" 189
"C:/Users/Fergus/Documents/AntiquesTheGame/AntiquesTheGame/Content/Fergus/Meshes/Fergus_002.uasset" 190
"C:/Users/Fergus/Documents/AntiquesTheGame/AntiquesTheGame/Content/Fergus/Meshes/Fergus_002.uexp" 191
"C:/Users/Fergus/Documents/AntiquesTheGame/AntiquesTheGame/Content/Fergus/Meshes/FionaHair_Parts_001.uasset" 192
"C:/Users/Fergus/Documents/AntiquesTheGame/AntiquesTheGame/Content/Fergus/Meshes/FionaHair_Parts_001.uexp" 193
"C:/Users/Fergus/Documents/AntiquesTheGame/AntiquesTheGame/Content/Fergus/Meshes/Fergus_003.uasset" 194
"C:/Users/Fergus/Documents/AntiquesTheGame/AntiquesTheGame/Content/Fergus/Meshes/Fergus_003.uexp" 195
"C:/Users/Fergus/Documents/AntiquesTheGame/AntiquesTheGame/Content/Fergus/Meshes/FionaHair_Parts_003.uasset" 196
"C:/Users/Fergus/Documents/AntiquesTheGame/AntiquesTheGame/Content/Fergus/Meshes/FionaHair_Parts_003.uexp" 197
"C:/Users/Fergus/Documents/AntiquesTheGame/AntiquesTheGame/Content/Fergus/Meshes/FionaHair_Parts_004.uasset" 198
"C:/Users/Fergus/Documents/AntiquesTheGame/AntiquesTheGame/Content/Fergus/Meshes/FionaHair_Parts_004.uexp" 199
"C:/Users/Fergus/Documents/AntiquesTheGame/AntiquesTheGame/Content/Fergus/Meshes/tree_Skeleton.uasset" 200
"C:/Users/Fergus/Documents/AntiquesTheGame/AntiquesTheGame/Content/Fergus/Meshes/tree_Skeleton.uexp" 201
"C:/Users/Fergus/Documents/AntiquesTheGame/AntiquesTheGame/Content/Fergus/Meshes/tree_Anim_base_Sway.uasset" 202
"C:/Users/Fergus/Documents/AntiquesTheGame/AntiquesTheGame/Content/Fergus/Meshes/tree_Anim_base_Sway.uexp" 203
"C:/Users/Fergus/Documents/AntiquesTheGame/AntiquesTheGame/Content/Fergus/Textures/Char_2.uasset" 204
"C:/Users/Fergus/Documents/AntiquesTheGame/AntiquesTheGame/Content/Fergus/Textures/Char_2.uexp" 205
"C:/Users/Fergus/Documents/AntiquesTheGame/AntiquesTheGame/Content/Fergus/Textures/Char_2.ubulk" 206
"C:/Users/Fergus/Documents/AntiquesTheGame/AntiquesTheGame/Content/Fergus/Materials/M_Char_2.uasset" 207
"C:/Users/Fergus/Documents/AntiquesTheGame/AntiquesTheGame/Content/Fergus/Materials/M_Char_2.uexp" 208
"C:/Users/Fergus/Documents/AntiquesTheGame/AntiquesTheGame/Content/Fergus/Textures/Char_3.uasset" 209
"C:/Users/Fergus/Documents/AntiquesTheGame/AntiquesTheGame/Content/Fergus/Textures/Char_3.uexp" 210
"C:/Users/Fergus/Documents/AntiquesTheGame/AntiquesTheGame/Content/Fergus/Textures/Char_3.ubulk" 211
"C:/Users/Fergus/Documents/AntiquesTheGame/AntiquesTheGame/Content/Fergus/Materials/M_Char_3.uasset" 212
"C:/Users/Fergus/Documents/AntiquesTheGame/AntiquesTheGame/Content/Fergus/Materials/M_Char_3.uexp" 213
"C:/Users/Fergus/Documents/AntiquesTheGame/AntiquesTheGame/Content/Lee/arrow_1_.uasset" 214
"C:/Users/Fergus/Documents/AntiquesTheGame/AntiquesTheGame/Content/Lee/arrow_1_.uexp" 215
"C:/Users/Fergus/Documents/AntiquesTheGame/AntiquesTheGame/Content/Lee/BP_CrowdAIController.uasset" 216
"C:/Users/Fergus/Documents/AntiquesTheGame/AntiquesTheGame/Content/Lee/BP_CrowdAIController.uexp" 217
"C:/Users/Fergus/Documents/AntiquesTheGame/AntiquesTheGame/Content/Lee/BP_DetourCrowdAIController.uasset" 218
"C:/Users/Fergus/Documents/AntiquesTheGame/AntiquesTheGame/Content/Lee/BP_DetourCrowdAIController.uexp" 219
"C:/Users/Fergus/Documents/AntiquesTheGame/AntiquesTheGame/Content/Lee/DialogueManager.uasset" 220
"C:/Users/Fergus/Documents/AntiquesTheGame/AntiquesTheGame/Content/Lee/DialogueManager.uexp" 221
"C:/Users/Fergus/Documents/AntiquesTheGame/AntiquesTheGame/Content/Lee/DialogueStringTable.uasset" 222
"C:/Users/Fergus/Documents/AntiquesTheGame/AntiquesTheGame/Content/Lee/DialogueStringTable.uexp" 223
"C:/Users/Fergus/Documents/AntiquesTheGame/AntiquesTheGame/Content/Lee/skyMenu.uasset" 224
"C:/Users/Fergus/Documents/AntiquesTheGame/AntiquesTheGame/Content/Lee/skyMenu.uexp" 225
"C:/Users/Fergus/Documents/AntiquesTheGame/AntiquesTheGame/Content/Lee/T_Arrow.uasset" 226
"C:/Users/Fergus/Documents/AntiquesTheGame/AntiquesTheGame/Content/Lee/T_Arrow.uexp" 227
"../../../Engine/Content/ArtTools/RenderToTexture/Meshes/S_1_Unit_Plane.uasset" 228
"../../../Engine/Content/ArtTools/RenderToTexture/Meshes/S_1_Unit_Plane.uexp" 229
"../../../Engine/Content/EngineMaterials/DefaultMaterial.uasset" 230
"../../../Engine/Content/EngineMaterials/DefaultMaterial.uexp" 231
"../../../Engine/Content/BasicShapes/Cone.uasset" 232
"../../../Engine/Content/BasicShapes/Cone.uexp" 233
"../../../Engine/Content/EditorLandscapeResources/DataLayer.uasset" 234
"../../../Engine/Content/EditorLandscapeResources/DataLayer.uexp" 235
"../../../Engine/Content/EditorLandscapeResources/DefaultAlphaTexture.uasset" 236
"../../../Engine/Content/EditorLandscapeResources/DefaultAlphaTexture.uexp" 237
"../../../Engine/Content/EditorMaterials/MAT_Groups_Toggle.uasset" 238
"../../../Engine/Content/EditorMaterials/MAT_Groups_Toggle.uexp" 239
"../../../Engine/Content/EditorMaterials/MAT_Groups_Visibility.uasset" 240
"../../../Engine/Content/EditorMaterials/MAT_Groups_Visibility.uexp" 241
"../../../Engine/Content/EditorMaterials/PreviewShadowIndicator.uasset" 242
"../../../Engine/Content/EditorMaterials/PreviewShadowIndicator.uexp" 243
"../../../Engine/Content/EditorMaterials/PreviewShadowIndicator.ubulk" 244
"../../../Engine/Content/EditorMaterials/PreviewShadowIndicatorMaterial.uasset" 245
"../../../Engine/Content/EditorMaterials/PreviewShadowIndicatorMaterial.uexp" 246
"../../../Engine/Content/EditorMaterials/MatineeGroups/MAT_ColorTrack.uasset" 247
"../../../Engine/Content/EditorMaterials/MatineeGroups/MAT_ColorTrack.uexp" 248
"../../../Engine/Content/EditorMaterials/MatineeGroups/MAT_Groups_Anim.uasset" 249
"../../../Engine/Content/EditorMaterials/MatineeGroups/MAT_Groups_Anim.uexp" 250
"../../../Engine/Content/EditorMaterials/MatineeGroups/MAT_Groups_AudioMaster.uasset" 251
"../../../Engine/Content/EditorMaterials/MatineeGroups/MAT_Groups_AudioMaster.uexp" 252
"../../../Engine/Content/EditorMaterials/MatineeGroups/MAT_Groups_Director.uasset" 253
"../../../Engine/Content/EditorMaterials/MatineeGroups/MAT_Groups_Director.uexp" 254
"../../../Engine/Content/EditorMaterials/MatineeGroups/MAT_Groups_Event.uasset" 255
"../../../Engine/Content/EditorMaterials/MatineeGroups/MAT_Groups_Event.uexp" 256
"../../../Engine/Content/EditorMaterials/MatineeGroups/MAT_Groups_Fade.uasset" 257
"../../../Engine/Content/EditorMaterials/MatineeGroups/MAT_Groups_Fade.uexp" 258
"../../../Engine/Content/EditorMaterials/MatineeGroups/MAT_Groups_Float.uasset" 259
"../../../Engine/Content/EditorMaterials/MatineeGroups/MAT_Groups_Float.uexp" 260
"../../../Engine/Content/EditorMaterials/MatineeGroups/MAT_Groups_Move.uasset" 261
"../../../Engine/Content/EditorMaterials/MatineeGroups/MAT_Groups_Move.uexp" 262
"../../../Engine/Content/EditorMaterials/MatineeGroups/MAT_Groups_Slomo.uasset" 263
"../../../Engine/Content/EditorMaterials/MatineeGroups/MAT_Groups_Slomo.uexp" 264
"../../../Engine/Content/EditorMaterials/MatineeGroups/MAT_Groups_Sound.uasset" 265
"../../../Engine/Content/EditorMaterials/MatineeGroups/MAT_Groups_Sound.uexp" 266
"../../../Engine/Content/EditorMaterials/MatineeGroups/MAT_Groups_Vector.uasset" 267
"../../../Engine/Content/EditorMaterials/MatineeGroups/MAT_Groups_Vector.uexp" 268
"../../../Engine/Content/EditorMaterials/ParticleSystems/PSysThumbnail_NoImage.uasset" 269
"../../../Engine/Content/EditorMaterials/ParticleSystems/PSysThumbnail_NoImage.uexp" 270
"../../../Engine/Content/EditorMaterials/ParticleSystems/PSysThumbnail_NoImage.ubulk" 271
"../../../Engine/Content/EditorMaterials/ParticleSystems/PSysThumbnail_OOD.uasset" 272
"../../../Engine/Content/EditorMaterials/ParticleSystems/PSysThumbnail_OOD.uexp" 273
"../../../Engine/Content/EditorMaterials/ParticleSystems/PSysThumbnail_OOD.ubulk" 274
"../../../Engine/Content/EditorMaterials/Camera/CineMat.uasset" 275
"../../../Engine/Content/EditorMaterials/Camera/CineMat.uexp" 276
"../../../Engine/Content/EditorMaterials/Camera/MI_CineMat_Rig.uasset" 277
"../../../Engine/Content/EditorMaterials/Camera/MI_CineMat_Rig.uexp" 278
"../../../Engine/Content/EditorMeshes/Camera/SM_CraneRig_Arm.uasset" 279
"../../../Engine/Content/EditorMeshes/Camera/SM_CraneRig_Arm.uexp" 280
"../../../Engine/Content/EditorMeshes/Camera/SM_CraneRig_Base.uasset" 281
"../../../Engine/Content/EditorMeshes/Camera/SM_CraneRig_Base.uexp" 282
"../../../Engine/Content/EditorMeshes/Camera/SM_CraneRig_Body.uasset" 283
"../../../Engine/Content/EditorMeshes/Camera/SM_CraneRig_Body.uexp" 284
"../../../Engine/Content/EditorMeshes/Camera/SM_CraneRig_Mount.uasset" 285
"../../../Engine/Content/EditorMeshes/Camera/SM_CraneRig_Mount.uexp" 286
"../../../Engine/Content/EditorMeshes/Camera/SM_RailRig_Mount.uasset" 287
"../../../Engine/Content/EditorMeshes/Camera/SM_RailRig_Mount.uexp" 288
"../../../Engine/Content/EditorMeshes/Camera/SM_RailRig_Track.uasset" 289
"../../../Engine/Content/EditorMeshes/Camera/SM_RailRig_Track.uexp" 290
"../../../Engine/Content/EditorResources/BSPVertex.uasset" 291
"../../../Engine/Content/EditorResources/BSPVertex.uexp" 292
"../../../Engine/Content/EditorResources/EmptyActor.uasset" 293
"../../../Engine/Content/EditorResources/EmptyActor.uexp" 294
"../../../Engine/Content/EditorResources/S_Actor.uasset" 295
"../../../Engine/Content/EditorResources/S_Actor.uexp" 296
"../../../Engine/Content/EditorResources/S_Actor.ubulk" 297
"../../../Engine/Content/EditorResources/S_Note.uasset" 298
"../../../Engine/Content/EditorResources/S_Note.uexp" 299
"../../../Engine/Content/EditorResources/S_Note.ubulk" 300
"../../../Engine/Content/EditorResources/S_Solver.uasset" 301
"../../../Engine/Content/EditorResources/S_Solver.uexp" 302
"../../../Engine/Content/EditorResources/S_Solver.ubulk" 303
"../../../Engine/Content/EditorResources/S_Terrain.uasset" 304
"../../../Engine/Content/EditorResources/S_Terrain.uexp" 305
"../../../Engine/Content/EditorResources/S_Terrain.ubulk" 306
"../../../Engine/Content/EditorResources/S_Trigger.uasset" 307
"../../../Engine/Content/EditorResources/S_Trigger.uexp" 308
"../../../Engine/Content/EditorResources/S_Trigger.ubulk" 309
"../../../Engine/Content/EditorResources/AudioIcons/S_AudioComponent_AutoActivate.uasset" 310
"../../../Engine/Content/EditorResources/AudioIcons/S_AudioComponent_AutoActivate.uexp" 311
"../../../Engine/Content/EditorResources/AudioIcons/S_AudioComponent_AutoActivate.ubulk" 312
"../../../Engine/Content/EditorResources/LightIcons/S_LightError.uasset" 313
"../../../Engine/Content/EditorResources/LightIcons/S_LightError.uexp" 314
"../../../Engine/Content/EditorResources/SequenceRecorder/Countdown.uasset" 315
"../../../Engine/Content/EditorResources/SequenceRecorder/Countdown.uexp" 316
"../../../Engine/Content/EditorResources/SequenceRecorder/RecordingIndicator.uasset" 317
"../../../Engine/Content/EditorResources/SequenceRecorder/RecordingIndicator.uexp" 318
"../../../Engine/Content/EngineDamageTypes/DmgTypeBP_Environmental.uasset" 319
"../../../Engine/Content/EngineDamageTypes/DmgTypeBP_Environmental.uexp" 320
"../../../Engine/Content/EngineDebugMaterials/DebugEditorMaterial.uasset" 321
"../../../Engine/Content/EngineDebugMaterials/DebugEditorMaterial.uexp" 322
"../../../Engine/Content/EngineDebugMaterials/DebugMeshMaterial.uasset" 323
"../../../Engine/Content/EngineDebugMaterials/DebugMeshMaterial.uexp" 324
"../../../Engine/Content/EngineDebugMaterials/M_SimpleUnlitTranslucent.uasset" 325
"../../../Engine/Content/EngineDebugMaterials/M_SimpleUnlitTranslucent.uexp" 326
"../../../Engine/Content/EngineDebugMaterials/VolumeToRender.uasset" 327
"../../../Engine/Content/EngineDebugMaterials/VolumeToRender.uexp" 328
"../../../Engine/Content/Functions/Engine_MaterialFunctions02/Utility/CameraDirectionVector.uasset" 329
"../../../Engine/Content/Functions/Engine_MaterialFunctions02/Utility/CameraDirectionVector.uexp" 330
"../../../Engine/Content/EngineDebugMaterials/M_VolumeRenderSphereTracePP.uasset" 331
"../../../Engine/Content/EngineDebugMaterials/M_VolumeRenderSphereTracePP.uexp" 332
"../../../Engine/Content/Functions/Engine_MaterialFunctions01/Shading/ConvertFromDiffSpec.uasset" 333
"../../../Engine/Content/Functions/Engine_MaterialFunctions01/Shading/ConvertFromDiffSpec.uexp" 334
"../../../Engine/Content/EngineDebugMaterials/VertexColorMaterial.uasset" 335
"../../../Engine/Content/EngineDebugMaterials/VertexColorMaterial.uexp" 336
"../../../Engine/Content/EngineDebugMaterials/WireframeMaterial.uasset" 337
"../../../Engine/Content/EngineDebugMaterials/WireframeMaterial.uexp" 338
"../../../Engine/Content/EngineFonts/Faces/RobotoRegular.uasset" 339
"../../../Engine/Content/EngineFonts/Faces/RobotoRegular.uexp" 340
"../../../Engine/Content/EngineFonts/Faces/RobotoRegular.ufont" 341
"../../../Engine/Content/EngineFonts/Faces/RobotoLight.uasset" 342
"../../../Engine/Content/EngineFonts/Faces/RobotoLight.uexp" 343
"../../../Engine/Content/EngineFonts/Faces/RobotoLight.ufont" 344
"../../../Engine/Content/EngineFonts/Faces/RobotoItalic.uasset" 345
"../../../Engine/Content/EngineFonts/Faces/RobotoItalic.uexp" 346
"../../../Engine/Content/EngineFonts/Faces/RobotoItalic.ufont" 347
"../../../Engine/Content/EngineFonts/Faces/RobotoBoldItalic.uasset" 348
"../../../Engine/Content/EngineFonts/Faces/RobotoBoldItalic.uexp" 349
"../../../Engine/Content/EngineFonts/Faces/RobotoBoldItalic.ufont" 350
"../../../Engine/Content/EngineFonts/Faces/RobotoBold.uasset" 351
"../../../Engine/Content/EngineFonts/Faces/RobotoBold.uexp" 352
"../../../Engine/Content/EngineFonts/Faces/RobotoBold.ufont" 353
"../../../Engine/Content/EngineFonts/Faces/DroidSansFallback.uasset" 354
"../../../Engine/Content/EngineFonts/Faces/DroidSansFallback.uexp" 355
"../../../Engine/Content/EngineFonts/Faces/DroidSansFallback.ufont" 356
"../../../Engine/Content/EngineFonts/Roboto.uasset" 357
"../../../Engine/Content/EngineFonts/Roboto.uexp" 358
"../../../Engine/Content/EngineMaterials/BaseFlattenNormalMap.uasset" 359
"../../../Engine/Content/EngineMaterials/BaseFlattenNormalMap.uexp" 360
"../../../Engine/Content/EngineMaterials/BaseFlattenGrayscaleMap.uasset" 361
"../../../Engine/Content/EngineMaterials/BaseFlattenGrayscaleMap.uexp" 362
"../../../Engine/Content/EngineMaterials/BaseFlattenEmissiveMap.uasset" 363
"../../../Engine/Content/EngineMaterials/BaseFlattenEmissiveMap.uexp" 364
"../../../Engine/Content/EngineMaterials/BaseFlattenDiffuseMap.uasset" 365
"../../../Engine/Content/EngineMaterials/BaseFlattenDiffuseMap.uexp" 366
"../../../Engine/Content/EngineMaterials/BaseFlattenMaterial.uasset" 367
"../../../Engine/Content/EngineMaterials/BaseFlattenMaterial.uexp" 368
"../../../Engine/Content/EngineMaterials/BlueNoise.uasset" 369
"../../../Engine/Content/EngineMaterials/BlueNoise.uexp" 370
"../../../Engine/Content/EngineMaterials/DefaultBloomKernel.uasset" 371
"../../../Engine/Content/EngineMaterials/DefaultBloomKernel.uexp" 372
"../../../Engine/Content/EngineMaterials/DefaultBokeh.uasset" 373
"../../../Engine/Content/EngineMaterials/DefaultBokeh.uexp" 374
"../../../Engine/Content/EngineMaterials/DefaultDiffuse.uasset" 375
"../../../Engine/Content/EngineMaterials/DefaultDiffuse.uexp" 376
"../../../Engine/Content/EngineMaterials/DefaultDiffuse.ubulk" 377
"../../../Engine/Content/EngineMaterials/DefaultDeferredDecalMaterial.uasset" 378
"../../../Engine/Content/EngineMaterials/DefaultDeferredDecalMaterial.uexp" 379
"../../../Engine/Content/EngineMaterials/DefaultLightFunctionMaterial.uasset" 380
"../../../Engine/Content/EngineMaterials/DefaultLightFunctionMaterial.uexp" 381
"../../../Engine/Content/Functions/Engine_MaterialFunctions02/Utility/BreakOutFloat2Components.uasset" 382
"../../../Engine/Content/Functions/Engine_MaterialFunctions02/Utility/BreakOutFloat2Components.uexp" 383
"../../../Engine/Content/EngineMaterials/DefaultPostProcessMaterial.uasset" 384
"../../../Engine/Content/EngineMaterials/DefaultPostProcessMaterial.uexp" 385
"../../../Engine/Content/EngineFonts/RobotoDistanceField.uasset" 386
"../../../Engine/Content/EngineFonts/RobotoDistanceField.uexp" 387
"../../../Engine/Content/EngineMaterials/DefaultTextMaterialOpaque.uasset" 388
"../../../Engine/Content/EngineMaterials/DefaultTextMaterialOpaque.uexp" 389
"../../../Engine/Content/EngineMaterials/DefaultWhiteGrid.uasset" 390
"../../../Engine/Content/EngineMaterials/DefaultWhiteGrid.uexp" 391
"../../../Engine/Content/EngineMaterials/DefaultWhiteGrid.ubulk" 392
"../../../Engine/Content/EngineMaterials/DefaultWhiteGrid_Low.uasset" 393
"../../../Engine/Content/EngineMaterials/DefaultWhiteGrid_Low.uexp" 394
"../../../Engine/Content/EngineMaterials/EmissiveMeshMaterial.uasset" 395
"../../../Engine/Content/EngineMaterials/EmissiveMeshMaterial.uexp" 396
"../../../Engine/Content/EngineMaterials/GizmoMaterial.uasset" 397
"../../../Engine/Content/EngineMaterials/GizmoMaterial.uexp" 398
"../../../Engine/Content/EngineMaterials/Good64x64TilingNoiseHighFreq.uasset" 399
"../../../Engine/Content/EngineMaterials/Good64x64TilingNoiseHighFreq.uexp" 400
"../../../Engine/Content/EngineMaterials/MiniFont.uasset" 401
"../../../Engine/Content/EngineMaterials/MiniFont.uexp" 402
"../../../Engine/Content/EngineMaterials/InvalidLightmapSettings.uasset" 403
"../../../Engine/Content/EngineMaterials/InvalidLightmapSettings.uexp" 404
"../../../Engine/Content/EngineMaterials/InvalidLightmapSettings.ubulk" 405
"../../../Engine/Content/EngineMaterials/M_InvalidLightmapSettings.uasset" 406
"../../../Engine/Content/EngineMaterials/M_InvalidLightmapSettings.uexp" 407
"../../../Engine/Content/Functions/Engine_MaterialFunctions02/WorldPositionOffset/CameraOffset.uasset" 408
"../../../Engine/Content/Functions/Engine_MaterialFunctions02/WorldPositionOffset/CameraOffset.uexp" 409
"../../../Engine/Content/EngineMaterials/PhAT_JointLimitMaterial.uasset" 410
"../../../Engine/Content/EngineMaterials/PhAT_JointLimitMaterial.uexp" 411
"../../../Engine/Content/EngineMaterials/DefaultCalibrationColor.uasset" 412
"../../../Engine/Content/EngineMaterials/DefaultCalibrationColor.uexp" 413
"../../../Engine/Content/EngineMaterials/PPM_DefaultCalibrationColor.uasset" 414
"../../../Engine/Content/EngineMaterials/PPM_DefaultCalibrationColor.uexp" 415
"../../../Engine/Content/EngineMaterials/DefaultCalibrationGrayscale.uasset" 416
"../../../Engine/Content/EngineMaterials/DefaultCalibrationGrayscale.uexp" 417
"../../../Engine/Content/EngineMaterials/PPM_DefaultCalibrationGrayscale.uasset" 418
"../../../Engine/Content/EngineMaterials/PPM_DefaultCalibrationGrayscale.uexp" 419
"../../../Engine/Content/EngineMaterials/PreintegratedSkinBRDF.uasset" 420
"../../../Engine/Content/EngineMaterials/PreintegratedSkinBRDF.uexp" 421
"../../../Engine/Content/EngineMaterials/RemoveSurfaceMaterial.uasset" 422
"../../../Engine/Content/EngineMaterials/RemoveSurfaceMaterial.uexp" 423
"../../../Engine/Content/EngineMaterials/WeightMapPlaceholderTexture.uasset" 424
"../../../Engine/Content/EngineMaterials/WeightMapPlaceholderTexture.uexp" 425
"../../../Engine/Content/EngineResources/WhiteSquareTexture.uasset" 426
"../../../Engine/Content/EngineResources/WhiteSquareTexture.uexp" 427
"../../../Engine/Content/EngineMaterials/Widget3DPassThrough.uasset" 428
"../../../Engine/Content/EngineMaterials/Widget3DPassThrough.uexp" 429
"../../../Engine/Content/EngineMaterials/Widget3DPassThrough_Masked.uasset" 430
"../../../Engine/Content/EngineMaterials/Widget3DPassThrough_Masked.uexp" 431
"../../../Engine/Content/EngineMaterials/Widget3DPassThrough_Opaque.uasset" 432
"../../../Engine/Content/EngineMaterials/Widget3DPassThrough_Opaque.uexp" 433
"../../../Engine/Content/EngineMaterials/Widget3DPassThrough_Masked_OneSided.uasset" 434
"../../../Engine/Content/EngineMaterials/Widget3DPassThrough_Masked_OneSided.uexp" 435
"../../../Engine/Content/EngineMaterials/Widget3DPassThrough_Opaque_OneSided.uasset" 436
"../../../Engine/Content/EngineMaterials/Widget3DPassThrough_Opaque_OneSided.uexp" 437
"../../../Engine/Content/EngineMaterials/Widget3DPassThrough_Translucent.uasset" 438
"../../../Engine/Content/EngineMaterials/Widget3DPassThrough_Translucent.uexp" 439
"../../../Engine/Content/EngineMaterials/Widget3DPassThrough_Translucent_OneSided.uasset" 440
"../../../Engine/Content/EngineMaterials/Widget3DPassThrough_Translucent_OneSided.uexp" 441
"../../../Engine/Content/EngineMeshes/Cylinder.uasset" 442
"../../../Engine/Content/EngineMeshes/Cylinder.uexp" 443
"../../../Engine/Content/EngineMeshes/Sphere.uasset" 444
"../../../Engine/Content/EngineMeshes/Sphere.uexp" 445
"../../../Engine/Content/EngineResources/DefaultTexture.uasset" 446
"../../../Engine/Content/EngineResources/DefaultTexture.uexp" 447
"../../../Engine/Content/EngineResources/DefaultTexture.ubulk" 448
"../../../Engine/Content/EngineResources/DefaultTextureCube.uasset" 449
"../../../Engine/Content/EngineResources/DefaultTextureCube.uexp" 450
"../../../Engine/Content/EngineResources/DefaultVolumeTexture2D.uasset" 451
"../../../Engine/Content/EngineResources/DefaultVolumeTexture2D.uexp" 452
"../../../Engine/Content/EngineResources/DefaultVolumeTexture.uasset" 453
"../../../Engine/Content/EngineResources/DefaultVolumeTexture.uexp" 454
"../../../Engine/Content/EngineResources/GradientTexture0.uasset" 455
"../../../Engine/Content/EngineResources/GradientTexture0.uexp" 456
"../../../Engine/Content/EngineSky/VolumetricClouds/T_NoiseShape64.uasset" 457
"../../../Engine/Content/EngineSky/VolumetricClouds/T_NoiseShape64.uexp" 458
"../../../Engine/Content/EngineSky/VolumetricClouds/T_NoiseShape64.ubulk" 459
"../../../Engine/Content/EngineSky/VolumetricClouds/T_VolumeNoiseShape64.uasset" 460
"../../../Engine/Content/EngineSky/VolumetricClouds/T_VolumeNoiseShape64.uexp" 461
"../../../Engine/Content/EngineSky/VolumetricClouds/T_NoiseErosion.uasset" 462
"../../../Engine/Content/EngineSky/VolumetricClouds/T_NoiseErosion.uexp" 463
"../../../Engine/Content/EngineSky/VolumetricClouds/T_NoiseErosion.ubulk" 464
"../../../Engine/Content/EngineSky/VolumetricClouds/T_VolumeNoiseErosion32.uasset" 465
"../../../Engine/Content/EngineSky/VolumetricClouds/T_VolumeNoiseErosion32.uexp" 466
"../../../Engine/Content/EngineSky/VolumetricClouds/CloudWeatherTexture.uasset" 467
"../../../Engine/Content/EngineSky/VolumetricClouds/CloudWeatherTexture.uexp" 468
"../../../Engine/Content/EngineSky/VolumetricClouds/CloudGradientTexture.uasset" 469
"../../../Engine/Content/EngineSky/VolumetricClouds/CloudGradientTexture.uexp" 470
"../../../Engine/Content/Functions/Engine_MaterialFunctions02/Utility/MakeFloat2.uasset" 471
"../../../Engine/Content/Functions/Engine_MaterialFunctions02/Utility/MakeFloat2.uexp" 472
"../../../Engine/Content/EngineSky/VolumetricClouds/m_SimpleVolumetricCloud.uasset" 473
"../../../Engine/Content/EngineSky/VolumetricClouds/m_SimpleVolumetricCloud.uexp" 474
"../../../Engine/Content/EngineSky/VolumetricClouds/m_SimpleVolumetricCloud_Inst.uasset" 475
"../../../Engine/Content/EngineSky/VolumetricClouds/m_SimpleVolumetricCloud_Inst.uexp" 476
"../../../Engine/Content/EngineSounds/Master.uasset" 477
"../../../Engine/Content/EngineSounds/Master.uexp" 478
"../../../Engine/Content/Functions/Engine_MaterialFunctions01/Shading/PowerToRoughness.uasset" 479
"../../../Engine/Content/Functions/Engine_MaterialFunctions01/Shading/PowerToRoughness.uexp" 480
"../../../Engine/Content/Maps/Templates/Thumbnails/Default.uasset" 481
"../../../Engine/Content/Maps/Templates/Thumbnails/Default.uexp" 482
"../../../Engine/Content/Maps/Templates/Thumbnails/TimeOfDay.uasset" 483
"../../../Engine/Content/Maps/Templates/Thumbnails/TimeOfDay.uexp" 484
"../../../Engine/Content/Maps/Templates/Thumbnails/VR-Basic.uasset" 485
"../../../Engine/Content/Maps/Templates/Thumbnails/VR-Basic.uexp" 486
"../../../Engine/Content/MobileResources/T_MobileControls_texture.uasset" 487
"../../../Engine/Content/MobileResources/T_MobileControls_texture.uexp" 488
"../../../Engine/Content/MobileResources/T_MobileMenu2.uasset" 489
"../../../Engine/Content/MobileResources/T_MobileMenu2.uexp" 490
"../../../Engine/Content/MobileResources/HUD/AnalogHat.uasset" 491
"../../../Engine/Content/MobileResources/HUD/AnalogHat.uexp" 492
"../../../Engine/Content/MobileResources/HUD/VirtualJoystick_Thumb.uasset" 493
"../../../Engine/Content/MobileResources/HUD/VirtualJoystick_Thumb.uexp" 494
"../../../Engine/Content/MobileResources/HUD/VirtualJoystick_Background.uasset" 495
"../../../Engine/Content/MobileResources/HUD/VirtualJoystick_Background.uexp" 496
"../../../Engine/Content/MobileResources/HUD/DefaultVirtualJoysticks.uasset" 497
"../../../Engine/Content/MobileResources/HUD/DefaultVirtualJoysticks.uexp" 498
"../../../Engine/Content/MobileResources/HUD/LeftVirtualJoystickOnly.uasset" 499
"../../../Engine/Content/MobileResources/HUD/LeftVirtualJoystickOnly.uexp" 500
"../../../Engine/Content/MobileResources/HUD/MobileHUDButton1_off.uasset" 501
"../../../Engine/Content/MobileResources/HUD/MobileHUDButton1_off.uexp" 502
"../../../Engine/Content/MobileResources/HUD/MobileHUDButton1_on.uasset" 503
"../../../Engine/Content/MobileResources/HUD/MobileHUDButton1_on.uexp" 504
"../../../Engine/Content/MobileResources/HUD/MobileHUDButton2_off.uasset" 505
"../../../Engine/Content/MobileResources/HUD/MobileHUDButton2_off.uexp" 506
"../../../Engine/Content/MobileResources/HUD/MobileHUDButton2_on.uasset" 507
"../../../Engine/Content/MobileResources/HUD/MobileHUDButton2_on.uexp" 508
"../../../Engine/Content/MobileResources/HUD/MobileHUDButton3.uasset" 509
"../../../Engine/Content/MobileResources/HUD/MobileHUDButton3.uexp" 510
"../../../Engine/Content/MobileResources/HUD/MobileHUDButtonFire.uasset" 511
"../../../Engine/Content/MobileResources/HUD/MobileHUDButtonFire.uexp" 512
"../../../Engine/Content/MobileResources/HUD/MobileHUDDirectionPad.uasset" 513
"../../../Engine/Content/MobileResources/HUD/MobileHUDDirectionPad.uexp" 514
"../../../Engine/Content/MobileResources/HUD/MobileHUDDirectionPad2.uasset" 515
"../../../Engine/Content/MobileResources/HUD/MobileHUDDirectionPad2.uexp" 516
"../../../Engine/Content/MobileResources/HUD/MobileHUDDirectionPad3.uasset" 517
"../../../Engine/Content/MobileResources/HUD/MobileHUDDirectionPad3.uexp" 518
"../../../Engine/Content/MobileResources/HUD/MobileHUDDirectionStick.uasset" 519
"../../../Engine/Content/MobileResources/HUD/MobileHUDDirectionStick.uexp" 520
"../../../Engine/Content/MobileResources/HUD/T_Castle_ThumbstickInner.uasset" 521
"../../../Engine/Content/MobileResources/HUD/T_Castle_ThumbstickInner.uexp" 522
"../../../Engine/Content/MobileResources/HUD/T_Castle_ThumbstickOutter.uasset" 523
"../../../Engine/Content/MobileResources/HUD/T_Castle_ThumbstickOutter.uexp" 524
"../../../Engine/Content/Tutorial/ContentIntroCurve.uasset" 525
"../../../Engine/Content/Tutorial/ContentIntroCurve.uexp" 526
"../../../Engine/Content/VREditor/TransformGizmo/TranslucentTransformGizmoMaterial.uasset" 527
"../../../Engine/Content/VREditor/TransformGizmo/TranslucentTransformGizmoMaterial.uexp" 528
"../../../Engine/Content/VREditor/LaserPointer/VR_LaserPower_01.uasset" 529
"../../../Engine/Content/VREditor/LaserPointer/VR_LaserPower_01.uexp" 530
"../../../Engine/Content/VREditor/LaserPointer/VR_LaserPower_01.ubulk" 531
"../../../Engine/Content/VREditor/TransformGizmo/TransformGizmoMaterial.uasset" 532
"../../../Engine/Content/VREditor/TransformGizmo/TransformGizmoMaterial.uexp" 533
"../../../Engine/Content/VREditor/TransformGizmo/BoundingBoxCorner.uasset" 534
"../../../Engine/Content/VREditor/TransformGizmo/BoundingBoxCorner.uexp" 535
"../../../Engine/Content/VREditor/TransformGizmo/BoundingBoxEdge.uasset" 536
"../../../Engine/Content/VREditor/TransformGizmo/BoundingBoxEdge.uexp" 537
"../../../Engine/Content/VREditor/TransformGizmo/PlaneTranslationHandle.uasset" 538
"../../../Engine/Content/VREditor/TransformGizmo/PlaneTranslationHandle.uexp" 539
"../../../Engine/Content/VREditor/TransformGizmo/Xray.uasset" 540
"../../../Engine/Content/VREditor/TransformGizmo/Xray.uexp" 541
"../../../Engine/Content/VREditor/TransformGizmo/Main.uasset" 542
"../../../Engine/Content/VREditor/TransformGizmo/Main.uexp" 543
"../../../Engine/Content/VREditor/TransformGizmo/SM_Sequencer_Key.uasset" 544
"../../../Engine/Content/VREditor/TransformGizmo/SM_Sequencer_Key.uexp" 545
"../../../Engine/Content/VREditor/TransformGizmo/SM_Sequencer_Node.uasset" 546
"../../../Engine/Content/VREditor/TransformGizmo/SM_Sequencer_Node.uexp" 547
"../../../Engine/Plugins/2D/Paper2D/Content/PlaceholderTextures/DummySpriteTexture.uasset" 548
"../../../Engine/Plugins/2D/Paper2D/Content/PlaceholderTextures/DummySpriteTexture.uexp" 549
"../../../Engine/Plugins/2D/Paper2D/Content/PlaceholderTextures/DummySpriteTexture.ubulk" 550
"../../../Engine/Plugins/2D/Paper2D/Content/DummySprite.uasset" 551
"../../../Engine/Plugins/2D/Paper2D/Content/DummySprite.uexp" 552
"../../../Engine/Plugins/2D/Paper2D/Content/DefaultPaperTerrainMaterial.uasset" 553
"../../../Engine/Plugins/2D/Paper2D/Content/DefaultPaperTerrainMaterial.uexp" 554
"../../../Engine/Plugins/2D/Paper2D/Content/DefaultSpriteMaterial.uasset" 555
"../../../Engine/Plugins/2D/Paper2D/Content/DefaultSpriteMaterial.uexp" 556
"../../../Engine/Plugins/2D/Paper2D/Content/MaskedUnlitSpriteMaterial.uasset" 557
"../../../Engine/Plugins/2D/Paper2D/Content/MaskedUnlitSpriteMaterial.uexp" 558
"../../../Engine/Plugins/2D/Paper2D/Content/OpaqueUnlitSpriteMaterial.uasset" 559
"../../../Engine/Plugins/2D/Paper2D/Content/OpaqueUnlitSpriteMaterial.uexp" 560
"../../../Engine/Content/Functions/Engine_MaterialFunctions02/Utility/BreakOutFloat3Components.uasset" 561
"../../../Engine/Content/Functions/Engine_MaterialFunctions02/Utility/BreakOutFloat3Components.uexp" 562
"../../../Engine/Plugins/Editor/SpeedTreeImporter/Content/SpeedTree9/UnpackInteger3.uasset" 563
"../../../Engine/Plugins/Editor/SpeedTreeImporter/Content/SpeedTree9/UnpackInteger3.uexp" 564
"../../../Engine/Plugins/Editor/SpeedTreeImporter/Content/SpeedTree9/UnpackDirection.uasset" 565
"../../../Engine/Plugins/Editor/SpeedTreeImporter/Content/SpeedTree9/UnpackDirection.uexp" 566
"../../../Engine/Plugins/Editor/SpeedTreeImporter/Content/SpeedTree9/game_wind_noise.uasset" 567
"../../../Engine/Plugins/Editor/SpeedTreeImporter/Content/SpeedTree9/game_wind_noise.uexp" 568
"../../../Engine/Plugins/Editor/SpeedTreeImporter/Content/SpeedTree9/game_wind_noise.ubulk" 569
"../../../Engine/Content/Functions/Engine_MaterialFunctions02/SafeNormalize.uasset" 570
"../../../Engine/Content/Functions/Engine_MaterialFunctions02/SafeNormalize.uexp" 571
"../../../Engine/Plugins/Editor/SpeedTreeImporter/Content/SpeedTree9/SpeedTreeWindMotion.uasset" 572
"../../../Engine/Plugins/Editor/SpeedTreeImporter/Content/SpeedTree9/SpeedTreeWindMotion.uexp" 573
"../../../Engine/Plugins/Editor/SpeedTreeImporter/Content/SpeedTree9/SpeedTreeBranchMotion.uasset" 574
"../../../Engine/Plugins/Editor/SpeedTreeImporter/Content/SpeedTree9/SpeedTreeBranchMotion.uexp" 575
"../../../Engine/Content/Functions/Engine_MaterialFunctions02/ObjectLocalBounds.uasset" 576
"../../../Engine/Content/Functions/Engine_MaterialFunctions02/ObjectLocalBounds.uexp" 577
"../../../Engine/Content/Functions/Engine_MaterialFunctions02/UVs/BoundingBoxBased_0-1_UVW.uasset" 578
"../../../Engine/Content/Functions/Engine_MaterialFunctions02/UVs/BoundingBoxBased_0-1_UVW.uexp" 579
"../../../Engine/Content/Functions/Engine_MaterialFunctions02/Utility/VectorLength.uasset" 580
"../../../Engine/Content/Functions/Engine_MaterialFunctions02/Utility/VectorLength.uexp" 581
"../../../Engine/Content/Functions/Engine_MaterialFunctions02/WorldPositionOffset/ObjectScale.uasset" 582
"../../../Engine/Content/Functions/Engine_MaterialFunctions02/WorldPositionOffset/ObjectScale.uexp" 583
"../../../Engine/Plugins/Editor/SpeedTreeImporter/Content/SpeedTree9/SpeedTreeWind.uasset" 584
"../../../Engine/Plugins/Editor/SpeedTreeImporter/Content/SpeedTree9/SpeedTreeWind.uexp" 585
"../../../Engine/Plugins/Editor/SpeedTreeImporter/Content/SpeedTree9/SpeedTreeBillboard.uasset" 586
"../../../Engine/Plugins/Editor/SpeedTreeImporter/Content/SpeedTree9/SpeedTreeBillboard.uexp" 587
"../../../Engine/Plugins/Editor/SpeedTreeImporter/Content/SpeedTree9/EmptyNormal.uasset" 588
"../../../Engine/Plugins/Editor/SpeedTreeImporter/Content/SpeedTree9/EmptyNormal.uexp" 589
"../../../Engine/Plugins/Editor/SpeedTreeImporter/Content/SpeedTree9/Empty.uasset" 590
"../../../Engine/Plugins/Editor/SpeedTreeImporter/Content/SpeedTree9/Empty.uexp" 591
"../../../Engine/Plugins/Editor/SpeedTreeImporter/Content/SpeedTree9/SpeedTreeBillboardMaster.uasset" 592
"../../../Engine/Plugins/Editor/SpeedTreeImporter/Content/SpeedTree9/SpeedTreeBillboardMaster.uexp" 593
"../../../Engine/Plugins/Editor/SpeedTreeImporter/Content/SpeedTree9/SpeedTreeCameraFacing.uasset" 594
"../../../Engine/Plugins/Editor/SpeedTreeImporter/Content/SpeedTree9/SpeedTreeCameraFacing.uexp" 595
"../../../Engine/Plugins/Editor/SpeedTreeImporter/Content/SpeedTree9/SpeedTreeMaster.uasset" 596
"../../../Engine/Plugins/Editor/SpeedTreeImporter/Content/SpeedTree9/SpeedTreeMaster.uexp" 597
"../../../Engine/Content/BasicShapes/Cylinder.uasset" 598
"../../../Engine/Content/BasicShapes/Cylinder.uexp" 599
"../../../Engine/Content/ArtTools/RenderToTexture/Materials/Debug/M_Emissive_Color.uasset" 600
"../../../Engine/Content/ArtTools/RenderToTexture/Materials/Debug/M_Emissive_Color.uexp" 601
"../../../Engine/Plugins/Lumin/MagicLeapPassableWorld/Content/MagicLeapARPinInfoActor.uasset" 602
"../../../Engine/Plugins/Lumin/MagicLeapPassableWorld/Content/MagicLeapARPinInfoActor.uexp" 603
"../../../Engine/Plugins/Runtime/OpenXR/Content/Devices/GoogleDaydream/MRTexture.uasset" 604
"../../../Engine/Plugins/Runtime/OpenXR/Content/Devices/GoogleDaydream/MRTexture.uexp" 605
"../../../Engine/Plugins/Runtime/OpenXR/Content/Devices/GoogleDaydream/MRTexture.ubulk" 606
"../../../Engine/Plugins/Runtime/OpenXR/Content/Devices/GoogleDaydream/BaseTexture.uasset" 607
"../../../Engine/Plugins/Runtime/OpenXR/Content/Devices/GoogleDaydream/BaseTexture.uexp" 608
"../../../Engine/Plugins/Runtime/OpenXR/Content/Devices/GoogleDaydream/BaseTexture.ubulk" 609
"../../../Engine/Content/EngineResources/Black.uasset" 610
"../../../Engine/Content/EngineResources/Black.uexp" 611
"../../../Engine/Plugins/Runtime/OpenXR/Content/Devices/M_XRController.uasset" 612
"../../../Engine/Plugins/Runtime/OpenXR/Content/Devices/M_XRController.uexp" 613
"../../../Engine/Plugins/Runtime/OpenXR/Content/Devices/GoogleDaydream/MI_GoogleDaydream.uasset" 614
"../../../Engine/Plugins/Runtime/OpenXR/Content/Devices/GoogleDaydream/MI_GoogleDaydream.uexp" 615
"../../../Engine/Plugins/Runtime/OpenXR/Content/Devices/GoogleDaydream/GoogleDaydreamController.uasset" 616
"../../../Engine/Plugins/Runtime/OpenXR/Content/Devices/GoogleDaydream/GoogleDaydreamController.uexp" 617
"../../../Engine/Plugins/Runtime/OpenXR/Content/Devices/HTCVive/BaseTexture.uasset" 618
"../../../Engine/Plugins/Runtime/OpenXR/Content/Devices/HTCVive/BaseTexture.uexp" 619
"../../../Engine/Plugins/Runtime/OpenXR/Content/Devices/HTCVive/BaseTexture.ubulk" 620
"../../../Engine/Plugins/Runtime/OpenXR/Content/Devices/HTCVive/MI_HTCVive.uasset" 621
"../../../Engine/Plugins/Runtime/OpenXR/Content/Devices/HTCVive/MI_HTCVive.uexp" 622
"../../../Engine/Plugins/Runtime/OpenXR/Content/Devices/HTCVive/HTCViveController.uasset" 623
"../../../Engine/Plugins/Runtime/OpenXR/Content/Devices/HTCVive/HTCViveController.uexp" 624
"../../../Engine/Plugins/Runtime/OpenXR/Content/Devices/MicrosoftMixedReality/NormalTexture.uasset" 625
"../../../Engine/Plugins/Runtime/OpenXR/Content/Devices/MicrosoftMixedReality/NormalTexture.uexp" 626
"../../../Engine/Plugins/Runtime/OpenXR/Content/Devices/MicrosoftMixedReality/NormalTexture.ubulk" 627
"../../../Engine/Plugins/Runtime/OpenXR/Content/Devices/MicrosoftMixedReality/MRTexture.uasset" 628
"../../../Engine/Plugins/Runtime/OpenXR/Content/Devices/MicrosoftMixedReality/MRTexture.uexp" 629
"../../../Engine/Plugins/Runtime/OpenXR/Content/Devices/MicrosoftMixedReality/MRTexture.ubulk" 630
"../../../Engine/Plugins/Runtime/OpenXR/Content/Devices/MicrosoftMixedReality/EmissiveTexture.uasset" 631
"../../../Engine/Plugins/Runtime/OpenXR/Content/Devices/MicrosoftMixedReality/EmissiveTexture.uexp" 632
"../../../Engine/Plugins/Runtime/OpenXR/Content/Devices/MicrosoftMixedReality/EmissiveTexture.ubulk" 633
"../../../Engine/Plugins/Runtime/OpenXR/Content/Devices/MicrosoftMixedReality/BaseTexture.uasset" 634
"../../../Engine/Plugins/Runtime/OpenXR/Content/Devices/MicrosoftMixedReality/BaseTexture.uexp" 635
"../../../Engine/Plugins/Runtime/OpenXR/Content/Devices/MicrosoftMixedReality/BaseTexture.ubulk" 636
"../../../Engine/Plugins/Runtime/OpenXR/Content/Devices/MicrosoftMixedReality/MI_MicrosoftMixedReality.uasset" 637
"../../../Engine/Plugins/Runtime/OpenXR/Content/Devices/MicrosoftMixedReality/MI_MicrosoftMixedReality.uexp" 638
"../../../Engine/Plugins/Runtime/OpenXR/Content/Devices/MicrosoftMixedReality/Left/left_MicrosoftMixedRealityController.uasset" 639
"../../../Engine/Plugins/Runtime/OpenXR/Content/Devices/MicrosoftMixedReality/Left/left_MicrosoftMixedRealityController.uexp" 640
"../../../Engine/Plugins/Runtime/OpenXR/Content/Devices/MicrosoftMixedReality/Right/right_MicrosoftMixedRealityController.uasset" 641
"../../../Engine/Plugins/Runtime/OpenXR/Content/Devices/MicrosoftMixedReality/Right/right_MicrosoftMixedRealityController.uexp" 642
"../../../Engine/Plugins/Runtime/OpenXR/Content/Devices/OculusGo/BaseTexture.uasset" 643
"../../../Engine/Plugins/Runtime/OpenXR/Content/Devices/OculusGo/BaseTexture.uexp" 644
"../../../Engine/Plugins/Runtime/OpenXR/Content/Devices/OculusGo/BaseTexture.ubulk" 645
"../../../Engine/Plugins/Runtime/OpenXR/Content/Devices/OculusGo/MI_OculusGo.uasset" 646
"../../../Engine/Plugins/Runtime/OpenXR/Content/Devices/OculusGo/MI_OculusGo.uexp" 647
"../../../Engine/Plugins/Runtime/OpenXR/Content/Devices/OculusGo/OculusGoController.uasset" 648
"../../../Engine/Plugins/Runtime/OpenXR/Content/Devices/OculusGo/OculusGoController.uexp" 649
"../../../Engine/Plugins/Runtime/OpenXR/Content/Devices/OculusTouch/MRTexture.uasset" 650
"../../../Engine/Plugins/Runtime/OpenXR/Content/Devices/OculusTouch/MRTexture.uexp" 651
"../../../Engine/Plugins/Runtime/OpenXR/Content/Devices/OculusTouch/MRTexture.ubulk" 652
"../../../Engine/Plugins/Runtime/OpenXR/Content/Devices/OculusTouch/BaseTexture.uasset" 653
"../../../Engine/Plugins/Runtime/OpenXR/Content/Devices/OculusTouch/BaseTexture.uexp" 654
"../../../Engine/Plugins/Runtime/OpenXR/Content/Devices/OculusTouch/BaseTexture.ubulk" 655
"../../../Engine/Plugins/Runtime/OpenXR/Content/Devices/OculusTouch/MI_OculusTouch.uasset" 656
"../../../Engine/Plugins/Runtime/OpenXR/Content/Devices/OculusTouch/MI_OculusTouch.uexp" 657
"../../../Engine/Plugins/Runtime/OpenXR/Content/Devices/OculusTouch/Left/left_OculusTouchController.uasset" 658
"../../../Engine/Plugins/Runtime/OpenXR/Content/Devices/OculusTouch/Left/left_OculusTouchController.uexp" 659
"../../../Engine/Plugins/Runtime/OpenXR/Content/Devices/OculusTouch/Right/right_OculusTouchController.uasset" 660
"../../../Engine/Plugins/Runtime/OpenXR/Content/Devices/OculusTouch/Right/right_OculusTouchController.uexp" 661
"../../../Engine/Plugins/Runtime/OpenXR/Content/Devices/OculusTouch_v2/MRTexture.uasset" 662
"../../../Engine/Plugins/Runtime/OpenXR/Content/Devices/OculusTouch_v2/MRTexture.uexp" 663
"../../../Engine/Plugins/Runtime/OpenXR/Content/Devices/OculusTouch_v2/MRTexture.ubulk" 664
"../../../Engine/Plugins/Runtime/OpenXR/Content/Devices/OculusTouch_v2/BaseTexture.uasset" 665
"../../../Engine/Plugins/Runtime/OpenXR/Content/Devices/OculusTouch_v2/BaseTexture.uexp" 666
"../../../Engine/Plugins/Runtime/OpenXR/Content/Devices/OculusTouch_v2/BaseTexture.ubulk" 667
"../../../Engine/Plugins/Runtime/OpenXR/Content/Devices/OculusTouch_v2/MI_OculusTouch_v2.uasset" 668
"../../../Engine/Plugins/Runtime/OpenXR/Content/Devices/OculusTouch_v2/MI_OculusTouch_v2.uexp" 669
"../../../Engine/Plugins/Runtime/OpenXR/Content/Devices/OculusTouch_v2/Left/left_OculusTouch_v2Controller.uasset" 670
"../../../Engine/Plugins/Runtime/OpenXR/Content/Devices/OculusTouch_v2/Left/left_OculusTouch_v2Controller.uexp" 671
"../../../Engine/Plugins/Runtime/OpenXR/Content/Devices/OculusTouch_v2/Right/right_OculusTouch_v2Controller.uasset" 672
"../../../Engine/Plugins/Runtime/OpenXR/Content/Devices/OculusTouch_v2/Right/right_OculusTouch_v2Controller.uexp" 673
"../../../Engine/Plugins/Runtime/OpenXR/Content/Devices/OculusTouch_v3/MRTexture.uasset" 674
"../../../Engine/Plugins/Runtime/OpenXR/Content/Devices/OculusTouch_v3/MRTexture.uexp" 675
"../../../Engine/Plugins/Runtime/OpenXR/Content/Devices/OculusTouch_v3/MRTexture.ubulk" 676
"../../../Engine/Plugins/Runtime/OpenXR/Content/Devices/OculusTouch_v3/BaseTexture.uasset" 677
"../../../Engine/Plugins/Runtime/OpenXR/Content/Devices/OculusTouch_v3/BaseTexture.uexp" 678
"../../../Engine/Plugins/Runtime/OpenXR/Content/Devices/OculusTouch_v3/BaseTexture.ubulk" 679
"../../../Engine/Plugins/Runtime/OpenXR/Content/Devices/OculusTouch_v3/MI_OculusTouch_v3.uasset" 680
"../../../Engine/Plugins/Runtime/OpenXR/Content/Devices/OculusTouch_v3/MI_OculusTouch_v3.uexp" 681
"../../../Engine/Plugins/Runtime/OpenXR/Content/Devices/OculusTouch_v3/Left/left_OculusTouch_v3Controller.uasset" 682
"../../../Engine/Plugins/Runtime/OpenXR/Content/Devices/OculusTouch_v3/Left/left_OculusTouch_v3Controller.uexp" 683
"../../../Engine/Plugins/Runtime/OpenXR/Content/Devices/OculusTouch_v3/Right/right_OculusTouch_v3Controller.uasset" 684
"../../../Engine/Plugins/Runtime/OpenXR/Content/Devices/OculusTouch_v3/Right/right_OculusTouch_v3Controller.uexp" 685
"../../../Engine/Plugins/Runtime/OpenXR/Content/Devices/ValveIndex/MRTexture.uasset" 686
"../../../Engine/Plugins/Runtime/OpenXR/Content/Devices/ValveIndex/MRTexture.uexp" 687
"../../../Engine/Plugins/Runtime/OpenXR/Content/Devices/ValveIndex/MRTexture.ubulk" 688
"../../../Engine/Plugins/Runtime/OpenXR/Content/Devices/ValveIndex/BaseTexture.uasset" 689
"../../../Engine/Plugins/Runtime/OpenXR/Content/Devices/ValveIndex/BaseTexture.uexp" 690
"../../../Engine/Plugins/Runtime/OpenXR/Content/Devices/ValveIndex/BaseTexture.ubulk" 691
"../../../Engine/Plugins/Runtime/OpenXR/Content/Devices/ValveIndex/Left/MI_left_ValveIndex.uasset" 692
"../../../Engine/Plugins/Runtime/OpenXR/Content/Devices/ValveIndex/Left/MI_left_ValveIndex.uexp" 693
"../../../Engine/Plugins/Runtime/OpenXR/Content/Devices/ValveIndex/Left/left_ValveIndexController.uasset" 694
"../../../Engine/Plugins/Runtime/OpenXR/Content/Devices/ValveIndex/Left/left_ValveIndexController.uexp" 695
"../../../Engine/Plugins/Runtime/OpenXR/Content/Devices/ValveIndex/Right/MI_right_ValveIndex.uasset" 696
"../../../Engine/Plugins/Runtime/OpenXR/Content/Devices/ValveIndex/Right/MI_right_ValveIndex.uexp" 697
"../../../Engine/Plugins/Runtime/OpenXR/Content/Devices/ValveIndex/Right/right_ValveIndexController.uasset" 698
"../../../Engine/Plugins/Runtime/OpenXR/Content/Devices/ValveIndex/Right/right_ValveIndexController.uexp" 699
"../../../Engine/Content/Functions/Engine_MaterialFunctions02/Utility/BreakOutFloat4Components.uasset" 700
"../../../Engine/Content/Functions/Engine_MaterialFunctions02/Utility/BreakOutFloat4Components.uexp" 701
"../../../Engine/Content/Functions/Engine_MaterialFunctions02/Utility/MakeFloat3.uasset" 702
"../../../Engine/Content/Functions/Engine_MaterialFunctions02/Utility/MakeFloat3.uexp" 703
"../../../Engine/Plugins/Runtime/Oculus/OculusVR/Content/Materials/OculusMR_ChromaKey.uasset" 704
"../../../Engine/Plugins/Runtime/Oculus/OculusVR/Content/Materials/OculusMR_ChromaKey.uexp" 705
"../../../Engine/Plugins/Runtime/Oculus/OculusVR/Content/Materials/OculusMR_OpaqueColoredMaterial.uasset" 706
"../../../Engine/Plugins/Runtime/Oculus/OculusVR/Content/Materials/OculusMR_OpaqueColoredMaterial.uexp" 707
"../../../Engine/Plugins/Runtime/Oculus/OculusVR/Content/Materials/PokeAHoleMaterial.uasset" 708
"../../../Engine/Plugins/Runtime/Oculus/OculusVR/Content/Materials/PokeAHoleMaterial.uexp" 709
"../../../Engine/Plugins/Runtime/Oculus/OculusVR/Content/Textures/touchController_controlmap.uasset" 710
"../../../Engine/Plugins/Runtime/Oculus/OculusVR/Content/Textures/touchController_controlmap.uexp" 711
"../../../Engine/Plugins/Runtime/Oculus/OculusVR/Content/Textures/touchController_controlmap.ubulk" 712
"../../../Engine/Plugins/Runtime/Oculus/OculusVR/Content/Textures/touchController_albedo.uasset" 713
"../../../Engine/Plugins/Runtime/Oculus/OculusVR/Content/Textures/touchController_albedo.uexp" 714
"../../../Engine/Plugins/Runtime/Oculus/OculusVR/Content/Textures/touchController_albedo.ubulk" 715
"../../../Engine/Plugins/Runtime/Oculus/OculusVR/Content/Materials/touchController_mat.uasset" 716
"../../../Engine/Plugins/Runtime/Oculus/OculusVR/Content/Materials/touchController_mat.uexp" 717
"../../../Engine/Plugins/Runtime/Oculus/OculusVR/Content/Meshes/LeftTouchController.uasset" 718
"../../../Engine/Plugins/Runtime/Oculus/OculusVR/Content/Meshes/LeftTouchController.uexp" 719
"../../../Engine/Plugins/Runtime/Oculus/OculusVR/Content/Textures/TouchForQuestRiftSController_albedo.uasset" 720
"../../../Engine/Plugins/Runtime/Oculus/OculusVR/Content/Textures/TouchForQuestRiftSController_albedo.uexp" 721
"../../../Engine/Plugins/Runtime/Oculus/OculusVR/Content/Textures/TouchForQuestRiftSController_albedo.ubulk" 722
"../../../Engine/Plugins/Runtime/Oculus/OculusVR/Content/Materials/TouchForQuestRiftSControllerMaterial.uasset" 723
"../../../Engine/Plugins/Runtime/Oculus/OculusVR/Content/Materials/TouchForQuestRiftSControllerMaterial.uexp" 724
"../../../Engine/Plugins/Runtime/Oculus/OculusVR/Content/Meshes/LeftTouchForQuestRiftSController.uasset" 725
"../../../Engine/Plugins/Runtime/Oculus/OculusVR/Content/Meshes/LeftTouchForQuestRiftSController.uexp" 726
"../../../Engine/Plugins/Runtime/Oculus/OculusVR/Content/Meshes/RiftHMD.uasset" 727
"../../../Engine/Plugins/Runtime/Oculus/OculusVR/Content/Meshes/RiftHMD.uexp" 728
"../../../Engine/Plugins/Runtime/Oculus/OculusVR/Content/Meshes/RightTouchController.uasset" 729
"../../../Engine/Plugins/Runtime/Oculus/OculusVR/Content/Meshes/RightTouchController.uexp" 730
"../../../Engine/Plugins/Runtime/Oculus/OculusVR/Content/Meshes/RightTouchForQuestRiftSController.uasset" 731
"../../../Engine/Plugins/Runtime/Oculus/OculusVR/Content/Meshes/RightTouchForQuestRiftSController.uexp" 732
"C:/Users/Fergus/Documents/AntiquesTheGame/AntiquesTheGame/Content/Fergus/Meshes/tree_PhysicsAsset.uasset" 733
"C:/Users/Fergus/Documents/AntiquesTheGame/AntiquesTheGame/Content/Fergus/Meshes/tree_PhysicsAsset.uexp" 734
"C:/Users/Fergus/Documents/AntiquesTheGame/AntiquesTheGame/Content/Fergus/Meshes/tree.uasset" 735
"C:/Users/Fergus/Documents/AntiquesTheGame/AntiquesTheGame/Content/Fergus/Meshes/tree.uexp" 736
"C:/Users/Fergus/Documents/AntiquesTheGame/AntiquesTheGame/Content/Claire/Textures/Tree_DefaultMaterial_BaseColor.uasset" 737
"C:/Users/Fergus/Documents/AntiquesTheGame/AntiquesTheGame/Content/Claire/Textures/Tree_DefaultMaterial_BaseColor.uexp" 738
"C:/Users/Fergus/Documents/AntiquesTheGame/AntiquesTheGame/Content/Claire/Textures/Tree_DefaultMaterial_BaseColor.ubulk" 739
"C:/Users/Fergus/Documents/AntiquesTheGame/AntiquesTheGame/Content/Claire/Materials/M_Tree.uasset" 740
"C:/Users/Fergus/Documents/AntiquesTheGame/AntiquesTheGame/Content/Claire/Materials/M_Tree.uexp" 741
"C:/Users/Fergus/Documents/AntiquesTheGame/AntiquesTheGame/Content/Claire/Meshes/Tree.uasset" 742
"C:/Users/Fergus/Documents/AntiquesTheGame/AntiquesTheGame/Content/Claire/Meshes/Tree.uexp" 743
"C:/Users/Fergus/Documents/AntiquesTheGame/AntiquesTheGame/Content/Claire/Textures/T_VAMeshes.uasset" 744
"C:/Users/Fergus/Documents/AntiquesTheGame/AntiquesTheGame/Content/Claire/Textures/T_VAMeshes.uexp" 745
"C:/Users/Fergus/Documents/AntiquesTheGame/AntiquesTheGame/Content/Claire/Textures/T_VAMeshes.ubulk" 746
"C:/Users/Fergus/Documents/AntiquesTheGame/AntiquesTheGame/Content/Claire/Materials/MI_VAMeshes.uasset" 747
"C:/Users/Fergus/Documents/AntiquesTheGame/AntiquesTheGame/Content/Claire/Materials/MI_VAMeshes.uexp" 748
"C:/Users/Fergus/Documents/AntiquesTheGame/AntiquesTheGame/Content/Claire/Meshes/SM_Info_01.uasset" 749
"C:/Users/Fergus/Documents/AntiquesTheGame/AntiquesTheGame/Content/Claire/Meshes/SM_Info_01.uexp" 750
"C:/Users/Fergus/Documents/AntiquesTheGame/AntiquesTheGame/Content/Claire/Meshes/SM_Info.uasset" 751
"C:/Users/Fergus/Documents/AntiquesTheGame/AntiquesTheGame/Content/Claire/Meshes/SM_Info.uexp" 752
"C:/Users/Fergus/Documents/AntiquesTheGame/AntiquesTheGame/Content/Claire/Meshes/SM_Bin.uasset" 753
"C:/Users/Fergus/Documents/AntiquesTheGame/AntiquesTheGame/Content/Claire/Meshes/SM_Bin.uexp" 754
"C:/Users/Fergus/Documents/AntiquesTheGame/AntiquesTheGame/Content/Claire/Meshes/SM_Bench_01.uasset" 755
"C:/Users/Fergus/Documents/AntiquesTheGame/AntiquesTheGame/Content/Claire/Meshes/SM_Bench_01.uexp" 756
"C:/Users/Fergus/Documents/AntiquesTheGame/AntiquesTheGame/Content/Fergus/Meshes/tree_Anim_base_baseAction.uasset" 757
"C:/Users/Fergus/Documents/AntiquesTheGame/AntiquesTheGame/Content/Fergus/Meshes/tree_Anim_base_baseAction.uexp" 758
"C:/Users/Fergus/Documents/AntiquesTheGame/AntiquesTheGame/Content/Fergus/Textures/ShapesBW.uasset" 759
"C:/Users/Fergus/Documents/AntiquesTheGame/AntiquesTheGame/Content/Fergus/Textures/ShapesBW.uexp" 760
"C:/Users/Fergus/Documents/AntiquesTheGame/AntiquesTheGame/Content/Fergus/Textures/ShapesBW.ubulk" 761
"C:/Users/Fergus/Documents/AntiquesTheGame/AntiquesTheGame/Content/Fergus/Textures/Shapes.uasset" 762
"C:/Users/Fergus/Documents/AntiquesTheGame/AntiquesTheGame/Content/Fergus/Textures/Shapes.uexp" 763
"C:/Users/Fergus/Documents/AntiquesTheGame/AntiquesTheGame/Content/Fergus/Textures/Shapes.ubulk" 764
"C:/Users/Fergus/Documents/AntiquesTheGame/AntiquesTheGame/Content/Fergus/Textures/M_Shapes.uasset" 765
"C:/Users/Fergus/Documents/AntiquesTheGame/AntiquesTheGame/Content/Fergus/Textures/M_Shapes.uexp" 766
"C:/Users/Fergus/Documents/AntiquesTheGame/AntiquesTheGame/Content/Claire/Meshes/SM_Banner_02.uasset" 767
"C:/Users/Fergus/Documents/AntiquesTheGame/AntiquesTheGame/Content/Claire/Meshes/SM_Banner_02.uexp" 768
"C:/Users/Fergus/Documents/AntiquesTheGame/AntiquesTheGame/Content/Claire/Meshes/SM_Barrier.uasset" 769
"C:/Users/Fergus/Documents/AntiquesTheGame/AntiquesTheGame/Content/Claire/Meshes/SM_Barrier.uexp" 770
"C:/Users/Fergus/Documents/AntiquesTheGame/AntiquesTheGame/Content/Fergus/Textures/Tree.uasset" 771
"C:/Users/Fergus/Documents/AntiquesTheGame/AntiquesTheGame/Content/Fergus/Textures/Tree.uexp" 772
"C:/Users/Fergus/Documents/AntiquesTheGame/AntiquesTheGame/Content/Fergus/Textures/Tree.ubulk" 773
"C:/Users/Fergus/Documents/AntiquesTheGame/AntiquesTheGame/Content/Fergus/Textures/PTree.uasset" 774
"C:/Users/Fergus/Documents/AntiquesTheGame/AntiquesTheGame/Content/Fergus/Textures/PTree.uexp" 775
"../../../Engine/Content/BasicShapes/Sphere.uasset" 776
"../../../Engine/Content/BasicShapes/Sphere.uexp" 777
"C:/Users/Fergus/Documents/AntiquesTheGame/AntiquesTheGame/Content/Claire/Meshes/SM_Banner.uasset" 778
"C:/Users/Fergus/Documents/AntiquesTheGame/AntiquesTheGame/Content/Claire/Meshes/SM_Banner.uexp" 779
"C:/Users/Fergus/Documents/AntiquesTheGame/AntiquesTheGame/Content/Duality.uexp" 780
"C:/Users/Fergus/Documents/AntiquesTheGame/AntiquesTheGame/Content/Duality.umap" 781
"C:/Users/Fergus/Documents/AntiquesTheGame/AntiquesTheGame/Content/Lee/Sounds/Music/BP_MusicController.uasset" 782
"C:/Users/Fergus/Documents/AntiquesTheGame/AntiquesTheGame/Content/Lee/Sounds/Music/BP_MusicController.uexp" 783
"C:/Users/Fergus/Documents/AntiquesTheGame/AntiquesTheGame/Content/Fergus/Character_02_Anim_Rig_SellerIdle.uasset" 784
"C:/Users/Fergus/Documents/AntiquesTheGame/AntiquesTheGame/Content/Fergus/Character_02_Anim_Rig_SellerIdle.uexp" 785
"C:/Users/Fergus/Documents/AntiquesTheGame/AntiquesTheGame/Content/Lee/UI_EndGame.uasset" 786
"C:/Users/Fergus/Documents/AntiquesTheGame/AntiquesTheGame/Content/Lee/UI_EndGame.uexp" 787
"C:/Users/Fergus/Documents/AntiquesTheGame/AntiquesTheGame/Content/Lee/Sounds/Music/NewsLoopOgg.uasset" 788
"C:/Users/Fergus/Documents/AntiquesTheGame/AntiquesTheGame/Content/Lee/Sounds/Music/NewsLoopOgg.uexp" 789
"C:/Users/Fergus/Documents/AntiquesTheGame/AntiquesTheGame/Content/Lee/Sounds/Music/NewsLoopBreakingOgg.uasset" 790
"C:/Users/Fergus/Documents/AntiquesTheGame/AntiquesTheGame/Content/Lee/Sounds/Music/NewsLoopBreakingOgg.uexp" 791
"../../../Engine/Content/BasicShapes/Plane.uasset" 792
"../../../Engine/Content/BasicShapes/Plane.uexp" 793
"C:/Users/Fergus/Documents/AntiquesTheGame/AntiquesTheGame/Content/Lee/newsSet.uasset" 794
"C:/Users/Fergus/Documents/AntiquesTheGame/AntiquesTheGame/Content/Lee/newsSet.uexp" 795
"C:/Users/Fergus/Documents/AntiquesTheGame/AntiquesTheGame/Content/Lee/M_NewsRoom.uasset" 796
"C:/Users/Fergus/Documents/AntiquesTheGame/AntiquesTheGame/Content/Lee/M_NewsRoom.uexp" 797
"C:/Users/Fergus/Documents/AntiquesTheGame/AntiquesTheGame/Content/Fergus/Textures/Char_6.uasset" 798
"C:/Users/Fergus/Documents/AntiquesTheGame/AntiquesTheGame/Content/Fergus/Textures/Char_6.uexp" 799
"C:/Users/Fergus/Documents/AntiquesTheGame/AntiquesTheGame/Content/Fergus/Textures/Char_6.ubulk" 800
"C:/Users/Fergus/Documents/AntiquesTheGame/AntiquesTheGame/Content/Fergus/Materials/M_Char_6.uasset" 801
"C:/Users/Fergus/Documents/AntiquesTheGame/AntiquesTheGame/Content/Fergus/Materials/M_Char_6.uexp" 802
"C:/Users/Fergus/Documents/AntiquesTheGame/AntiquesTheGame/Content/Becky/Pixelate.uasset" 803
"C:/Users/Fergus/Documents/AntiquesTheGame/AntiquesTheGame/Content/Becky/Pixelate.uexp" 804
"C:/Users/Fergus/Documents/AntiquesTheGame/AntiquesTheGame/Content/EndLevel.uexp" 805
"C:/Users/Fergus/Documents/AntiquesTheGame/AntiquesTheGame/Content/EndLevel.umap" 806
"C:/Users/Fergus/Documents/AntiquesTheGame/AntiquesTheGame/Content/Fergus/Meshes/Garage_Vehicle_Texture.uasset" 807
"C:/Users/Fergus/Documents/AntiquesTheGame/AntiquesTheGame/Content/Fergus/Meshes/Garage_Vehicle_Texture.uexp" 808
"C:/Users/Fergus/Documents/AntiquesTheGame/AntiquesTheGame/Content/Fergus/Meshes/Car_Texture_2_ncl1_1.uasset" 809
"C:/Users/Fergus/Documents/AntiquesTheGame/AntiquesTheGame/Content/Fergus/Meshes/Car_Texture_2_ncl1_1.uexp" 810
"C:/Users/Fergus/Documents/AntiquesTheGame/AntiquesTheGame/Content/Fergus/Meshes/Car_Texture_2_ncl1_1.ubulk" 811
"C:/Users/Fergus/Documents/AntiquesTheGame/AntiquesTheGame/Content/Fergus/Meshes/Car_Texture_2.uasset" 812
"C:/Users/Fergus/Documents/AntiquesTheGame/AntiquesTheGame/Content/Fergus/Meshes/Car_Texture_2.uexp" 813
"C:/Users/Fergus/Documents/AntiquesTheGame/AntiquesTheGame/Content/Fergus/Meshes/Police_Vehicle.uasset" 814
"C:/Users/Fergus/Documents/AntiquesTheGame/AntiquesTheGame/Content/Fergus/Meshes/Police_Vehicle.uexp" 815
"C:/Users/Fergus/Documents/AntiquesTheGame/AntiquesTheGame/Content/Fergus/Meshes/FionaHair_Parts_002.uasset" 816
"C:/Users/Fergus/Documents/AntiquesTheGame/AntiquesTheGame/Content/Fergus/Meshes/FionaHair_Parts_002.uexp" 817
"C:/Users/Fergus/Documents/AntiquesTheGame/AntiquesTheGame/Content/Claire/Meshes/VAsign.uasset" 818
"C:/Users/Fergus/Documents/AntiquesTheGame/AntiquesTheGame/Content/Claire/Meshes/VAsign.uexp" 819
"C:/Users/Fergus/Documents/AntiquesTheGame/AntiquesTheGame/Content/Claire/Meshes/SM_Water_03.uasset" 820
"C:/Users/Fergus/Documents/AntiquesTheGame/AntiquesTheGame/Content/Claire/Meshes/SM_Water_03.uexp" 821
"C:/Users/Fergus/Documents/AntiquesTheGame/AntiquesTheGame/Content/Claire/Meshes/SM_Water_02.uasset" 822
"C:/Users/Fergus/Documents/AntiquesTheGame/AntiquesTheGame/Content/Claire/Meshes/SM_Water_02.uexp" 823
"C:/Users/Fergus/Documents/AntiquesTheGame/AntiquesTheGame/Content/Claire/Textures/T_VAWindows.uasset" 824
"C:/Users/Fergus/Documents/AntiquesTheGame/AntiquesTheGame/Content/Claire/Textures/T_VAWindows.uexp" 825
"C:/Users/Fergus/Documents/AntiquesTheGame/AntiquesTheGame/Content/Claire/Materials/MI_Glass.uasset" 826
"C:/Users/Fergus/Documents/AntiquesTheGame/AntiquesTheGame/Content/Claire/Materials/MI_Glass.uexp" 827
"C:/Users/Fergus/Documents/AntiquesTheGame/AntiquesTheGame/Content/Claire/Meshes/SM_V_A.uasset" 828
"C:/Users/Fergus/Documents/AntiquesTheGame/AntiquesTheGame/Content/Claire/Meshes/SM_V_A.uexp" 829
"C:/Users/Fergus/Documents/AntiquesTheGame/AntiquesTheGame/Content/Claire/Meshes/SM_Table.uasset" 830
"C:/Users/Fergus/Documents/AntiquesTheGame/AntiquesTheGame/Content/Claire/Meshes/SM_Table.uexp" 831
"C:/Users/Fergus/Documents/AntiquesTheGame/AntiquesTheGame/Content/Claire/Meshes/SM_Post.uasset" 832
"C:/Users/Fergus/Documents/AntiquesTheGame/AntiquesTheGame/Content/Claire/Meshes/SM_Post.uexp" 833
"C:/Users/Fergus/Documents/AntiquesTheGame/AntiquesTheGame/Content/Claire/Textures/SM_LargeFence_DefaultMaterial_BaseColor.uasset" 834
"C:/Users/Fergus/Documents/AntiquesTheGame/AntiquesTheGame/Content/Claire/Textures/SM_LargeFence_DefaultMaterial_BaseColor.uexp" 835
"C:/Users/Fergus/Documents/AntiquesTheGame/AntiquesTheGame/Content/Claire/Textures/SM_LargeFence_DefaultMaterial_BaseColor.ubulk" 836
"C:/Users/Fergus/Documents/AntiquesTheGame/AntiquesTheGame/Content/Claire/Materials/MI_Fences.uasset" 837
"C:/Users/Fergus/Documents/AntiquesTheGame/AntiquesTheGame/Content/Claire/Materials/MI_Fences.uexp" 838
"C:/Users/Fergus/Documents/AntiquesTheGame/AntiquesTheGame/Content/Claire/Meshes/SM_LargeFence.uasset" 839
"C:/Users/Fergus/Documents/AntiquesTheGame/AntiquesTheGame/Content/Claire/Meshes/SM_LargeFence.uexp" 840
"C:/Users/Fergus/Documents/AntiquesTheGame/AntiquesTheGame/Content/Claire/Meshes/SM_Lampost.uasset" 841
"C:/Users/Fergus/Documents/AntiquesTheGame/AntiquesTheGame/Content/Claire/Meshes/SM_Lampost.uexp" 842
"C:/Users/Fergus/Documents/AntiquesTheGame/AntiquesTheGame/Content/Claire/Textures/T_Bricks.uasset" 843
"C:/Users/Fergus/Documents/AntiquesTheGame/AntiquesTheGame/Content/Claire/Textures/T_Bricks.uexp" 844
"C:/Users/Fergus/Documents/AntiquesTheGame/AntiquesTheGame/Content/Claire/Materials/MI_Ground.uasset" 845
"C:/Users/Fergus/Documents/AntiquesTheGame/AntiquesTheGame/Content/Claire/Materials/MI_Ground.uexp" 846
"C:/Users/Fergus/Documents/AntiquesTheGame/AntiquesTheGame/Content/Claire/Meshes/SM_Ground.uasset" 847
"C:/Users/Fergus/Documents/AntiquesTheGame/AntiquesTheGame/Content/Claire/Meshes/SM_Ground.uexp" 848
"C:/Users/Fergus/Documents/AntiquesTheGame/AntiquesTheGame/Content/Claire/Meshes/SM_Fence.uasset" 849
"C:/Users/Fergus/Documents/AntiquesTheGame/AntiquesTheGame/Content/Claire/Meshes/SM_Fence.uexp" 850
"C:/Users/Fergus/Documents/AntiquesTheGame/AntiquesTheGame/Content/Claire/Meshes/SM_Bench_02.uasset" 851
"C:/Users/Fergus/Documents/AntiquesTheGame/AntiquesTheGame/Content/Claire/Meshes/SM_Bench_02.uexp" 852
"C:/Users/Fergus/Documents/AntiquesTheGame/AntiquesTheGame/Content/Claire/Meshes/Material_002.uasset" 853
"C:/Users/Fergus/Documents/AntiquesTheGame/AntiquesTheGame/Content/Claire/Meshes/Material_002.uexp" 854
"C:/Users/Fergus/Documents/AntiquesTheGame/AntiquesTheGame/Content/Claire/Meshes/Build.uasset" 855
"C:/Users/Fergus/Documents/AntiquesTheGame/AntiquesTheGame/Content/Claire/Meshes/Build.uexp" 856
"C:/Users/Fergus/Documents/AntiquesTheGame/AntiquesTheGame/Content/Claire/Textures/SM_Table_DefaultMaterial_BaseColor.uasset" 857
"C:/Users/Fergus/Documents/AntiquesTheGame/AntiquesTheGame/Content/Claire/Textures/SM_Table_DefaultMaterial_BaseColor.uexp" 858
"C:/Users/Fergus/Documents/AntiquesTheGame/AntiquesTheGame/Content/Claire/Textures/SM_Table_DefaultMaterial_BaseColor.ubulk" 859
"C:/Users/Fergus/Documents/AntiquesTheGame/AntiquesTheGame/Content/Claire/Materials/MI_Table.uasset" 860
"C:/Users/Fergus/Documents/AntiquesTheGame/AntiquesTheGame/Content/Claire/Materials/MI_Table.uexp" 861
"C:/Users/Fergus/Documents/AntiquesTheGame/AntiquesTheGame/Content/Claire/Materials/MI_GroundDark.uasset" 862
"C:/Users/Fergus/Documents/AntiquesTheGame/AntiquesTheGame/Content/Claire/Materials/MI_GroundDark.uexp" 863
"C:/Users/Fergus/Documents/AntiquesTheGame/AntiquesTheGame/Content/Claire/Materials/MI_Building.uasset" 864
"C:/Users/Fergus/Documents/AntiquesTheGame/AntiquesTheGame/Content/Claire/Materials/MI_Building.uexp" 865
"C:/Users/Fergus/Documents/AntiquesTheGame/AntiquesTheGame/Content/Claire/Materials/M_Basic.uasset" 866
"C:/Users/Fergus/Documents/AntiquesTheGame/AntiquesTheGame/Content/Claire/Materials/M_Basic.uexp" 867
"C:/Users/Fergus/Documents/AntiquesTheGame/AntiquesTheGame/Content/Claire/Materials/M_Stone.uasset" 868
"C:/Users/Fergus/Documents/AntiquesTheGame/AntiquesTheGame/Content/Claire/Materials/M_Stone.uexp" 869
"C:/Users/Fergus/Documents/AntiquesTheGame/AntiquesTheGame/Content/Claire/Materials/M_Door.uasset" 870
"C:/Users/Fergus/Documents/AntiquesTheGame/AntiquesTheGame/Content/Claire/Materials/M_Door.uexp" 871
"C:/Users/Fergus/Documents/AntiquesTheGame/AntiquesTheGame/Content/Fergus/Textures/Char_Fiona.uasset" 872
"C:/Users/Fergus/Documents/AntiquesTheGame/AntiquesTheGame/Content/Fergus/Textures/Char_Fiona.uexp" 873
"C:/Users/Fergus/Documents/AntiquesTheGame/AntiquesTheGame/Content/Fergus/Textures/Char_Fiona.ubulk" 874
"C:/Users/Fergus/Documents/AntiquesTheGame/AntiquesTheGame/Content/Fergus/Materials/M_Char_Fiona.uasset" 875
"C:/Users/Fergus/Documents/AntiquesTheGame/AntiquesTheGame/Content/Fergus/Materials/M_Char_Fiona.uexp" 876
"C:/Users/Fergus/Documents/AntiquesTheGame/AntiquesTheGame/Content/Fergus/Textures/Char_5.uasset" 877
"C:/Users/Fergus/Documents/AntiquesTheGame/AntiquesTheGame/Content/Fergus/Textures/Char_5.uexp" 878
"C:/Users/Fergus/Documents/AntiquesTheGame/AntiquesTheGame/Content/Fergus/Textures/Char_5.ubulk" 879
"C:/Users/Fergus/Documents/AntiquesTheGame/AntiquesTheGame/Content/Fergus/Materials/M_Char_5.uasset" 880
"C:/Users/Fergus/Documents/AntiquesTheGame/AntiquesTheGame/Content/Fergus/Materials/M_Char_5.uexp" 881
"C:/Users/Fergus/Documents/AntiquesTheGame/AntiquesTheGame/Content/Fergus/Textures/Char_1.uasset" 882
"C:/Users/Fergus/Documents/AntiquesTheGame/AntiquesTheGame/Content/Fergus/Textures/Char_1.uexp" 883
"C:/Users/Fergus/Documents/AntiquesTheGame/AntiquesTheGame/Content/Fergus/Textures/Char_1.ubulk" 884
"C:/Users/Fergus/Documents/AntiquesTheGame/AntiquesTheGame/Content/Fergus/Materials/M_Char_1.uasset" 885
"C:/Users/Fergus/Documents/AntiquesTheGame/AntiquesTheGame/Content/Fergus/Materials/M_Char_1.uexp" 886
"C:/Users/Fergus/Documents/AntiquesTheGame/AntiquesTheGame/Content/Claire/Materials/MI_White.uasset" 887
"C:/Users/Fergus/Documents/AntiquesTheGame/AntiquesTheGame/Content/Claire/Materials/MI_White.uexp" 888
"C:/Users/Fergus/Documents/AntiquesTheGame/AntiquesTheGame/Content/Claire/Textures/Water.uasset" 889
"C:/Users/Fergus/Documents/AntiquesTheGame/AntiquesTheGame/Content/Claire/Textures/Water.uexp" 890
"C:/Users/Fergus/Documents/AntiquesTheGame/AntiquesTheGame/Content/Claire/Materials/M_Watr.uasset" 891
"C:/Users/Fergus/Documents/AntiquesTheGame/AntiquesTheGame/Content/Claire/Materials/M_Watr.uexp" 892
"C:/Users/Fergus/Documents/AntiquesTheGame/AntiquesTheGame/Content/Fergus/Character_02_Anim_Rig_ExpertIdle.uasset" 893
"C:/Users/Fergus/Documents/AntiquesTheGame/AntiquesTheGame/Content/Fergus/Character_02_Anim_Rig_ExpertIdle.uexp" 894
"C:/Users/Fergus/Documents/AntiquesTheGame/AntiquesTheGame/Content/Environment.uexp" 895
"C:/Users/Fergus/Documents/AntiquesTheGame/AntiquesTheGame/Content/Environment.umap" 896
"C:/Users/Fergus/Documents/AntiquesTheGame/AntiquesTheGame/Content/Lee/Sounds/Music/classicalMusicOgg.uasset" 897
"C:/Users/Fergus/Documents/AntiquesTheGame/AntiquesTheGame/Content/Lee/Sounds/Music/classicalMusicOgg.uexp" 898
"C:/Users/Fergus/Documents/AntiquesTheGame/AntiquesTheGame/Content/Claire/Materials/M_IArray.uasset" 899
"C:/Users/Fergus/Documents/AntiquesTheGame/AntiquesTheGame/Content/Claire/Materials/M_IArray.uexp" 900
"C:/Users/Fergus/Documents/AntiquesTheGame/AntiquesTheGame/Content/Lee/BP_Arrow.uasset" 901
"C:/Users/Fergus/Documents/AntiquesTheGame/AntiquesTheGame/Content/Lee/BP_Arrow.uexp" 902
"C:/Users/Fergus/Documents/AntiquesTheGame/AntiquesTheGame/Content/Gameplay.uexp" 903
"C:/Users/Fergus/Documents/AntiquesTheGame/AntiquesTheGame/Content/Gameplay.umap" 904
"../../../Engine/Content/EngineMaterials/DefaultPhysicalMaterial.uasset" 905
"../../../Engine/Content/EngineMaterials/DefaultPhysicalMaterial.uexp" 906
"C:/Users/Fergus/Documents/AntiquesTheGame/AntiquesTheGame/Content/Landscape.uexp" 907
"C:/Users/Fergus/Documents/AntiquesTheGame/AntiquesTheGame/Content/Landscape.ubulk" 908
"C:/Users/Fergus/Documents/AntiquesTheGame/AntiquesTheGame/Content/Landscape.umap" 909
"C:/Users/Fergus/Documents/AntiquesTheGame/AntiquesTheGame/Content/Lighting.uexp" 910
"C:/Users/Fergus/Documents/AntiquesTheGame/AntiquesTheGame/Content/Lighting.umap" 911
"C:/Users/Fergus/Documents/AntiquesTheGame/AntiquesTheGame/Content/Claire/Textures/T_MainMenu.uasset" 912
"C:/Users/Fergus/Documents/AntiquesTheGame/AntiquesTheGame/Content/Claire/Textures/T_MainMenu.uexp" 913
"C:/Users/Fergus/Documents/AntiquesTheGame/AntiquesTheGame/Content/Lee/UI_Menu.uasset" 914
"C:/Users/Fergus/Documents/AntiquesTheGame/AntiquesTheGame/Content/Lee/UI_Menu.uexp" 915
"C:/Users/Fergus/Documents/AntiquesTheGame/AntiquesTheGame/Content/Lee/Sounds/Music/MenuMusic.uasset" 916
"C:/Users/Fergus/Documents/AntiquesTheGame/AntiquesTheGame/Content/Lee/Sounds/Music/MenuMusic.uexp" 917
"C:/Users/Fergus/Documents/AntiquesTheGame/AntiquesTheGame/Content/MainMenu_BuiltData.uasset" 918
"C:/Users/Fergus/Documents/AntiquesTheGame/AntiquesTheGame/Content/MainMenu_BuiltData.uexp" 919
"C:/Users/Fergus/Documents/AntiquesTheGame/AntiquesTheGame/Content/MainMenu.uexp" 920
"C:/Users/Fergus/Documents/AntiquesTheGame/AntiquesTheGame/Content/MainMenu.umap" 921
"../../../Engine/Content/MapTemplates/SM_Template_Map_Floor.uasset" 922
"../../../Engine/Content/MapTemplates/SM_Template_Map_Floor.uexp" 923
"../../../Engine/Content/EngineSky/T_Sky_Stars.uasset" 924
"../../../Engine/Content/EngineSky/T_Sky_Stars.uexp" 925
"../../../Engine/Content/EngineSky/T_Sky_Stars.ubulk" 926
"../../../Engine/Content/EngineSky/T_Sky_Clouds_M.uasset" 927
"../../../Engine/Content/EngineSky/T_Sky_Clouds_M.uexp" 928
"../../../Engine/Content/EngineSky/T_Sky_Clouds_M.ubulk" 929
"../../../Engine/Content/EngineSky/T_Sky_Blue.uasset" 930
"../../../Engine/Content/EngineSky/T_Sky_Blue.uexp" 931
"../../../Engine/Content/EngineSky/T_Sky_Blue.ubulk" 932
"../../../Engine/Content/EngineSky/M_Sky_Panning_Clouds2.uasset" 933
"../../../Engine/Content/EngineSky/M_Sky_Panning_Clouds2.uexp" 934
"../../../Engine/Content/EngineSky/SM_SkySphere.uasset" 935
"../../../Engine/Content/EngineSky/SM_SkySphere.uexp" 936
"../../../Engine/Content/EngineSky/C_Sky_Zenith_Color.uasset" 937
"../../../Engine/Content/EngineSky/C_Sky_Zenith_Color.uexp" 938
"../../../Engine/Content/EngineSky/C_Sky_Horizon_Color.uasset" 939
"../../../Engine/Content/EngineSky/C_Sky_Horizon_Color.uexp" 940
"../../../Engine/Content/EngineSky/C_Sky_Cloud_Color.uasset" 941
"../../../Engine/Content/EngineSky/C_Sky_Cloud_Color.uexp" 942
"../../../Engine/Content/EngineSky/BP_Sky_Sphere.uasset" 943
"../../../Engine/Content/EngineSky/BP_Sky_Sphere.uexp" 944
"C:/Users/Fergus/Documents/AntiquesTheGame/AntiquesTheGame/Content/Lee/ProgrammingLevel.uexp" 945
"C:/Users/Fergus/Documents/AntiquesTheGame/AntiquesTheGame/Content/Lee/ProgrammingLevel.umap" 946
"../../../Engine/Content/Maps/Entry_BuiltData.uasset" 947
"../../../Engine/Content/Maps/Entry_BuiltData.uexp" 948
"../../../Engine/Content/Maps/Entry.uexp" 949
"../../../Engine/Content/Maps/Entry.umap" 950
