Log file open, 01/22/22 21:27:23
LogWindows: Failed to load 'aqProf.dll' (GetLastError=126)
LogWindows: File 'aqProf.dll' does not exist
LogWindows: Failed to load 'VtuneApi.dll' (GetLastError=126)
LogWindows: File 'VtuneApi.dll' does not exist
LogWindows: Failed to load 'VtuneApi32e.dll' (GetLastError=126)
LogWindows: File 'VtuneApi32e.dll' does not exist
LogConsoleResponse: Display: Failed to find resolution value strings in scalability ini. Falling back to default.
LogConsoleResponse: Display: Failed to find resolution value strings in scalability ini. Falling back to default.
LogInit: Display: Running engine for game: AntiquesTheGame
LogPlatformFile: Not using cached read wrapper
LogTaskGraph: Started task graph with 5 named threads and 35 total threads with 3 sets of task threads.
LogStats: Stats thread started at 0.224500
LogICUInternationalization: ICU TimeZone Detection - Raw Offset: +0:00, Platform Override: ''
LogInit: Display: Loading text-based GConfig....
LogPluginManager: Mounting plugin MeshPainting
LogPluginManager: Mounting plugin XGEController
LogPluginManager: Mounting plugin Paper2D
LogPluginManager: Mounting plugin AISupport
LogPluginManager: Mounting plugin EnvironmentQueryEditor
LogPluginManager: Mounting plugin LightPropagationVolume
LogPluginManager: Mounting plugin LiveLink
LogPluginManager: Mounting plugin CameraShakePreviewer
LogPluginManager: Mounting plugin GameplayCameras
LogPluginManager: Mounting plugin AnimationSharing
LogPluginManager: Mounting plugin CodeLiteSourceCodeAccess
LogPluginManager: Mounting plugin GitSourceControl
LogPluginManager: Mounting plugin CLionSourceCodeAccess
LogPluginManager: Mounting plugin KDevelopSourceCodeAccess
LogPluginManager: Mounting plugin NullSourceCodeAccess
LogPluginManager: Mounting plugin PerforceSourceControl
LogPluginManager: Mounting plugin PixWinPlugin
LogPluginManager: Mounting plugin PlasticSourceControl
LogPluginManager: Mounting plugin PropertyAccessNode
LogPluginManager: Mounting plugin PluginUtils
LogPluginManager: Mounting plugin RiderSourceCodeAccess
LogPluginManager: Mounting plugin SubversionSourceControl
LogPluginManager: Mounting plugin OodleData
LogPluginManager: Mounting plugin OodleNetwork
LogPluginManager: Mounting plugin TextureFormatOodle
LogPluginManager: Mounting plugin AssetManagerEditor
LogPluginManager: Mounting plugin VisualStudioCodeSourceCodeAccess
LogPluginManager: Mounting plugin VisualStudioSourceCodeAccess
LogPluginManager: Mounting plugin XCodeSourceCodeAccess
LogPluginManager: Mounting plugin UObjectPlugin
LogPluginManager: Mounting plugin CurveEditorTools
LogPluginManager: Mounting plugin CryptoKeys
LogPluginManager: Mounting plugin DataValidation
LogPluginManager: Mounting plugin FacialAnimation
LogPluginManager: Mounting plugin GameplayTagsEditor
LogPluginManager: Mounting plugin GeometryMode
LogPluginManager: Mounting plugin MacGraphicsSwitching
LogPluginManager: Mounting plugin MaterialAnalyzer
LogPluginManager: Mounting plugin MobileLauncherProfileWizard
LogPluginManager: Mounting plugin PluginBrowser
LogPluginManager: Mounting plugin SpeedTreeImporter
LogPluginManager: Mounting plugin DatasmithContent
LogPluginManager: Mounting plugin AlembicImporter
LogPluginManager: Mounting plugin VariantManagerContent
LogPluginManager: Mounting plugin AutomationUtils
LogPluginManager: Mounting plugin BackChannel
LogPluginManager: Mounting plugin ChaosCloth
LogPluginManager: Mounting plugin ChaosClothEditor
LogPluginManager: Mounting plugin ChaosNiagara
LogPluginManager: Mounting plugin ChaosEditor
LogPluginManager: Mounting plugin ChaosSolverPlugin
LogPluginManager: Mounting plugin CharacterAI
LogPluginManager: Mounting plugin GeometryCache
LogPluginManager: Mounting plugin GeometryProcessing
LogPluginManager: Mounting plugin GeometryCollectionPlugin
LogPluginManager: Mounting plugin MotoSynth
LogPluginManager: Mounting plugin OpenImageDenoise
LogPluginManager: Mounting plugin PlanarCut
LogPluginManager: Mounting plugin PlatformCrypto
LogPluginManager: Mounting plugin Niagara
LogPluginManager: Mounting plugin ProxyLODPlugin
LogPluginManager: Mounting plugin PythonScriptPlugin
LogPluginManager: Mounting plugin SkeletalReduction
LogPluginManager: Mounting plugin AndroidMedia
LogPluginManager: Mounting plugin LuminPlatformFeatures
LogPluginManager: Mounting plugin MagicLeap
LogPluginManager: Mounting plugin AvfMedia
LogPluginManager: Mounting plugin ImgMedia
LogPluginManager: Mounting plugin MagicLeapLightEstimation
LogPluginManager: Mounting plugin MagicLeapMedia
LogPluginManager: Mounting plugin MediaCompositing
LogPluginManager: Mounting plugin MagicLeapPassableWorld
LogPluginManager: Mounting plugin MLSDK
LogPluginManager: Mounting plugin MediaPlayerEditor
LogPluginManager: Mounting plugin TcpMessaging
LogPluginManager: Mounting plugin WebMMedia
LogPluginManager: Mounting plugin WmfMedia
LogPluginManager: Mounting plugin UdpMessaging
LogPluginManager: Mounting plugin ActorSequence
LogPluginManager: Mounting plugin LevelSequenceEditor
LogPluginManager: Mounting plugin MatineeToLevelSequence
LogPluginManager: Mounting plugin TemplateSequence
LogPluginManager: Mounting plugin OnlineSubsystem
LogPluginManager: Mounting plugin OnlineSubsystemNull
LogPluginManager: Mounting plugin LauncherChunkInstaller
LogPluginManager: Mounting plugin OnlineSubsystemUtils
LogPluginManager: Mounting plugin ActorLayerUtilities
LogPluginManager: Mounting plugin AndroidDeviceProfileSelector
LogPluginManager: Mounting plugin AndroidPermission
LogPluginManager: Mounting plugin AndroidMoviePlayer
LogPluginManager: Mounting plugin AppleImageUtils
LogPluginManager: Mounting plugin AppleMoviePlayer
LogPluginManager: Mounting plugin AssetTags
LogPluginManager: Mounting plugin ArchVisCharacter
LogPluginManager: Mounting plugin AudioCapture
LogPluginManager: Mounting plugin AudioSynesthesia
LogPluginManager: Mounting plugin CableComponent
LogPluginManager: Mounting plugin CustomMeshComponent
LogPluginManager: Mounting plugin ChunkDownloader
LogPluginManager: Mounting plugin EditableMesh
LogPluginManager: Mounting plugin ExampleDeviceProfileSelector
LogPluginManager: Mounting plugin GoogleCloudMessaging
LogPluginManager: Mounting plugin GooglePAD
LogPluginManager: Mounting plugin IOSDeviceProfileSelector
LogPluginManager: Mounting plugin LinuxDeviceProfileSelector
LogPluginManager: Mounting plugin ScreenshotTools
LogPluginManager: Mounting plugin LocationServicesBPLibrary
LogPluginManager: Mounting plugin MobilePatchingUtils
LogPluginManager: Mounting plugin OpenXREyeTracker
LogPluginManager: Mounting plugin OpenXRHandTracking
LogPluginManager: Mounting plugin OpenXR
LogPluginManager: Mounting plugin PhysXVehicles
LogPluginManager: Mounting plugin Takes
LogPluginManager: Mounting plugin PostSplashScreen
LogPluginManager: Mounting plugin ProceduralMeshComponent
LogPluginManager: Mounting plugin PropertyAccessEditor
LogPluginManager: Mounting plugin RuntimePhysXCooking
LogPluginManager: Mounting plugin SignificanceManager
LogPluginManager: Mounting plugin SoundFields
LogPluginManager: Mounting plugin Synthesis
LogPluginManager: Mounting plugin WebMMoviePlayer
LogPluginManager: Mounting plugin WindowsMoviePlayer
LogPluginManager: Mounting plugin ContentBrowserClassDataSource
LogPluginManager: Mounting plugin ContentBrowserFileDataSource
LogPluginManager: Mounting plugin ContentBrowserAssetDataSource
LogPluginManager: Mounting plugin OnlineSubsystemGooglePlay
LogPluginManager: Mounting plugin OnlineSubsystemIOS
LogPluginManager: Mounting plugin OculusVR
LogPluginManager: Mounting plugin SteamVR
PixWinPlugin: PIX capture plugin failed to initialize! Check that the process is launched from PIX.
LogLuminAPIImpl: Warning: MLSDK not found.  This likely means the MLSDK environment variable is not set.
LogInit: Using libcurl 7.55.1-DEV
LogInit:  - built for x86_64-pc-win32
LogInit:  - supports SSL with OpenSSL/1.1.1
LogInit:  - supports HTTP deflate (compression) using libz 1.2.8
LogInit:  - other features:
LogInit:      CURL_VERSION_SSL
LogInit:      CURL_VERSION_LIBZ
LogInit:      CURL_VERSION_IPV6
LogInit:      CURL_VERSION_ASYNCHDNS
LogInit:      CURL_VERSION_LARGEFILE
LogInit:      CURL_VERSION_IDN
LogInit:  CurlRequestOptions (configurable via config and command line):
LogInit:  - bVerifyPeer = true  - Libcurl will verify peer certificate
LogInit:  - bUseHttpProxy = false  - Libcurl will NOT use HTTP proxy
LogInit:  - bDontReuseConnections = false  - Libcurl will reuse connections
LogInit:  - MaxHostConnections = 16  - Libcurl will limit the number of connections to a host
LogInit:  - LocalHostAddr = Default
LogInit:  - BufferSize = 65536
LogOnline: OSS: Creating online subsystem instance for: NULL
LogInit: WinSock: version 1.1 (2.2), MaxSocks=32767, MaxUdp=65467
LogOnline: OSS: TryLoadSubsystemAndSetDefault: Loaded subsystem for module [NULL]
LogOculusPluginWrapper: OculusPlugin initialized successfully
LogHMD: Failed initializing OVRPlugin 1.59.0
LogInit: Build: ++UE4+Release-4.27-CL-18319896
LogInit: Engine Version: 4.27.2-18319896+++UE4+Release-4.27
LogInit: Compatible Engine Version: 4.27.0-17155196+++UE4+Release-4.27
LogInit: Net CL: 17155196
LogInit: OS: Windows 10 (Release 2009) (), CPU: Intel(R) Core(TM) i7-8700 CPU @ 3.20GHz, GPU: NVIDIA GeForce GTX 1060 3GB
LogInit: Compiled (64-bit): Nov 30 2021 07:12:08
LogInit: Compiled with Visual C++: 19.24.28315.00
LogInit: Build Configuration: Development
LogInit: Branch Name: ++UE4+Release-4.27
LogInit: Command Line:  -EpicPortal -epicusername=LeeEsplinn -epicuserid=f74fb913b6d949659d5dadaa45430b67 -epiclocale=en -epicsandboxid=ue
LogInit: Base Directory: D:/games/UE_4.27/Engine/Binaries/Win64/
LogInit: Allocator: TBB
LogInit: Installed Engine Build: 1
LogDevObjectVersion: Number of dev versions registered: 29
LogDevObjectVersion:   Dev-Blueprints (B0D832E4-1F89-4F0D-ACCF-7EB736FD4AA2): 10
LogDevObjectVersion:   Dev-Build (E1C64328-A22C-4D53-A36C-8E866417BD8C): 0
LogDevObjectVersion:   Dev-Core (375EC13C-06E4-48FB-B500-84F0262A717E): 4
LogDevObjectVersion:   Dev-Editor (E4B068ED-F494-42E9-A231-DA0B2E46BB41): 40
LogDevObjectVersion:   Dev-Framework (CFFC743F-43B0-4480-9391-14DF171D2073): 37
LogDevObjectVersion:   Dev-Mobile (B02B49B5-BB20-44E9-A304-32B752E40360): 3
LogDevObjectVersion:   Dev-Networking (A4E4105C-59A1-49B5-A7C5-40C4547EDFEE): 0
LogDevObjectVersion:   Dev-Online (39C831C9-5AE6-47DC-9A44-9C173E1C8E7C): 0
LogDevObjectVersion:   Dev-Physics (78F01B33-EBEA-4F98-B9B4-84EACCB95AA2): 14
LogDevObjectVersion:   Dev-Platform (6631380F-2D4D-43E0-8009-CF276956A95A): 0
LogDevObjectVersion:   Dev-Rendering (12F88B9F-8875-4AFC-A67C-D90C383ABD29): 45
LogDevObjectVersion:   Dev-Sequencer (7B5AE74C-D270-4C10-A958-57980B212A5A): 13
LogDevObjectVersion:   Dev-VR (D7296918-1DD6-4BDD-9DE2-64A83CC13884): 3
LogDevObjectVersion:   Dev-LoadTimes (C2A15278-BFE7-4AFE-6C17-90FF531DF755): 1
LogDevObjectVersion:   Private-Geometry (6EACA3D4-40EC-4CC1-B786-8BED09428FC5): 3
LogDevObjectVersion:   Dev-AnimPhys (29E575DD-E0A3-4627-9D10-D276232CDCEA): 17
LogDevObjectVersion:   Dev-Anim (AF43A65D-7FD3-4947-9873-3E8ED9C1BB05): 15
LogDevObjectVersion:   Dev-ReflectionCapture (6B266CEC-1EC7-4B8F-A30B-E4D90942FC07): 1
LogDevObjectVersion:   Dev-Automation (0DF73D61-A23F-47EA-B727-89E90C41499A): 1
LogDevObjectVersion:   FortniteMain (601D1886-AC64-4F84-AA16-D3DE0DEAC7D6): 47
LogDevObjectVersion:   FortniteRelease (E7086368-6B23-4C58-8439-1B7016265E91): 1
LogDevObjectVersion:   Dev-Enterprise (9DFFBCD6-494F-0158-E221-12823C92A888): 10
LogDevObjectVersion:   Dev-Niagara (F2AED0AC-9AFE-416F-8664-AA7FFA26D6FC): 1
LogDevObjectVersion:   Dev-Destruction (174F1F0B-B4C6-45A5-B13F-2EE8D0FB917D): 10
LogDevObjectVersion:   Dev-Physics-Ext (35F94A83-E258-406C-A318-09F59610247C): 41
LogDevObjectVersion:   Dev-PhysicsMaterial-Chaos (B68FC16E-8B1B-42E2-B453-215C058844FE): 1
LogDevObjectVersion:   Dev-CineCamera (B2E18506-4273-CFC2-A54E-F4BB758BBA07): 1
LogDevObjectVersion:   Dev-VirtualProduction (64F58936-FD1B-42BA-BA96-7289D5D0FA4E): 1
LogDevObjectVersion:   Dev-MediaFramework (6F0ED827-A609-4895-9C91-998D90180EA4): 2
LogInit: Presizing for max 25165824 objects, including 0 objects not considered by GC, pre-allocating 0 bytes for permanent pool.
LogConfig: Applying CVar settings from Section [/Script/Engine.StreamingSettings] File [D:/Documents/AntiquesTheGame/AntiquesTheGame/Saved/Config/Windows/Engine.ini]
LogConfig: Setting CVar [[s.MinBulkDataSizeForAsyncLoading:131072]]
LogConfig: Setting CVar [[s.AsyncLoadingThreadEnabled:0]]
LogConfig: Setting CVar [[s.EventDrivenLoaderEnabled:1]]
LogConfig: Setting CVar [[s.WarnIfTimeLimitExceeded:0]]
LogConfig: Setting CVar [[s.TimeLimitExceededMultiplier:1.5]]
LogConfig: Setting CVar [[s.TimeLimitExceededMinTime:0.005]]
LogConfig: Setting CVar [[s.UseBackgroundLevelStreaming:1]]
LogConfig: Setting CVar [[s.PriorityAsyncLoadingExtraTime:15.0]]
LogConfig: Setting CVar [[s.LevelStreamingActorsUpdateTimeLimit:5.0]]
LogConfig: Setting CVar [[s.PriorityLevelStreamingActorsUpdateExtraTime:5.0]]
LogConfig: Setting CVar [[s.LevelStreamingComponentsRegistrationGranularity:10]]
LogConfig: Setting CVar [[s.UnregisterComponentsTimeLimit:1.0]]
LogConfig: Setting CVar [[s.LevelStreamingComponentsUnregistrationGranularity:5]]
LogConfig: Setting CVar [[s.FlushStreamingOnExit:1]]
LogInit: Object subsystem initialized
LogConfig: Setting CVar [[con.DebugEarlyDefault:1]]
LogConfig: Setting CVar [[r.setres:1280x720]]
[2022.01.22-21.27.24:577][  0]LogConfig: Setting CVar [[r.VSync:0]]
[2022.01.22-21.27.24:577][  0]LogConfig: Setting CVar [[r.RHICmdBypass:0]]
[2022.01.22-21.27.24:577][  0]LogConfig: Applying CVar settings from Section [/Script/Engine.RendererSettings] File [D:/Documents/AntiquesTheGame/AntiquesTheGame/Saved/Config/Windows/Engine.ini]
[2022.01.22-21.27.24:577][  0]LogConfig: Setting CVar [[r.GPUCrashDebugging:0]]
[2022.01.22-21.27.24:577][  0]LogConfig: Applying CVar settings from Section [/Script/Engine.RendererOverrideSettings] File [D:/Documents/AntiquesTheGame/AntiquesTheGame/Saved/Config/Windows/Engine.ini]
[2022.01.22-21.27.24:577][  0]LogConfig: Applying CVar settings from Section [/Script/Engine.StreamingSettings] File [D:/Documents/AntiquesTheGame/AntiquesTheGame/Saved/Config/Windows/Engine.ini]
[2022.01.22-21.27.24:577][  0]LogConfig: Setting CVar [[s.MinBulkDataSizeForAsyncLoading:131072]]
[2022.01.22-21.27.24:577][  0]LogConfig: Setting CVar [[s.AsyncLoadingThreadEnabled:0]]
[2022.01.22-21.27.24:577][  0]LogConfig: Setting CVar [[s.EventDrivenLoaderEnabled:1]]
[2022.01.22-21.27.24:577][  0]LogConfig: Setting CVar [[s.WarnIfTimeLimitExceeded:0]]
[2022.01.22-21.27.24:577][  0]LogConfig: Setting CVar [[s.TimeLimitExceededMultiplier:1.5]]
[2022.01.22-21.27.24:577][  0]LogConfig: Setting CVar [[s.TimeLimitExceededMinTime:0.005]]
[2022.01.22-21.27.24:577][  0]LogConfig: Setting CVar [[s.UseBackgroundLevelStreaming:1]]
[2022.01.22-21.27.24:577][  0]LogConfig: Setting CVar [[s.PriorityAsyncLoadingExtraTime:15.0]]
[2022.01.22-21.27.24:577][  0]LogConfig: Setting CVar [[s.LevelStreamingActorsUpdateTimeLimit:5.0]]
[2022.01.22-21.27.24:577][  0]LogConfig: Setting CVar [[s.PriorityLevelStreamingActorsUpdateExtraTime:5.0]]
[2022.01.22-21.27.24:577][  0]LogConfig: Setting CVar [[s.LevelStreamingComponentsRegistrationGranularity:10]]
[2022.01.22-21.27.24:577][  0]LogConfig: Setting CVar [[s.UnregisterComponentsTimeLimit:1.0]]
[2022.01.22-21.27.24:577][  0]LogConfig: Setting CVar [[s.LevelStreamingComponentsUnregistrationGranularity:5]]
[2022.01.22-21.27.24:577][  0]LogConfig: Setting CVar [[s.FlushStreamingOnExit:1]]
[2022.01.22-21.27.24:577][  0]LogConfig: Applying CVar settings from Section [/Script/Engine.GarbageCollectionSettings] File [D:/Documents/AntiquesTheGame/AntiquesTheGame/Saved/Config/Windows/Engine.ini]
[2022.01.22-21.27.24:577][  0]LogConfig: Setting CVar [[gc.MaxObjectsNotConsideredByGC:1]]
[2022.01.22-21.27.24:577][  0]LogConfig: Setting CVar [[gc.SizeOfPermanentObjectPool:0]]
[2022.01.22-21.27.24:577][  0]LogConfig: Setting CVar [[gc.FlushStreamingOnGC:0]]
[2022.01.22-21.27.24:577][  0]LogConfig: Setting CVar [[gc.NumRetriesBeforeForcingGC:10]]
[2022.01.22-21.27.24:577][  0]LogConfig: Setting CVar [[gc.AllowParallelGC:1]]
[2022.01.22-21.27.24:577][  0]LogConfig: Setting CVar [[gc.TimeBetweenPurgingPendingKillObjects:61.1]]
[2022.01.22-21.27.24:577][  0]LogConfig: Setting CVar [[gc.MaxObjectsInEditor:25165824]]
[2022.01.22-21.27.24:577][  0]LogConfig: Setting CVar [[gc.IncrementalBeginDestroyEnabled:1]]
[2022.01.22-21.27.24:577][  0]LogConfig: Setting CVar [[gc.CreateGCClusters:1]]
[2022.01.22-21.27.24:577][  0]LogConfig: Setting CVar [[gc.MinGCClusterSize:5]]
[2022.01.22-21.27.24:577][  0]LogConfig: Setting CVar [[gc.ActorClusteringEnabled:0]]
[2022.01.22-21.27.24:577][  0]LogConfig: Setting CVar [[gc.BlueprintClusteringEnabled:0]]
[2022.01.22-21.27.24:577][  0]LogConfig: Setting CVar [[gc.UseDisregardForGCOnDedicatedServers:0]]
[2022.01.22-21.27.24:577][  0]LogConfig: Setting CVar [[gc.MultithreadedDestructionEnabled:1]]
[2022.01.22-21.27.24:577][  0]LogConfig: Applying CVar settings from Section [/Script/Engine.NetworkSettings] File [D:/Documents/AntiquesTheGame/AntiquesTheGame/Saved/Config/Windows/Engine.ini]
[2022.01.22-21.27.24:577][  0]LogConfig: Applying CVar settings from Section [/Script/UnrealEd.CookerSettings] File [D:/Documents/AntiquesTheGame/AntiquesTheGame/Saved/Config/Windows/Engine.ini]
[2022.01.22-21.27.24:593][  0]LogConfig: Applying CVar settings from Section [ViewDistanceQuality@3] File [D:/Documents/AntiquesTheGame/AntiquesTheGame/Saved/Config/Windows/Scalability.ini]
[2022.01.22-21.27.24:593][  0]LogConfig: Setting CVar [[r.SkeletalMeshLODBias:0]]
[2022.01.22-21.27.24:593][  0]LogConfig: Setting CVar [[r.ViewDistanceScale:1.0]]
[2022.01.22-21.27.24:593][  0]LogConfig: Applying CVar settings from Section [AntiAliasingQuality@3] File [D:/Documents/AntiquesTheGame/AntiquesTheGame/Saved/Config/Windows/Scalability.ini]
[2022.01.22-21.27.24:593][  0]LogConfig: Setting CVar [[r.PostProcessAAQuality:4]]
[2022.01.22-21.27.24:593][  0]LogConfig: Applying CVar settings from Section [ShadowQuality@3] File [D:/Documents/AntiquesTheGame/AntiquesTheGame/Saved/Config/Windows/Scalability.ini]
[2022.01.22-21.27.24:593][  0]LogConfig: Setting CVar [[r.LightFunctionQuality:1]]
[2022.01.22-21.27.24:593][  0]LogConfig: Setting CVar [[r.ShadowQuality:5]]
[2022.01.22-21.27.24:593][  0]LogConfig: Setting CVar [[r.Shadow.CSM.MaxCascades:10]]
[2022.01.22-21.27.24:593][  0]LogConfig: Setting CVar [[r.Shadow.MaxResolution:2048]]
[2022.01.22-21.27.24:593][  0]LogConfig: Setting CVar [[r.Shadow.MaxCSMResolution:2048]]
[2022.01.22-21.27.24:593][  0]LogConfig: Setting CVar [[r.Shadow.RadiusThreshold:0.01]]
[2022.01.22-21.27.24:593][  0]LogConfig: Setting CVar [[r.Shadow.DistanceScale:1.0]]
[2022.01.22-21.27.24:593][  0]LogConfig: Setting CVar [[r.Shadow.CSM.TransitionScale:1.0]]
[2022.01.22-21.27.24:593][  0]LogConfig: Setting CVar [[r.Shadow.PreShadowResolutionFactor:1.0]]
[2022.01.22-21.27.24:593][  0]LogConfig: Setting CVar [[r.DistanceFieldShadowing:1]]
[2022.01.22-21.27.24:593][  0]LogConfig: Setting CVar [[r.DistanceFieldAO:1]]
[2022.01.22-21.27.24:594][  0]LogConfig: Setting CVar [[r.AOQuality:2]]
[2022.01.22-21.27.24:594][  0]LogConfig: Setting CVar [[r.VolumetricFog:1]]
[2022.01.22-21.27.24:594][  0]LogConfig: Setting CVar [[r.VolumetricFog.GridPixelSize:8]]
[2022.01.22-21.27.24:594][  0]LogConfig: Setting CVar [[r.VolumetricFog.GridSizeZ:128]]
[2022.01.22-21.27.24:594][  0]LogConfig: Setting CVar [[r.VolumetricFog.HistoryMissSupersampleCount:4]]
[2022.01.22-21.27.24:594][  0]LogConfig: Setting CVar [[r.LightMaxDrawDistanceScale:1]]
[2022.01.22-21.27.24:594][  0]LogConfig: Setting CVar [[r.CapsuleShadows:1]]
[2022.01.22-21.27.24:594][  0]LogConfig: Applying CVar settings from Section [PostProcessQuality@3] File [D:/Documents/AntiquesTheGame/AntiquesTheGame/Saved/Config/Windows/Scalability.ini]
[2022.01.22-21.27.24:594][  0]LogConfig: Setting CVar [[r.MotionBlurQuality:4]]
[2022.01.22-21.27.24:594][  0]LogConfig: Setting CVar [[r.AmbientOcclusionMipLevelFactor:0.4]]
[2022.01.22-21.27.24:594][  0]LogConfig: Setting CVar [[r.AmbientOcclusionMaxQuality:100]]
[2022.01.22-21.27.24:594][  0]LogConfig: Setting CVar [[r.AmbientOcclusionLevels:-1]]
[2022.01.22-21.27.24:594][  0]LogConfig: Setting CVar [[r.AmbientOcclusionRadiusScale:1.0]]
[2022.01.22-21.27.24:594][  0]LogConfig: Setting CVar [[r.DepthOfFieldQuality:2]]
[2022.01.22-21.27.24:594][  0]LogConfig: Setting CVar [[r.RenderTargetPoolMin:400]]
[2022.01.22-21.27.24:594][  0]LogConfig: Setting CVar [[r.LensFlareQuality:2]]
[2022.01.22-21.27.24:594][  0]LogConfig: Setting CVar [[r.SceneColorFringeQuality:1]]
[2022.01.22-21.27.24:594][  0]LogConfig: Setting CVar [[r.EyeAdaptationQuality:2]]
[2022.01.22-21.27.24:594][  0]LogConfig: Setting CVar [[r.BloomQuality:5]]
[2022.01.22-21.27.24:594][  0]LogConfig: Setting CVar [[r.FastBlurThreshold:100]]
[2022.01.22-21.27.24:594][  0]LogConfig: Setting CVar [[r.Upscale.Quality:3]]
[2022.01.22-21.27.24:594][  0]LogConfig: Setting CVar [[r.Tonemapper.GrainQuantization:1]]
[2022.01.22-21.27.24:594][  0]LogConfig: Setting CVar [[r.LightShaftQuality:1]]
[2022.01.22-21.27.24:594][  0]LogConfig: Setting CVar [[r.Filter.SizeScale:1]]
[2022.01.22-21.27.24:594][  0]LogConfig: Setting CVar [[r.Tonemapper.Quality:5]]
[2022.01.22-21.27.24:594][  0]LogConfig: Setting CVar [[r.DOF.Gather.AccumulatorQuality:1        ; higher gathering accumulator quality]]
[2022.01.22-21.27.24:594][  0]LogConfig: Setting CVar [[r.DOF.Gather.PostfilterMethod:1          ; Median3x3 postfilering method]]
[2022.01.22-21.27.24:594][  0]LogConfig: Setting CVar [[r.DOF.Gather.EnableBokehSettings:0       ; no bokeh simulation when gathering]]
[2022.01.22-21.27.24:594][  0]LogConfig: Setting CVar [[r.DOF.Gather.RingCount:4                 ; medium number of samples when gathering]]
[2022.01.22-21.27.24:594][  0]LogConfig: Setting CVar [[r.DOF.Scatter.ForegroundCompositing:1    ; additive foreground scattering]]
[2022.01.22-21.27.24:594][  0]LogConfig: Setting CVar [[r.DOF.Scatter.BackgroundCompositing:2    ; additive background scattering]]
[2022.01.22-21.27.24:594][  0]LogConfig: Setting CVar [[r.DOF.Scatter.EnableBokehSettings:1      ; bokeh simulation when scattering]]
[2022.01.22-21.27.24:594][  0]LogConfig: Setting CVar [[r.DOF.Scatter.MaxSpriteRatio:0.1         ; only a maximum of 10% of scattered bokeh]]
[2022.01.22-21.27.24:594][  0]LogConfig: Setting CVar [[r.DOF.Recombine.Quality:1                ; cheap slight out of focus]]
[2022.01.22-21.27.24:594][  0]LogConfig: Setting CVar [[r.DOF.Recombine.EnableBokehSettings:0    ; no bokeh simulation on slight out of focus]]
[2022.01.22-21.27.24:594][  0]LogConfig: Setting CVar [[r.DOF.TemporalAAQuality:1                ; more stable temporal accumulation]]
[2022.01.22-21.27.24:594][  0]LogConfig: Setting CVar [[r.DOF.Kernel.MaxForegroundRadius:0.025]]
[2022.01.22-21.27.24:594][  0]LogConfig: Setting CVar [[r.DOF.Kernel.MaxBackgroundRadius:0.025]]
[2022.01.22-21.27.24:594][  0]LogConfig: Applying CVar settings from Section [TextureQuality@3] File [D:/Documents/AntiquesTheGame/AntiquesTheGame/Saved/Config/Windows/Scalability.ini]
[2022.01.22-21.27.24:594][  0]LogConfig: Setting CVar [[r.Streaming.MipBias:0]]
[2022.01.22-21.27.24:594][  0]LogConfig: Setting CVar [[r.Streaming.AmortizeCPUToGPUCopy:0]]
[2022.01.22-21.27.24:594][  0]LogConfig: Setting CVar [[r.Streaming.MaxNumTexturesToStreamPerFrame:0]]
[2022.01.22-21.27.24:594][  0]LogConfig: Setting CVar [[r.Streaming.Boost:1]]
[2022.01.22-21.27.24:594][  0]LogConfig: Setting CVar [[r.MaxAnisotropy:8]]
[2022.01.22-21.27.24:594][  0]LogConfig: Setting CVar [[r.VT.MaxAnisotropy:8]]
[2022.01.22-21.27.24:594][  0]LogConfig: Setting CVar [[r.Streaming.LimitPoolSizeToVRAM:0]]
[2022.01.22-21.27.24:594][  0]LogConfig: Setting CVar [[r.Streaming.PoolSize:1000]]
[2022.01.22-21.27.24:594][  0]LogConfig: Setting CVar [[r.Streaming.MaxEffectiveScreenSize:0]]
[2022.01.22-21.27.24:594][  0]LogConfig: Applying CVar settings from Section [EffectsQuality@3] File [D:/Documents/AntiquesTheGame/AntiquesTheGame/Saved/Config/Windows/Scalability.ini]
[2022.01.22-21.27.24:594][  0]LogConfig: Setting CVar [[r.TranslucencyLightingVolumeDim:64]]
[2022.01.22-21.27.24:594][  0]LogConfig: Setting CVar [[r.RefractionQuality:2]]
[2022.01.22-21.27.24:594][  0]LogConfig: Setting CVar [[r.SSR.Quality:3]]
[2022.01.22-21.27.24:594][  0]LogConfig: Setting CVar [[r.SSR.HalfResSceneColor:0]]
[2022.01.22-21.27.24:594][  0]LogConfig: Setting CVar [[r.SceneColorFormat:4]]
[2022.01.22-21.27.24:594][  0]LogConfig: Setting CVar [[r.DetailMode:2]]
[2022.01.22-21.27.24:594][  0]LogConfig: Setting CVar [[r.TranslucencyVolumeBlur:1]]
[2022.01.22-21.27.24:594][  0]LogConfig: Setting CVar [[r.MaterialQualityLevel:1 ; High quality]]
[2022.01.22-21.27.24:594][  0]LogConfig: Setting CVar [[r.AnisotropicMaterials:1]]
[2022.01.22-21.27.24:594][  0]LogConfig: Setting CVar [[r.SSS.Scale:1]]
[2022.01.22-21.27.24:594][  0]LogConfig: Setting CVar [[r.SSS.SampleSet:2]]
[2022.01.22-21.27.24:594][  0]LogConfig: Setting CVar [[r.SSS.Quality:1]]
[2022.01.22-21.27.24:594][  0]LogConfig: Setting CVar [[r.SSS.HalfRes:0]]
[2022.01.22-21.27.24:594][  0]LogConfig: Setting CVar [[r.SSGI.Quality:3]]
[2022.01.22-21.27.24:594][  0]LogConfig: Setting CVar [[r.EmitterSpawnRateScale:1.0]]
[2022.01.22-21.27.24:594][  0]LogConfig: Setting CVar [[r.ParticleLightQuality:2]]
[2022.01.22-21.27.24:594][  0]LogConfig: Setting CVar [[r.SkyAtmosphere.AerialPerspectiveLUT.FastApplyOnOpaque:1 ; Always have FastSkyLUT 1 in this case to avoid wrong sky]]
[2022.01.22-21.27.24:594][  0]LogConfig: Setting CVar [[r.SkyAtmosphere.AerialPerspectiveLUT.SampleCountMaxPerSlice:4]]
[2022.01.22-21.27.24:594][  0]LogConfig: Setting CVar [[r.SkyAtmosphere.AerialPerspectiveLUT.DepthResolution:16.0]]
[2022.01.22-21.27.24:594][  0]LogConfig: Setting CVar [[r.SkyAtmosphere.FastSkyLUT:1]]
[2022.01.22-21.27.24:594][  0]LogConfig: Setting CVar [[r.SkyAtmosphere.FastSkyLUT.SampleCountMin:4.0]]
[2022.01.22-21.27.24:594][  0]LogConfig: Setting CVar [[r.SkyAtmosphere.FastSkyLUT.SampleCountMax:128.0]]
[2022.01.22-21.27.24:594][  0]LogConfig: Setting CVar [[r.SkyAtmosphere.SampleCountMin:4.0]]
[2022.01.22-21.27.24:594][  0]LogConfig: Setting CVar [[r.SkyAtmosphere.SampleCountMax:128.0]]
[2022.01.22-21.27.24:594][  0]LogConfig: Setting CVar [[r.SkyAtmosphere.TransmittanceLUT.UseSmallFormat:0]]
[2022.01.22-21.27.24:594][  0]LogConfig: Setting CVar [[r.SkyAtmosphere.TransmittanceLUT.SampleCount:10.0]]
[2022.01.22-21.27.24:594][  0]LogConfig: Setting CVar [[r.SkyAtmosphere.MultiScatteringLUT.SampleCount:15.0]]
[2022.01.22-21.27.24:594][  0]LogConfig: Setting CVar [[r.SkyLight.RealTimeReflectionCapture:1]]
[2022.01.22-21.27.24:594][  0]LogConfig: Applying CVar settings from Section [FoliageQuality@3] File [D:/Documents/AntiquesTheGame/AntiquesTheGame/Saved/Config/Windows/Scalability.ini]
[2022.01.22-21.27.24:594][  0]LogConfig: Setting CVar [[foliage.DensityScale:1.0]]
[2022.01.22-21.27.24:594][  0]LogConfig: Setting CVar [[grass.DensityScale:1.0]]
[2022.01.22-21.27.24:594][  0]LogConfig: Applying CVar settings from Section [ShadingQuality@3] File [D:/Documents/AntiquesTheGame/AntiquesTheGame/Saved/Config/Windows/Scalability.ini]
[2022.01.22-21.27.24:594][  0]LogConfig: Setting CVar [[r.HairStrands.SkyLighting.IntegrationType:2]]
[2022.01.22-21.27.24:594][  0]LogConfig: Setting CVar [[r.HairStrands.SkyAO.SampleCount:4]]
[2022.01.22-21.27.24:594][  0]LogConfig: Setting CVar [[r.HairStrands.Visibility.MSAA.SamplePerPixel:4]]
[2022.01.22-21.27.24:594][  0]LogInit: Selected Device Profile: [Windows]
[2022.01.22-21.27.24:595][  0]LogInit: Applying CVar settings loaded from the selected device profile: [Windows]
[2022.01.22-21.27.24:595][  0]LogHAL: Display: Platform has ~ 16 GB [17061007360 / 17179869184 / 16], which maps to Larger [LargestMinGB=32, LargerMinGB=12, DefaultMinGB=8, SmallerMinGB=6, SmallestMinGB=0)
[2022.01.22-21.27.24:595][  0]LogInit: Going up to parent DeviceProfile []
[2022.01.22-21.27.24:595][  0]LogConfig: Applying CVar settings from Section [ViewDistanceQuality@3] File [D:/Documents/AntiquesTheGame/AntiquesTheGame/Saved/Config/Windows/Scalability.ini]
[2022.01.22-21.27.24:595][  0]LogConfig: Setting CVar [[r.SkeletalMeshLODBias:0]]
[2022.01.22-21.27.24:595][  0]LogConfig: Setting CVar [[r.ViewDistanceScale:1.0]]
[2022.01.22-21.27.24:595][  0]LogConfig: Applying CVar settings from Section [AntiAliasingQuality@3] File [D:/Documents/AntiquesTheGame/AntiquesTheGame/Saved/Config/Windows/Scalability.ini]
[2022.01.22-21.27.24:595][  0]LogConfig: Setting CVar [[r.PostProcessAAQuality:4]]
[2022.01.22-21.27.24:595][  0]LogConfig: Applying CVar settings from Section [ShadowQuality@3] File [D:/Documents/AntiquesTheGame/AntiquesTheGame/Saved/Config/Windows/Scalability.ini]
[2022.01.22-21.27.24:595][  0]LogConfig: Setting CVar [[r.LightFunctionQuality:1]]
[2022.01.22-21.27.24:595][  0]LogConfig: Setting CVar [[r.ShadowQuality:5]]
[2022.01.22-21.27.24:595][  0]LogConfig: Setting CVar [[r.Shadow.CSM.MaxCascades:10]]
[2022.01.22-21.27.24:595][  0]LogConfig: Setting CVar [[r.Shadow.MaxResolution:2048]]
[2022.01.22-21.27.24:595][  0]LogConfig: Setting CVar [[r.Shadow.MaxCSMResolution:2048]]
[2022.01.22-21.27.24:595][  0]LogConfig: Setting CVar [[r.Shadow.RadiusThreshold:0.01]]
[2022.01.22-21.27.24:595][  0]LogConfig: Setting CVar [[r.Shadow.DistanceScale:1.0]]
[2022.01.22-21.27.24:595][  0]LogConfig: Setting CVar [[r.Shadow.CSM.TransitionScale:1.0]]
[2022.01.22-21.27.24:595][  0]LogConfig: Setting CVar [[r.Shadow.PreShadowResolutionFactor:1.0]]
[2022.01.22-21.27.24:595][  0]LogConfig: Setting CVar [[r.DistanceFieldShadowing:1]]
[2022.01.22-21.27.24:595][  0]LogConfig: Setting CVar [[r.DistanceFieldAO:1]]
[2022.01.22-21.27.24:595][  0]LogConfig: Setting CVar [[r.AOQuality:2]]
[2022.01.22-21.27.24:595][  0]LogConfig: Setting CVar [[r.VolumetricFog:1]]
[2022.01.22-21.27.24:595][  0]LogConfig: Setting CVar [[r.VolumetricFog.GridPixelSize:8]]
[2022.01.22-21.27.24:595][  0]LogConfig: Setting CVar [[r.VolumetricFog.GridSizeZ:128]]
[2022.01.22-21.27.24:595][  0]LogConfig: Setting CVar [[r.VolumetricFog.HistoryMissSupersampleCount:4]]
[2022.01.22-21.27.24:595][  0]LogConfig: Setting CVar [[r.LightMaxDrawDistanceScale:1]]
[2022.01.22-21.27.24:595][  0]LogConfig: Setting CVar [[r.CapsuleShadows:1]]
[2022.01.22-21.27.24:595][  0]LogConfig: Applying CVar settings from Section [PostProcessQuality@3] File [D:/Documents/AntiquesTheGame/AntiquesTheGame/Saved/Config/Windows/Scalability.ini]
[2022.01.22-21.27.24:595][  0]LogConfig: Setting CVar [[r.MotionBlurQuality:4]]
[2022.01.22-21.27.24:595][  0]LogConfig: Setting CVar [[r.AmbientOcclusionMipLevelFactor:0.4]]
[2022.01.22-21.27.24:595][  0]LogConfig: Setting CVar [[r.AmbientOcclusionMaxQuality:100]]
[2022.01.22-21.27.24:595][  0]LogConfig: Setting CVar [[r.AmbientOcclusionLevels:-1]]
[2022.01.22-21.27.24:595][  0]LogConfig: Setting CVar [[r.AmbientOcclusionRadiusScale:1.0]]
[2022.01.22-21.27.24:595][  0]LogConfig: Setting CVar [[r.DepthOfFieldQuality:2]]
[2022.01.22-21.27.24:595][  0]LogConfig: Setting CVar [[r.RenderTargetPoolMin:400]]
[2022.01.22-21.27.24:595][  0]LogConfig: Setting CVar [[r.LensFlareQuality:2]]
[2022.01.22-21.27.24:595][  0]LogConfig: Setting CVar [[r.SceneColorFringeQuality:1]]
[2022.01.22-21.27.24:595][  0]LogConfig: Setting CVar [[r.EyeAdaptationQuality:2]]
[2022.01.22-21.27.24:595][  0]LogConfig: Setting CVar [[r.BloomQuality:5]]
[2022.01.22-21.27.24:595][  0]LogConfig: Setting CVar [[r.FastBlurThreshold:100]]
[2022.01.22-21.27.24:595][  0]LogConfig: Setting CVar [[r.Upscale.Quality:3]]
[2022.01.22-21.27.24:595][  0]LogConfig: Setting CVar [[r.Tonemapper.GrainQuantization:1]]
[2022.01.22-21.27.24:595][  0]LogConfig: Setting CVar [[r.LightShaftQuality:1]]
[2022.01.22-21.27.24:595][  0]LogConfig: Setting CVar [[r.Filter.SizeScale:1]]
[2022.01.22-21.27.24:595][  0]LogConfig: Setting CVar [[r.Tonemapper.Quality:5]]
[2022.01.22-21.27.24:595][  0]LogConfig: Setting CVar [[r.DOF.Gather.AccumulatorQuality:1        ; higher gathering accumulator quality]]
[2022.01.22-21.27.24:595][  0]LogConfig: Setting CVar [[r.DOF.Gather.PostfilterMethod:1          ; Median3x3 postfilering method]]
[2022.01.22-21.27.24:595][  0]LogConfig: Setting CVar [[r.DOF.Gather.EnableBokehSettings:0       ; no bokeh simulation when gathering]]
[2022.01.22-21.27.24:595][  0]LogConfig: Setting CVar [[r.DOF.Gather.RingCount:4                 ; medium number of samples when gathering]]
[2022.01.22-21.27.24:595][  0]LogConfig: Setting CVar [[r.DOF.Scatter.ForegroundCompositing:1    ; additive foreground scattering]]
[2022.01.22-21.27.24:595][  0]LogConfig: Setting CVar [[r.DOF.Scatter.BackgroundCompositing:2    ; additive background scattering]]
[2022.01.22-21.27.24:595][  0]LogConfig: Setting CVar [[r.DOF.Scatter.EnableBokehSettings:1      ; bokeh simulation when scattering]]
[2022.01.22-21.27.24:595][  0]LogConfig: Setting CVar [[r.DOF.Scatter.MaxSpriteRatio:0.1         ; only a maximum of 10% of scattered bokeh]]
[2022.01.22-21.27.24:595][  0]LogConfig: Setting CVar [[r.DOF.Recombine.Quality:1                ; cheap slight out of focus]]
[2022.01.22-21.27.24:595][  0]LogConfig: Setting CVar [[r.DOF.Recombine.EnableBokehSettings:0    ; no bokeh simulation on slight out of focus]]
[2022.01.22-21.27.24:595][  0]LogConfig: Setting CVar [[r.DOF.TemporalAAQuality:1                ; more stable temporal accumulation]]
[2022.01.22-21.27.24:595][  0]LogConfig: Setting CVar [[r.DOF.Kernel.MaxForegroundRadius:0.025]]
[2022.01.22-21.27.24:595][  0]LogConfig: Setting CVar [[r.DOF.Kernel.MaxBackgroundRadius:0.025]]
[2022.01.22-21.27.24:595][  0]LogConfig: Applying CVar settings from Section [TextureQuality@3] File [D:/Documents/AntiquesTheGame/AntiquesTheGame/Saved/Config/Windows/Scalability.ini]
[2022.01.22-21.27.24:595][  0]LogConfig: Setting CVar [[r.Streaming.MipBias:0]]
[2022.01.22-21.27.24:595][  0]LogConfig: Setting CVar [[r.Streaming.AmortizeCPUToGPUCopy:0]]
[2022.01.22-21.27.24:595][  0]LogConfig: Setting CVar [[r.Streaming.MaxNumTexturesToStreamPerFrame:0]]
[2022.01.22-21.27.24:595][  0]LogConfig: Setting CVar [[r.Streaming.Boost:1]]
[2022.01.22-21.27.24:595][  0]LogConfig: Setting CVar [[r.MaxAnisotropy:8]]
[2022.01.22-21.27.24:595][  0]LogConfig: Setting CVar [[r.VT.MaxAnisotropy:8]]
[2022.01.22-21.27.24:595][  0]LogConfig: Setting CVar [[r.Streaming.LimitPoolSizeToVRAM:0]]
[2022.01.22-21.27.24:595][  0]LogConfig: Setting CVar [[r.Streaming.PoolSize:1000]]
[2022.01.22-21.27.24:595][  0]LogConfig: Setting CVar [[r.Streaming.MaxEffectiveScreenSize:0]]
[2022.01.22-21.27.24:595][  0]LogConfig: Applying CVar settings from Section [EffectsQuality@3] File [D:/Documents/AntiquesTheGame/AntiquesTheGame/Saved/Config/Windows/Scalability.ini]
[2022.01.22-21.27.24:595][  0]LogConfig: Setting CVar [[r.TranslucencyLightingVolumeDim:64]]
[2022.01.22-21.27.24:595][  0]LogConfig: Setting CVar [[r.RefractionQuality:2]]
[2022.01.22-21.27.24:595][  0]LogConfig: Setting CVar [[r.SSR.Quality:3]]
[2022.01.22-21.27.24:595][  0]LogConfig: Setting CVar [[r.SSR.HalfResSceneColor:0]]
[2022.01.22-21.27.24:595][  0]LogConfig: Setting CVar [[r.SceneColorFormat:4]]
[2022.01.22-21.27.24:595][  0]LogConfig: Setting CVar [[r.DetailMode:2]]
[2022.01.22-21.27.24:595][  0]LogConfig: Setting CVar [[r.TranslucencyVolumeBlur:1]]
[2022.01.22-21.27.24:595][  0]LogConfig: Setting CVar [[r.MaterialQualityLevel:1 ; High quality]]
[2022.01.22-21.27.24:595][  0]LogConfig: Setting CVar [[r.AnisotropicMaterials:1]]
[2022.01.22-21.27.24:595][  0]LogConfig: Setting CVar [[r.SSS.Scale:1]]
[2022.01.22-21.27.24:595][  0]LogConfig: Setting CVar [[r.SSS.SampleSet:2]]
[2022.01.22-21.27.24:595][  0]LogConfig: Setting CVar [[r.SSS.Quality:1]]
[2022.01.22-21.27.24:595][  0]LogConfig: Setting CVar [[r.SSS.HalfRes:0]]
[2022.01.22-21.27.24:595][  0]LogConfig: Setting CVar [[r.SSGI.Quality:3]]
[2022.01.22-21.27.24:595][  0]LogConfig: Setting CVar [[r.EmitterSpawnRateScale:1.0]]
[2022.01.22-21.27.24:596][  0]LogConfig: Setting CVar [[r.ParticleLightQuality:2]]
[2022.01.22-21.27.24:596][  0]LogConfig: Setting CVar [[r.SkyAtmosphere.AerialPerspectiveLUT.FastApplyOnOpaque:1 ; Always have FastSkyLUT 1 in this case to avoid wrong sky]]
[2022.01.22-21.27.24:596][  0]LogConfig: Setting CVar [[r.SkyAtmosphere.AerialPerspectiveLUT.SampleCountMaxPerSlice:4]]
[2022.01.22-21.27.24:596][  0]LogConfig: Setting CVar [[r.SkyAtmosphere.AerialPerspectiveLUT.DepthResolution:16.0]]
[2022.01.22-21.27.24:596][  0]LogConfig: Setting CVar [[r.SkyAtmosphere.FastSkyLUT:1]]
[2022.01.22-21.27.24:596][  0]LogConfig: Setting CVar [[r.SkyAtmosphere.FastSkyLUT.SampleCountMin:4.0]]
[2022.01.22-21.27.24:596][  0]LogConfig: Setting CVar [[r.SkyAtmosphere.FastSkyLUT.SampleCountMax:128.0]]
[2022.01.22-21.27.24:596][  0]LogConfig: Setting CVar [[r.SkyAtmosphere.SampleCountMin:4.0]]
[2022.01.22-21.27.24:596][  0]LogConfig: Setting CVar [[r.SkyAtmosphere.SampleCountMax:128.0]]
[2022.01.22-21.27.24:596][  0]LogConfig: Setting CVar [[r.SkyAtmosphere.TransmittanceLUT.UseSmallFormat:0]]
[2022.01.22-21.27.24:596][  0]LogConfig: Setting CVar [[r.SkyAtmosphere.TransmittanceLUT.SampleCount:10.0]]
[2022.01.22-21.27.24:596][  0]LogConfig: Setting CVar [[r.SkyAtmosphere.MultiScatteringLUT.SampleCount:15.0]]
[2022.01.22-21.27.24:596][  0]LogConfig: Setting CVar [[r.SkyLight.RealTimeReflectionCapture:1]]
[2022.01.22-21.27.24:596][  0]LogConfig: Applying CVar settings from Section [FoliageQuality@3] File [D:/Documents/AntiquesTheGame/AntiquesTheGame/Saved/Config/Windows/Scalability.ini]
[2022.01.22-21.27.24:596][  0]LogConfig: Setting CVar [[foliage.DensityScale:1.0]]
[2022.01.22-21.27.24:596][  0]LogConfig: Setting CVar [[grass.DensityScale:1.0]]
[2022.01.22-21.27.24:596][  0]LogConfig: Applying CVar settings from Section [ShadingQuality@3] File [D:/Documents/AntiquesTheGame/AntiquesTheGame/Saved/Config/Windows/Scalability.ini]
[2022.01.22-21.27.24:596][  0]LogConfig: Setting CVar [[r.HairStrands.SkyLighting.IntegrationType:2]]
[2022.01.22-21.27.24:596][  0]LogConfig: Setting CVar [[r.HairStrands.SkyAO.SampleCount:4]]
[2022.01.22-21.27.24:596][  0]LogConfig: Setting CVar [[r.HairStrands.Visibility.MSAA.SamplePerPixel:4]]
[2022.01.22-21.27.24:596][  0]LogConfig: Applying CVar settings from Section [Startup] File [../../../Engine/Config/ConsoleVariables.ini]
[2022.01.22-21.27.24:596][  0]LogConfig: Setting CVar [[net.UseAdaptiveNetUpdateFrequency:0]]
[2022.01.22-21.27.24:596][  0]LogConfig: Setting CVar [[p.chaos.AllowCreatePhysxBodies:1]]
[2022.01.22-21.27.24:596][  0]LogConfig: Setting CVar [[fx.SkipVectorVMBackendOptimizations:1]]
[2022.01.22-21.27.24:596][  0]LogConfig: Applying CVar settings from Section [ConsoleVariables] File [D:/Documents/AntiquesTheGame/AntiquesTheGame/Saved/Config/Windows/Engine.ini]
[2022.01.22-21.27.24:596][  0]LogConfig: Applying CVar settings from Section [ConsoleVariables] File [D:/Documents/AntiquesTheGame/AntiquesTheGame/Saved/Config/Windows/Editor.ini]
[2022.01.22-21.27.24:596][  0]LogInit: Computer: DESKTOP-S82ECN3
[2022.01.22-21.27.24:596][  0]LogInit: User: leees
[2022.01.22-21.27.24:596][  0]LogInit: CPU Page size=4096, Cores=6
[2022.01.22-21.27.24:596][  0]LogInit: High frequency timer resolution =10.000000 MHz
[2022.01.22-21.27.24:596][  0]LogMemory: Memory total: Physical=15.9GB (16GB approx)
[2022.01.22-21.27.24:596][  0]LogMemory: Platform Memory Stats for Windows
[2022.01.22-21.27.24:596][  0]LogMemory: Process Physical Memory: 149.33 MB used, 149.34 MB peak
[2022.01.22-21.27.24:596][  0]LogMemory: Process Virtual Memory: 134.43 MB used, 134.43 MB peak
[2022.01.22-21.27.24:596][  0]LogMemory: Physical Memory: 11692.38 MB used,  4578.27 MB free, 16270.64 MB total
[2022.01.22-21.27.24:596][  0]LogMemory: Virtual Memory: 134212528.00 MB used,  5203.14 MB free, 134217728.00 MB total
[2022.01.22-21.27.24:602][  0]LogWindows: WindowsPlatformFeatures enabled
[2022.01.22-21.27.24:626][  0]LogInit: Physics initialised using underlying interface: PhysX
[2022.01.22-21.27.24:627][  0]LogInit: Using OS detected language (en-US).
[2022.01.22-21.27.24:627][  0]LogInit: Using OS detected locale (en-GB).
[2022.01.22-21.27.24:629][  0]LogTextLocalizationManager: No specific localization for 'en-US' exists, so the 'en' localization will be used.
[2022.01.22-21.27.24:803][  0]LogInit: Setting process to per monitor DPI aware
[2022.01.22-21.27.24:820][  0]LogWindowsTextInputMethodSystem: Display: IME system deactivated.
[2022.01.22-21.27.24:833][  0]LogSlate: New Slate User Created.  User Index 0, Is Virtual User: 0
[2022.01.22-21.27.24:833][  0]LogSlate: Slate User Registered.  User Index 0, Is Virtual User: 0
[2022.01.22-21.27.25:009][  0]LogD3D11RHI: Loaded GFSDK_Aftermath_Lib.x64.dll
[2022.01.22-21.27.30:331][  0]LogHMD: Failed to initialize OpenVR with code 108
[2022.01.22-21.27.30:331][  0]LogD3D11RHI: D3D11 min allowed feature level: 11_0
[2022.01.22-21.27.30:331][  0]LogD3D11RHI: D3D11 max allowed feature level: 11_0
[2022.01.22-21.27.30:331][  0]LogD3D11RHI: D3D11 adapters:
[2022.01.22-21.27.30:411][  0]LogD3D11RHI:    0. 'NVIDIA GeForce GTX 1060 3GB' (Feature Level 11_0)
[2022.01.22-21.27.30:411][  0]LogD3D11RHI:       2988/0/8135 MB DedicatedVideo/DedicatedSystem/SharedSystem, Outputs:2, VendorId:0x10de
[2022.01.22-21.27.30:413][  0]LogD3D11RHI:    1. 'Microsoft Basic Render Driver' (Feature Level 11_0)
[2022.01.22-21.27.30:413][  0]LogD3D11RHI:       0/0/8135 MB DedicatedVideo/DedicatedSystem/SharedSystem, Outputs:0, VendorId:0x1414
[2022.01.22-21.27.30:413][  0]LogD3D11RHI: Chosen D3D11 Adapter:
[2022.01.22-21.27.30:413][  0]LogD3D11RHI:     Description : NVIDIA GeForce GTX 1060 3GB
[2022.01.22-21.27.30:413][  0]LogD3D11RHI:     VendorId    : 10de
[2022.01.22-21.27.30:413][  0]LogD3D11RHI:     DeviceId    : 1c02
[2022.01.22-21.27.30:413][  0]LogD3D11RHI:     SubSysId    : 11c21028
[2022.01.22-21.27.30:413][  0]LogD3D11RHI:     Revision    : 00a1
[2022.01.22-21.27.30:413][  0]LogD3D11RHI:     DedicatedVideoMemory : 3133145088 bytes
[2022.01.22-21.27.30:413][  0]LogD3D11RHI:     DedicatedSystemMemory : 0 bytes
[2022.01.22-21.27.30:413][  0]LogD3D11RHI:     SharedSystemMemory : 8530503680 bytes
[2022.01.22-21.27.30:413][  0]LogD3D11RHI:     AdapterLuid : 0 61420
[2022.01.22-21.27.30:420][  0]LogD3D11RHI: Creating new Direct3DDevice
[2022.01.22-21.27.30:420][  0]LogD3D11RHI:     GPU DeviceId: 0x1c02 (for the marketing name, search the web for "GPU Device Id")
[2022.01.22-21.27.30:420][  0]LogWindows: EnumDisplayDevices:
[2022.01.22-21.27.30:420][  0]LogWindows:    0. 'NVIDIA GeForce GTX 1060 3GB' (P:1 D:1)
[2022.01.22-21.27.30:420][  0]LogWindows:    1. 'NVIDIA GeForce GTX 1060 3GB' (P:0 D:1)
[2022.01.22-21.27.30:420][  0]LogWindows:    2. 'NVIDIA GeForce GTX 1060 3GB' (P:0 D:0)
[2022.01.22-21.27.30:421][  0]LogWindows:    3. 'NVIDIA GeForce GTX 1060 3GB' (P:0 D:0)
[2022.01.22-21.27.30:421][  0]LogWindows: DebugString: FoundDriverCount:4 
[2022.01.22-21.27.30:421][  0]LogD3D11RHI:     Adapter Name: NVIDIA GeForce GTX 1060 3GB
[2022.01.22-21.27.30:421][  0]LogD3D11RHI:   Driver Version: 445.87 (internal:26.21.14.4587, unified:445.87)
[2022.01.22-21.27.30:421][  0]LogD3D11RHI:      Driver Date: 4-3-2020
[2022.01.22-21.27.30:421][  0]LogRHI: Texture pool is 2091 MB (70% of 2988 MB)
[2022.01.22-21.27.30:421][  0]LogD3D11RHI: Creating D3DDevice using adapter:
[2022.01.22-21.27.30:421][  0]LogD3D11RHI:     Description : NVIDIA GeForce GTX 1060 3GB
[2022.01.22-21.27.30:421][  0]LogD3D11RHI:     VendorId    : 10de
[2022.01.22-21.27.30:421][  0]LogD3D11RHI:     DeviceId    : 1c02
[2022.01.22-21.27.30:421][  0]LogD3D11RHI:     SubSysId    : 11c21028
[2022.01.22-21.27.30:421][  0]LogD3D11RHI:     Revision    : 00a1
[2022.01.22-21.27.30:421][  0]LogD3D11RHI:     DedicatedVideoMemory : 3133145088 bytes
[2022.01.22-21.27.30:421][  0]LogD3D11RHI:     DedicatedSystemMemory : 0 bytes
[2022.01.22-21.27.30:421][  0]LogD3D11RHI:     SharedSystemMemory : 8530503680 bytes
[2022.01.22-21.27.30:421][  0]LogD3D11RHI:     AdapterLuid : 0 61420
[2022.01.22-21.27.30:475][  0]LogD3D11RHI: RHI has support for 64 bit atomics
[2022.01.22-21.27.30:475][  0]LogD3D11RHI: Async texture creation enabled
[2022.01.22-21.27.30:475][  0]LogD3D11RHI: Array index from any shader is supported
[2022.01.22-21.27.30:496][  0]LogD3D11RHI: GPU Timing Frequency: 1000.000000 (Debug: 2 1)
[2022.01.22-21.27.30:523][  0]LogRHI: GeForceNow SDK initialized: 1
[2022.01.22-21.27.30:831][  0]LogTargetPlatformManager: Display: Loaded TargetPlatform 'AllDesktop'
[2022.01.22-21.27.30:850][  0]LogTargetPlatformManager: Display: Loaded TargetPlatform 'Android'
[2022.01.22-21.27.30:850][  0]LogTargetPlatformManager: Display: Loaded TargetPlatform 'Android_ASTC'
[2022.01.22-21.27.30:850][  0]LogTargetPlatformManager: Display: Loaded TargetPlatform 'Android_DXT'
[2022.01.22-21.27.30:850][  0]LogTargetPlatformManager: Display: Loaded TargetPlatform 'Android_ETC2'
[2022.01.22-21.27.30:850][  0]LogTargetPlatformManager: Display: Loaded TargetPlatform 'AndroidClient'
[2022.01.22-21.27.30:850][  0]LogTargetPlatformManager: Display: Loaded TargetPlatform 'Android_ASTCClient'
[2022.01.22-21.27.30:850][  0]LogTargetPlatformManager: Display: Loaded TargetPlatform 'Android_DXTClient'
[2022.01.22-21.27.30:850][  0]LogTargetPlatformManager: Display: Loaded TargetPlatform 'Android_ETC2Client'
[2022.01.22-21.27.30:850][  0]LogTargetPlatformManager: Display: Loaded TargetPlatform 'Android_Multi'
[2022.01.22-21.27.30:850][  0]LogTargetPlatformManager: Display: Loaded TargetPlatform 'Android_MultiClient'
[2022.01.22-21.27.30:865][  0]LogTargetPlatformManager: Display: Loaded TargetPlatform 'IOSClient'
[2022.01.22-21.27.30:865][  0]LogTargetPlatformManager: Display: Loaded TargetPlatform 'IOS'
[2022.01.22-21.27.30:874][  0]LogTargetPlatformManager: Display: Loaded TargetPlatform 'Linux'
[2022.01.22-21.27.30:878][  0]LogTargetPlatformManager: Display: Loaded TargetPlatform 'LinuxNoEditor'
[2022.01.22-21.27.30:881][  0]LogTargetPlatformManager: Display: Loaded TargetPlatform 'LinuxClient'
[2022.01.22-21.27.30:886][  0]LogTargetPlatformManager: Display: Loaded TargetPlatform 'LinuxServer'
[2022.01.22-21.27.30:893][  0]LogTargetPlatformManager: Display: Loaded TargetPlatform 'LinuxAArch64NoEditor'
[2022.01.22-21.27.30:898][  0]LogTargetPlatformManager: Display: Loaded TargetPlatform 'LinuxAArch64Client'
[2022.01.22-21.27.30:902][  0]LogTargetPlatformManager: Display: Loaded TargetPlatform 'LinuxAArch64Server'
[2022.01.22-21.27.30:923][  0]LogTargetPlatformManager: Display: Loaded TargetPlatform 'Lumin'
[2022.01.22-21.27.30:923][  0]LogTargetPlatformManager: Display: Loaded TargetPlatform 'LuminClient'
[2022.01.22-21.27.30:931][  0]LogTargetPlatformManager: Display: Loaded TargetPlatform 'MacNoEditor'
[2022.01.22-21.27.30:935][  0]LogTargetPlatformManager: Display: Loaded TargetPlatform 'Mac'
[2022.01.22-21.27.30:939][  0]LogTargetPlatformManager: Display: Loaded TargetPlatform 'MacClient'
[2022.01.22-21.27.30:943][  0]LogTargetPlatformManager: Display: Loaded TargetPlatform 'MacServer'
[2022.01.22-21.27.30:952][  0]LogTargetPlatformManager: Display: Loaded TargetPlatform 'TVOSClient'
[2022.01.22-21.27.30:952][  0]LogTargetPlatformManager: Display: Loaded TargetPlatform 'TVOS'
[2022.01.22-21.27.30:960][  0]LogTargetPlatformManager: Display: Loaded TargetPlatform 'WindowsNoEditor'
[2022.01.22-21.27.30:964][  0]LogTargetPlatformManager: Display: Loaded TargetPlatform 'Windows'
[2022.01.22-21.27.30:969][  0]LogTargetPlatformManager: Display: Loaded TargetPlatform 'WindowsClient'
[2022.01.22-21.27.30:972][  0]LogTargetPlatformManager: Display: Loaded TargetPlatform 'WindowsServer'
[2022.01.22-21.27.30:972][  0]LogTargetPlatformManager: Display: Building Assets For Windows
[2022.01.22-21.27.30:979][  0]LogAudioDebug: Display: Lib vorbis DLL was dynamically loaded.
[2022.01.22-21.27.31:003][  0]LogTextureFormatOodle: Display: Oodle Texture 2.9.0 init RDO Off
[2022.01.22-21.27.31:034][  0]LogRendererCore: Ray tracing is disabled. Reason: r.RayTracing=0.
[2022.01.22-21.27.31:034][  0]LogShaderCompilers: Guid format shader working directory is -32 characters bigger than the processId version (../../../../../Documents/AntiquesTheGame/AntiquesTheGame/Intermediate/Shaders/WorkingDirectory/14624/).
[2022.01.22-21.27.31:035][  0]LogShaderCompilers: Cleaned the shader compiler working directory 'D:/Temp/Temp/UnrealShaderWorkingDir/0FB4D3354B074AA4723C6AB4F5B2D58D/'.
[2022.01.22-21.27.31:035][  0]LogXGEController: Cannot use XGE Controller as Incredibuild is not installed on this machine.
[2022.01.22-21.27.31:035][  0]LogShaderCompilers: Cannot use XGE Shader Compiler as Incredibuild is not installed on this machine.
[2022.01.22-21.27.31:035][  0]LogShaderCompilers: Display: Using Local Shader Compiler.
[2022.01.22-21.27.31:721][  0]LogDerivedDataCache: Display: Max Cache Size: 512 MB
[2022.01.22-21.27.31:781][  0]LogDerivedDataCache: Loaded boot cache 0.06s 95MB C:/Users/leees/AppData/Local/UnrealEngine/4.27/DerivedDataCache/Boot.ddc.
[2022.01.22-21.27.31:781][  0]LogDerivedDataCache: Display: Loaded Boot cache: C:/Users/leees/AppData/Local/UnrealEngine/4.27/DerivedDataCache/Boot.ddc
[2022.01.22-21.27.31:781][  0]LogDerivedDataCache: FDerivedDataBackendGraph:  Pak pak cache file ../../../../../Documents/AntiquesTheGame/AntiquesTheGame/DerivedDataCache/DDC.ddp not found, will not use a pak cache.
[2022.01.22-21.27.31:781][  0]LogDerivedDataCache: Unable to find inner node Pak for hierarchical cache Hierarchy.
[2022.01.22-21.27.31:781][  0]LogDerivedDataCache: FDerivedDataBackendGraph:  CompressedPak pak cache file ../../../../../Documents/AntiquesTheGame/AntiquesTheGame/DerivedDataCache/Compressed.ddp not found, will not use a pak cache.
[2022.01.22-21.27.31:781][  0]LogDerivedDataCache: Unable to find inner node CompressedPak for hierarchical cache Hierarchy.
[2022.01.22-21.27.31:796][  0]LogDerivedDataCache: Display: Pak cache opened for reading ../../../Engine/DerivedDataCache/Compressed.ddp.
[2022.01.22-21.27.31:796][  0]LogDerivedDataCache: FDerivedDataBackendGraph:  EnterprisePak pak cache file ../../../Enterprise/DerivedDataCache/Compressed.ddp not found, will not use a pak cache.
[2022.01.22-21.27.31:796][  0]LogDerivedDataCache: Unable to find inner node EnterprisePak for hierarchical cache Hierarchy.
[2022.01.22-21.27.31:803][  0]LogDerivedDataCache: Speed tests for C:/Users/leees/AppData/Local/UnrealEngine/Common/DerivedDataCache took 0.01 seconds
[2022.01.22-21.27.31:803][  0]LogDerivedDataCache: Display: Performance to C:/Users/leees/AppData/Local/UnrealEngine/Common/DerivedDataCache: Latency=0.03ms. RandomReadSpeed=1565.66MBs, RandomWriteSpeed=173.05MBs. Assigned SpeedClass 'Local'
[2022.01.22-21.27.31:804][  0]LogDerivedDataCache: Using Local data cache path C:/Users/leees/AppData/Local/UnrealEngine/Common/DerivedDataCache: Writable
[2022.01.22-21.27.31:804][  0]LogDerivedDataCache: Shared data cache path not found in *engine.ini, will not use an Shared cache.
[2022.01.22-21.27.31:804][  0]LogDerivedDataCache: Unable to find inner node Shared for hierarchical cache Hierarchy.
[2022.01.22-21.27.31:847][  0]LogSlate: Using FreeType 2.10.0
[2022.01.22-21.27.31:848][  0]LogSlate: SlateFontServices - WITH_FREETYPE: 1, WITH_HARFBUZZ: 1
[2022.01.22-21.27.31:874][  0]LogAssetRegistry: FAssetRegistry took 0.0023 seconds to start up
[2022.01.22-21.27.32:122][  0]LogInit: Selected Device Profile: [Windows]
[2022.01.22-21.27.32:122][  0]LogInit: Active device profile: [000002C91F4D4900][000002C9200C8500 49] Windows
[2022.01.22-21.27.32:123][  0]LogInit: Profiles: [000002C91F4D4900][000002C9200C8500 49] Windows, [000002C91F46B800][000002C9200CC640 49] WindowsNoEditor, [000002C91F4D7500][000002C92016E780 49] WindowsServer, [000002C91F468E00][000002C9201728C0 49] WindowsClient, [000002C91F4D7800][000002C92017AA40 49] IOS, [000002C91F46A800][000002C920192BC0 49] iPadAir, [000002C91F4D6000][000002C920196D40 49] iPadAir2, [000002C91F2BCA00][000002C920249000 49] IPadPro, [000002C91F2BCB00][000002C9201BF040 49] iPadAir3, [000002C91F469900][000002C92026B1C0 49] iPadAir4, [000002C91F2BF400][000002C92026F340 49] iPadMini2, [000002C91F46AA00][000002C9202734C0 49] iPadMini3, [000002C91F2BD700][000002C920277640 49] iPadMini4, [000002C91F4D5100][000002C92027B7C0 49] iPadMini5, [000002C91F2FC300][000002C921295A80 49] iPhone6, [000002C91F2FC400][000002C921291AC0 49] iPodTouch6, [000002C9205C7F00][000002C921380200 49] iPhone7, [000002C9205C7E00][000002C9212E8240 49] iPodTouch7, [000002C91F46A000][000002C9213843C0 49] iPhone5S, [000002C9205C5A00][000002C921388540 49] iPhone6Plus, [000002C91F2FC200][000002C92138C6C0 49] iPhone6S, [000002C9205C4600][000002C920176800 49] iPhone6SPlus, [000002C91F2FE900][000002C921390940 49] iPhone7Plus, [000002C9205C7100][000002C921394A80 49] iPhoneSE, [000002C91F2FE200][000002C921398BC0 49] iPhone8, [000002C9205C7B00][000002C9213A0D40 49] iPhone8Plus, [000002C91F2FCA00][000002C9213A4EC0 49] iPhoneX, [000002C9205C5400][000002C9213A9040 49] iPhoneXS, [000002C91F2FFD00][000002C9213AD1C0 49] iPhoneXSMax, [000002C9205C4500][000002C9213B1340 49] iPhoneXR, [000002C91F2FD300][000002C9213B54C0 49] iPhone11, [000002C9205C6700][000002C9213B9640 49] iPhone11Pro, [000002C91F2FD000][000002C9213BD7C0 49] iPhone11ProMax, [000002C9205C6A00][000002C92147D940 49] iPhoneSE2, [000002C91F2FD400][000002C921481AC0 49] iPhone12Mini, [000002C9205C6400][000002C9214840C0 49] iPhone12, [000002C91F2FCD00][000002C921488240 49] iPhone12Pro, [000002C9205C6B00][000002C92148C3C0 49] iPhone12ProMax, [000002C91F2FF000][000002C921490540 49] iPadPro105, [000002C9205C4700][000002C9214946C0 49] iPadPro129, [000002C91F2FE800][000002C921498840 49] iPadPro97, [000002C9205C6600][000002C92139C980 49] iPadPro2_129, [000002C91F2FFC00][000002C92149CAC0 49] iPad5, [000002C9205C6200][000002C9214A4C00 49] iPad6, [000002C91F2FCF00][000002C9214A8D40 49] iPad7, [000002C9205C7C00][000002C9214B0EC0 49] iPad8, [000002C91F2FF400][000002C9214B9040 49] iPadPro11, [000002C9205C6F00][000002C9214BD1C0 49] iPadPro2_11, [000002C91F2FF900][000002C91EA95340 49] iPadPro3_129, [000002C9205C5700][000002C91ECD14C0 49] iPadPro4_129, [000002C91F2FD100][000002C91ECD9640 49] AppleTV, [000002C9205C6100][000002C91ECDD7C0 49] AppleTV4K, [000002C91F2FDF00][000002C91ECE1940 49] TVOS, [000002C9205C7400][000002C91ECE5AC0 49] Mac, [000002C91F2FF800][000002C91EA980C0 49] MacClient, [000002C9205C5E00][000002C91EA9C240 49] MacNoEditor, [000002C91F2FFF00][000002C91EAA03C0 49] MacServer, [000002C9205C5200][000002C91EAA8540 49] Linux, [000002C91F2FCC00][000002C91EAC46C0 49] LinuxAArch64, [000002C9205C5F00][000002C91EAC8840 49] LinuxNoEditor, [000002C91F2FDB00][000002C91FF1A9C0 49] LinuxAArch64NoEditor, [000002C9205C7A00][000002C91FF22B40 49] LinuxClient, [000002C91F2FF500][000002C9214ACC80 49] LinuxAArch64Client, [000002C9205C5000][000002C91FF26DC0 49] LinuxServer, [000002C91F2FE500][000002C91FF2AF00 49] LinuxAArch64Server, [000002C9205C4A00][000002C920129080 49] Android, [000002C91F2FF300][000002C92012D200 49] Android_Low, [000002C9205C7500][000002C920131380 49] Android_Mid, [000002C91F2FC600][000002C920135500 49] Android_High, [000002C9205C4200][000002C920139680 49] Android_Default, [000002C91F2FF100][000002C92013D800 49] Android_Adreno4xx, [000002C9205C5100][000002C920141980 49] Android_Adreno5xx_Low, [000002C91F2BF600][000002C920145B00 49] Android_Adreno5xx, [000002C91F469500][000002C920148100 49] Android_Adreno6xx, [000002C91F2BCF00][000002C92014C280 49] Android_Adreno6xx_Vulkan, [000002C91F46BC00][000002C920150400 49] Android_Mali_T6xx, [000002C91F2BD100][000002C920154580 49] Android_Mali_T7xx, [000002C91F469600][000002C920158700 49] Android_Mali_T8xx, [000002C91F2BDE00][000002C92015C880 49] Android_Mali_G71, [000002C91F468500][000002C920160A00 49] Android_Mali_G72, [000002C91F2BC800][000002C920164B80 49] Android_Mali_G72_Vulkan, [000002C91F46BA00][000002C920168D00 49] Android_Mali_G76, [000002C91F2BC100][000002C920124E40 49] Android_Mali_G76_Vulkan, [000002C91F469F00][000002C921630F80 49] Android_Mali_G77, [000002C91F2BD000][000002C9216350C0 49] Android_Mali_G77_Vulkan, [000002C91F468A00][000002C92163D240 49] Android_Mali_G78, [000002C91F2BEC00][000002C9216413C0 49] Android_Mali_G78_Vulkan, [000002C91F46B600][000002C921645540 49] Android_Mali_G710, [000002C91F2BEB00][000002C9216496C0 49] Android_Mali_G710_Vulkan, [000002C91F46BF00][000002C92164D840 49] Android_Vulkan_SM5, [000002C91F2BFB00][000002C9216519C0 49] Android_PowerVR_G6xxx, [000002C91F468100][000002C921655B40 49] Android_PowerVR_GT7xxx, [000002C91F2BE300][000002C921658140 49] Android_PowerVR_GE8xxx, [000002C91F468C00][000002C92165C2C0 49] Android_PowerVR_GM9xxx, [000002C91F2BE700][000002C921660440 49] Android_PowerVR_GM9xxx_Vulkan, [000002C91F46A700][000002C9216645C0 49] Android_TegraK1, [000002C91F2BC600][000002C921668740 49] Android_Unknown_Vulkan, [000002C91F46AD00][000002C92166C8C0 49] Lumin, [000002C91F2BC500][000002C921670A40 49] Lumin_Desktop, [000002C91F46A500][000002C921674BC0 49] HoloLens, 
[2022.01.22-21.27.32:244][  0]LogMeshReduction: Using QuadricMeshReduction for automatic static mesh reduction
[2022.01.22-21.27.32:244][  0]LogMeshReduction: Using SimplygonMeshReduction for automatic skeletal mesh reduction
[2022.01.22-21.27.32:244][  0]LogMeshReduction: Using ProxyLODMeshReduction for automatic mesh merging
[2022.01.22-21.27.32:244][  0]LogMeshReduction: No distributed automatic mesh merging module available
[2022.01.22-21.27.32:244][  0]LogMeshMerging: No distributed automatic mesh merging module available
[2022.01.22-21.27.32:260][  0]LogNetVersion: AntiquesTheGame 1.0.0, NetCL: 17155196, EngineNetVer: 17, GameNetVer: 0 (Checksum: 3833700821)
[2022.01.22-21.27.32:652][  0]LogTexture: Default maximum texture size for cubemaps generated from long-lat sources has been changed from 512 to unlimited. In order to preserve old behaiour for '/Engine/MapTemplates/Sky/DaylightAmbientCubemap.DaylightAmbientCubemap', its maximum texture size has been explicitly set to 512.
[2022.01.22-21.27.32:732][  0]LogHMD: PokeAHoleMaterial loaded successfully
[2022.01.22-21.27.32:738][  0]LogUObjectArray: 17178 objects as part of root set at end of initial load.
[2022.01.22-21.27.32:738][  0]LogUObjectAllocator: 4302048 out of 0 bytes used by permanent object pool.
[2022.01.22-21.27.32:738][  0]LogUObjectArray: CloseDisregardForGC: 0/0 objects in disregard for GC pool
[2022.01.22-21.27.32:987][  0]LogNiagaraDebuggerClient: Niagara Debugger Client Initialized | Session: 3F43676F48FA60FD41EBC49E8331E430 | Instance: C7930EE44EC7CA327129A495BAA3BC00 (DESKTOP-S82ECN3-14624).
[2022.01.22-21.27.33:016][  0]LogPython: Using Python 3.7.7
[2022.01.22-21.27.33:579][  0]LogTcpMessaging: Initializing TcpMessaging bridge
[2022.01.22-21.27.33:593][  0]LogUdpMessaging: Initializing bridge on interface 0.0.0.0:0 to multicast group 230.0.0.1:6666.
[2022.01.22-21.27.33:647][  0]LogLinker: Warning: Failed to load '/Game/ThirdPersonBP/ThirdPersonOverview': Can't find file.
[2022.01.22-21.27.33:647][  0]LogLinker: Warning: Failed to load '/Game/ThirdPersonBP/ThirdPersonOverview': Can't find file.
[2022.01.22-21.27.33:647][  0]LogUObjectGlobals: Warning: Failed to find object 'Class /Game/ThirdPersonBP/ThirdPersonOverview.ThirdPersonOverview_C'
[2022.01.22-21.27.33:706][  0]SourceControl: Source control is disabled
[2022.01.22-21.27.33:706][  0]SourceControl: Source control is disabled
[2022.01.22-21.27.33:711][  0]SourceControl: Source control is disabled
[2022.01.22-21.27.33:713][  0]SourceControl: Source control is disabled
[2022.01.22-21.27.33:722][  0]SourceControl: Source control is disabled
[2022.01.22-21.27.33:727][  0]LogUProjectInfo: Found projects:
[2022.01.22-21.27.33:925][  0]LogOpenImageDenoise: OIDN starting up
[2022.01.22-21.27.33:970][  0]LogAndroidPermission: UAndroidPermissionCallbackProxy::GetInstance
[2022.01.22-21.27.33:990][  0]LogAudioCaptureCore: Display: No Audio Capture implementations found. Audio input will be silent.
[2022.01.22-21.27.33:990][  0]LogAudioCaptureCore: Display: No Audio Capture implementations found. Audio input will be silent.
[2022.01.22-21.27.34:102][  0]LogCollectionManager: Loaded 0 collections in 0.000633 seconds
[2022.01.22-21.27.34:124][  0]LogFileCache: Scanning file cache for directory 'D:/Documents/AntiquesTheGame/AntiquesTheGame/Saved/Collections/' took 0.00s
[2022.01.22-21.27.34:124][  0]LogFileCache: Scanning file cache for directory 'D:/Documents/AntiquesTheGame/AntiquesTheGame/Content/Developers/leees/Collections/' took 0.00s
[2022.01.22-21.27.34:124][  0]LogFileCache: Scanning file cache for directory 'D:/Documents/AntiquesTheGame/AntiquesTheGame/Content/Collections/' took 0.00s
[2022.01.22-21.27.34:124][  0]LogOcInput: OculusInput pre-init called
[2022.01.22-21.27.34:367][  0]LogEngine: Initializing Engine...
[2022.01.22-21.27.34:436][  0]LogHMD: Failed to initialize OpenVR with code 108
[2022.01.22-21.27.34:544][  0]LogHMD: Optional extension XR_VARJO_quad_views is not available
[2022.01.22-21.27.34:544][  0]LogHMD: Warning: Required extension XR_EXT_eye_gaze_interaction is not available
[2022.01.22-21.27.34:544][  0]LogHMD: Could not enable all required OpenXR extensions for OpenXREyeTracker on current system. This plugin will be loaded but ignored, but will be enabled on a target platform that supports the required extension.
[2022.01.22-21.27.34:589][  0]LogHMD: Failed to create an OpenXR instance, result is XR_ERROR_RUNTIME_FAILURE. Please check if you have an OpenXR runtime installed. The following extensions were enabled:
[2022.01.22-21.27.34:589][  0]LogHMD: - XR_KHR_D3D11_enable
[2022.01.22-21.27.34:589][  0]LogHMD: - XR_KHR_D3D12_enable
[2022.01.22-21.27.34:589][  0]LogHMD: - XR_KHR_opengl_enable
[2022.01.22-21.27.34:589][  0]LogHMD: - XR_KHR_vulkan_enable
[2022.01.22-21.27.34:589][  0]LogHMD: - XR_KHR_composition_layer_depth
[2022.01.22-21.27.34:589][  0]LogHMD: - XR_KHR_visibility_mask
[2022.01.22-21.27.34:589][  0]LogHMD: - XR_EXT_hand_tracking
[2022.01.22-21.27.34:610][  0]LogMagicLeap: Warning: VR disabled because ZI is not enabled.  To enable, in the editor, Edit -> Project Settings -> Plugins -> Magic Leap Plugin -> Enable Zero Iteration
[2022.01.22-21.27.34:611][  0]LogStats: UGameplayTagsManager::InitializeManager -  0.000 s
[2022.01.22-21.27.34:733][  0]LogInit: Initializing FReadOnlyCVARCache
[2022.01.22-21.27.34:740][  0]LogAIModule: Creating AISystem for world Untitled
[2022.01.22-21.27.34:741][  0]LogAudio: Display: Initializing Audio Device Manager...
[2022.01.22-21.27.34:744][  0]LogAudio: Display: Loading Default Audio Settings Objects...
[2022.01.22-21.27.34:745][  0]LogAudio: Display: No default SoundConcurrencyObject specified (or failed to load).
[2022.01.22-21.27.34:745][  0]LogAudio: Display: Audio Device Manager Initialized
[2022.01.22-21.27.34:745][  0]LogAudio: Display: Creating Audio Device:                 Id: 1, Scope: Shared, Realtime: True
[2022.01.22-21.27.34:745][  0]LogAudioMixer: Display: Audio Mixer Platform Settings:
[2022.01.22-21.27.34:745][  0]LogAudioMixer: Display: 	Sample Rate:						  48000
[2022.01.22-21.27.34:745][  0]LogAudioMixer: Display: 	Callback Buffer Frame Size Requested: 1024
[2022.01.22-21.27.34:745][  0]LogAudioMixer: Display: 	Callback Buffer Frame Size To Use:	  1024
[2022.01.22-21.27.34:745][  0]LogAudioMixer: Display: 	Number of buffers to queue:			  2
[2022.01.22-21.27.34:745][  0]LogAudioMixer: Display: 	Max Channels (voices):				  32
[2022.01.22-21.27.34:745][  0]LogAudioMixer: Display: 	Number of Async Source Workers:		  0
[2022.01.22-21.27.34:745][  0]LogAudio: Display: AudioDevice MaxSources: 32
[2022.01.22-21.27.34:746][  0]LogAudio: Display: Audio Spatialization Plugin: None (built-in).
[2022.01.22-21.27.34:746][  0]LogAudio: Display: Audio Reverb Plugin: None (built-in).
[2022.01.22-21.27.34:746][  0]LogAudio: Display: Audio Occlusion Plugin: None (built-in).
[2022.01.22-21.27.34:746][  0]LogAudioMixer: Display: Initializing audio mixer.
[2022.01.22-21.27.34:762][  0]LogAudioMixer: Display: 0: FrontLeft
[2022.01.22-21.27.34:762][  0]LogAudioMixer: Display: 1: FrontRight
[2022.01.22-21.27.34:777][  0]LogAudioMixer: Display: Using Audio Device Speakers (Wireless Stereo Headset)
[2022.01.22-21.27.34:780][  0]LogAudioMixer: Display: Initializing Sound Submixes...
[2022.01.22-21.27.34:782][  0]LogAudioMixer: Display: Creating Master Submix 'MasterSubmixDefault'
[2022.01.22-21.27.34:782][  0]LogAudioMixer: Display: Creating Master Submix 'MasterReverbSubmixDefault'
[2022.01.22-21.27.34:783][  0]LogAudioMixer: Display: Creating Master Submix 'MasterEQSubmixDefault'
[2022.01.22-21.27.34:783][  0]LogAudioMixer: FMixerPlatformXAudio2::StartAudioStream() called
[2022.01.22-21.27.34:783][  0]LogAudioMixer: Display: Output buffers initialized: Frames=1024, Channels=2, Samples=2048
[2022.01.22-21.27.34:784][  0]LogAudioMixer: Display: Starting AudioMixerPlatformInterface::RunInternal()
[2022.01.22-21.27.34:784][  0]LogAudioMixer: Display: FMixerPlatformXAudio2::SubmitBuffer() called for the first time
[2022.01.22-21.27.34:784][  0]LogInit: FAudioDevice initialized.
[2022.01.22-21.27.34:784][  0]LogAudio: Display: Audio Device (ID: 1) registered with world 'Untitled'.
[2022.01.22-21.27.34:784][  0]LogNetVersion: Set ProjectVersion to 1.0.0.0. Version Checksum will be recalculated on next use.
[2022.01.22-21.27.34:935][  0]LogDerivedDataCache: Saved boot cache 0.15s 95MB C:/Users/leees/AppData/Local/UnrealEngine/4.27/DerivedDataCache/Boot.ddc.
[2022.01.22-21.27.34:936][  0]LogInit: Texture streaming: Enabled
[2022.01.22-21.27.34:947][  0]LogAnalytics: Display: [UEEditor.Rocket.Release] APIServer = https://datarouter.ol.epicgames.com/. AppVersion = 4.27.2-18319896+++UE4+Release-4.27
[2022.01.22-21.27.34:950][  0]LogEngineSessionManager: EngineSessionManager initialized
[2022.01.22-21.27.34:950][  0]LogEditorSessionSummary: Verbose: Initializing EditorSessionSummaryWriter for editor session tracking
[2022.01.22-21.27.34:952][  0]LogEditorSessionSummary: EditorSessionSummaryWriter initialized
[2022.01.22-21.27.34:968][  0]LogInit: Transaction tracking system initialized
[2022.01.22-21.27.34:984][  0]BlueprintLog: New page: Editor Load
[2022.01.22-21.27.35:100][  0]LocalizationService: Localization service is disabled
[2022.01.22-21.27.35:119][  0]TimingProfiler: Initialize
[2022.01.22-21.27.35:119][  0]TimingProfiler: OnSessionChanged
[2022.01.22-21.27.35:119][  0]LoadingProfiler: Initialize
[2022.01.22-21.27.35:119][  0]LoadingProfiler: OnSessionChanged
[2022.01.22-21.27.35:119][  0]NetworkingProfiler: Initialize
[2022.01.22-21.27.35:119][  0]NetworkingProfiler: OnSessionChanged
[2022.01.22-21.27.35:119][  0]MemoryProfiler: Initialize
[2022.01.22-21.27.35:119][  0]MemoryProfiler: OnSessionChanged
[2022.01.22-21.27.35:290][  0]LogCook: Display: CookSettings for Memory: MemoryMaxUsedVirtual 0MiB, MemoryMaxUsedPhysical 16384MiB, MemoryMinFreeVirtual 0MiB, MemoryMinFreePhysical 1024MiB
[2022.01.22-21.27.35:290][  0]LogCook: Display: Mobile HDR setting 1
[2022.01.22-21.27.35:480][  0]LogFileCache: Scanning file cache for directory 'D:/Documents/AntiquesTheGame/AntiquesTheGame/Content/' took 0.00s
[2022.01.22-21.27.35:710][  0]LogInit: Display: Engine is initialized. Leaving FEngineLoop::Init()
[2022.01.22-21.27.35:714][  0]SourceControl: Source control is disabled
[2022.01.22-21.27.35:714][  0]LogUnrealEdMisc: Loading editor; pre map load, took 12.781
[2022.01.22-21.27.35:714][  0]Cmd: MAP LOAD FILE="../../../Engine/Content/Maps/Templates/Template_Default.umap" TEMPLATE=1 SHOWPROGRESS=1 FEATURELEVEL=3
[2022.01.22-21.27.35:714][  0]LightingResults: New page: Lighting Build
[2022.01.22-21.27.35:716][  0]LogWorld: UWorld::CleanupWorld for Untitled, bSessionEnded=true, bCleanupResources=true
[2022.01.22-21.27.35:716][  0]LogSlate: InvalidateAllWidgets triggered.  All widgets were invalidated
[2022.01.22-21.27.35:716][  0]MapCheck: New page: Map Check
[2022.01.22-21.27.35:716][  0]LightingResults: New page: Lighting Build
[2022.01.22-21.27.35:721][  0]LogAudio: Display: Audio Device unregistered from world 'None'.
[2022.01.22-21.27.35:724][  0]LogUObjectHash: Compacting FUObjectHashTables data took   0.84ms
[2022.01.22-21.27.35:787][  0]LogTexture: Display: Building textures: DeprecatedTextureEB9CBE3C423008B5E8E130901E171C89 (BGRA8, 128X128)
[2022.01.22-21.27.35:798][  0]LogAudio: Display: Audio Device (ID: 1) registered with world 'Untitled_1'.
[2022.01.22-21.27.35:799][  0]LogAIModule: Creating AISystem for world Untitled_1
[2022.01.22-21.27.35:803][  0]LogEditorServer: Finished looking for orphan Actors (0.000 secs)
[2022.01.22-21.27.35:810][  0]LogUObjectHash: Compacting FUObjectHashTables data took   1.15ms
[2022.01.22-21.27.35:811][  0]Cmd: MAP CHECKDEP NOCLEARLOG
[2022.01.22-21.27.35:811][  0]MapCheck: Map check complete: 0 Error(s), 0 Warning(s), took 0.133ms to complete.
[2022.01.22-21.27.35:811][  0]LogFileHelpers: Loading map 'Template_Default' took 0.098
[2022.01.22-21.27.35:813][  0]LogUnrealEdMisc: Total Editor Startup Time, took 12.881
[2022.01.22-21.27.36:148][  0]LogLayoutService: Warning: While key "LevelEditor_Layout_v1.2" was not found, and older version exists (key "LevelEditor_Layout_v1.1"). This means section "EditorLayouts" was created with a previous version of UE and is no longer compatible. The old key has been removed and updated with the new one.
[2022.01.22-21.27.36:234][  0]LogSlate: Took 0.000183 seconds to synchronously load lazily loaded font '../../../Engine/Content/Slate/Fonts/Roboto-Regular.ttf' (155K)
[2022.01.22-21.27.38:969][  0]LogSlate: Window 'Unreal Level Editor Layout Version Mismatch' being destroyed
[2022.01.22-21.27.38:974][  0]Message dialog closed, result: Ok, title: Unreal Level Editor Layout Version Mismatch, text: The expected Unreal Level Editor layout version is "LevelEditor_Layout_v1.2", while only version "LevelEditor_Layout_v1.1" was found. I.e., the current layout was created with a previous version of Unreal that is deprecated and no longer compatible.

Unreal will continue with the default layout for its current version, the deprecated one has been removed.

You can create and save your custom layouts with "Window"->"Save Layout"->"Save Layout As...".
[2022.01.22-21.27.39:168][  0]LogSlate: Updating window title bar state: overlay mode, drag disabled, window buttons hidden, title bar hidden
[2022.01.22-21.27.39:174][  0]LogSlate: Updating window title bar state: overlay mode, drag disabled, window buttons hidden, title bar hidden
[2022.01.22-21.27.39:179][  0]LogSlate: Updating window title bar state: overlay mode, drag disabled, window buttons hidden, title bar hidden
[2022.01.22-21.27.39:184][  0]LogSlate: Updating window title bar state: overlay mode, drag disabled, window buttons hidden, title bar hidden
[2022.01.22-21.27.39:391][  0]LogNativeClassHierarchy: Verbose: Native class hierarchy populated in 0.0096 seconds. Added 3822 classes and 928 folders.
[2022.01.22-21.27.39:435][  0]LogNativeClassHierarchy: Verbose: Native class hierarchy updated for 'WidgetCarousel' in 0.0002 seconds. Added 0 classes and 0 folders.
[2022.01.22-21.27.39:437][  0]LogPakFile: PakFile PrimaryIndexSize=187
[2022.01.22-21.27.39:437][  0]LogPakFile: PakFile PathHashIndexSize=101
[2022.01.22-21.27.39:437][  0]LogPakFile: PakFile FullDirectoryIndexSize=148
[2022.01.22-21.27.39:437][  0]LogShaderLibrary: Display: ShaderCodeLibraryPakFileMountedCallback: PakFile 'D:/games/UE_4.27/FeaturePacks/FP_FirstPerson.upack' (chunk index -1, root 'root:/') mounted
[2022.01.22-21.27.39:437][  0]LogShaderLibrary: Display: ShaderCodeLibraryPakFileMountedCallback: pending pak file info (ChunkID:-1 Root:root:/ File:D:/games/UE_4.27/FeaturePacks/FP_FirstPerson.upack)
[2022.01.22-21.27.39:437][  0]LogPakFile: OnPakFileMounted2Time == 0.000051
[2022.01.22-21.27.39:438][  0]LogPakFile: PakFile PrimaryIndexSize=189
[2022.01.22-21.27.39:438][  0]LogPakFile: PakFile PathHashIndexSize=101
[2022.01.22-21.27.39:438][  0]LogPakFile: PakFile FullDirectoryIndexSize=152
[2022.01.22-21.27.39:438][  0]LogShaderLibrary: Display: ShaderCodeLibraryPakFileMountedCallback: PakFile 'D:/games/UE_4.27/FeaturePacks/FP_FirstPersonBP.upack' (chunk index -1, root 'root:/') mounted
[2022.01.22-21.27.39:438][  0]LogShaderLibrary: Display: ShaderCodeLibraryPakFileMountedCallback: pending pak file info (ChunkID:-1 Root:root:/ File:D:/games/UE_4.27/FeaturePacks/FP_FirstPersonBP.upack)
[2022.01.22-21.27.39:438][  0]LogPakFile: OnPakFileMounted2Time == 0.000034
[2022.01.22-21.27.39:438][  0]LogPakFile: PakFile PrimaryIndexSize=191
[2022.01.22-21.27.39:438][  0]LogPakFile: PakFile PathHashIndexSize=101
[2022.01.22-21.27.39:438][  0]LogPakFile: PakFile FullDirectoryIndexSize=160
[2022.01.22-21.27.39:438][  0]LogShaderLibrary: Display: ShaderCodeLibraryPakFileMountedCallback: PakFile 'D:/games/UE_4.27/FeaturePacks/MobileStarterContent.upack' (chunk index -1, root 'root:/') mounted
[2022.01.22-21.27.39:438][  0]LogShaderLibrary: Display: ShaderCodeLibraryPakFileMountedCallback: pending pak file info (ChunkID:-1 Root:root:/ File:D:/games/UE_4.27/FeaturePacks/MobileStarterContent.upack)
[2022.01.22-21.27.39:438][  0]LogPakFile: OnPakFileMounted2Time == 0.000031
[2022.01.22-21.27.39:439][  0]LogPakFile: PakFile PrimaryIndexSize=185
[2022.01.22-21.27.39:439][  0]LogPakFile: PakFile PathHashIndexSize=101
[2022.01.22-21.27.39:439][  0]LogPakFile: PakFile FullDirectoryIndexSize=148
[2022.01.22-21.27.39:439][  0]LogShaderLibrary: Display: ShaderCodeLibraryPakFileMountedCallback: PakFile 'D:/games/UE_4.27/FeaturePacks/StarterContent.upack' (chunk index -1, root 'root:/') mounted
[2022.01.22-21.27.39:439][  0]LogShaderLibrary: Display: ShaderCodeLibraryPakFileMountedCallback: pending pak file info (ChunkID:-1 Root:root:/ File:D:/games/UE_4.27/FeaturePacks/StarterContent.upack)
[2022.01.22-21.27.39:439][  0]LogPakFile: OnPakFileMounted2Time == 0.000032
[2022.01.22-21.27.39:440][  0]LogPakFile: PakFile PrimaryIndexSize=190
[2022.01.22-21.27.39:440][  0]LogPakFile: PakFile PathHashIndexSize=101
[2022.01.22-21.27.39:440][  0]LogPakFile: PakFile FullDirectoryIndexSize=154
[2022.01.22-21.27.39:440][  0]LogShaderLibrary: Display: ShaderCodeLibraryPakFileMountedCallback: PakFile 'D:/games/UE_4.27/FeaturePacks/TP_2DSideScroller.upack' (chunk index -1, root 'root:/') mounted
[2022.01.22-21.27.39:440][  0]LogShaderLibrary: Display: ShaderCodeLibraryPakFileMountedCallback: pending pak file info (ChunkID:-1 Root:root:/ File:D:/games/UE_4.27/FeaturePacks/TP_2DSideScroller.upack)
[2022.01.22-21.27.39:440][  0]LogPakFile: OnPakFileMounted2Time == 0.000033
[2022.01.22-21.27.39:441][  0]LogPakFile: PakFile PrimaryIndexSize=192
[2022.01.22-21.27.39:441][  0]LogPakFile: PakFile PathHashIndexSize=101
[2022.01.22-21.27.39:441][  0]LogPakFile: PakFile FullDirectoryIndexSize=158
[2022.01.22-21.27.39:441][  0]LogShaderLibrary: Display: ShaderCodeLibraryPakFileMountedCallback: PakFile 'D:/games/UE_4.27/FeaturePacks/TP_2DSideScrollerBP.upack' (chunk index -1, root 'root:/') mounted
[2022.01.22-21.27.39:441][  0]LogShaderLibrary: Display: ShaderCodeLibraryPakFileMountedCallback: pending pak file info (ChunkID:-1 Root:root:/ File:D:/games/UE_4.27/FeaturePacks/TP_2DSideScrollerBP.upack)
[2022.01.22-21.27.39:441][  0]LogPakFile: OnPakFileMounted2Time == 0.000031
[2022.01.22-21.27.39:441][  0]LogPakFile: PakFile PrimaryIndexSize=182
[2022.01.22-21.27.39:441][  0]LogPakFile: PakFile PathHashIndexSize=101
[2022.01.22-21.27.39:442][  0]LogPakFile: PakFile FullDirectoryIndexSize=138
[2022.01.22-21.27.39:442][  0]LogShaderLibrary: Display: ShaderCodeLibraryPakFileMountedCallback: PakFile 'D:/games/UE_4.27/FeaturePacks/TP_Flying.upack' (chunk index -1, root 'root:/') mounted
[2022.01.22-21.27.39:442][  0]LogShaderLibrary: Display: ShaderCodeLibraryPakFileMountedCallback: pending pak file info (ChunkID:-1 Root:root:/ File:D:/games/UE_4.27/FeaturePacks/TP_Flying.upack)
[2022.01.22-21.27.39:442][  0]LogPakFile: OnPakFileMounted2Time == 0.000032
[2022.01.22-21.27.39:442][  0]LogPakFile: PakFile PrimaryIndexSize=184
[2022.01.22-21.27.39:442][  0]LogPakFile: PakFile PathHashIndexSize=101
[2022.01.22-21.27.39:442][  0]LogPakFile: PakFile FullDirectoryIndexSize=142
[2022.01.22-21.27.39:442][  0]LogShaderLibrary: Display: ShaderCodeLibraryPakFileMountedCallback: PakFile 'D:/games/UE_4.27/FeaturePacks/TP_FlyingBP.upack' (chunk index -1, root 'root:/') mounted
[2022.01.22-21.27.39:442][  0]LogShaderLibrary: Display: ShaderCodeLibraryPakFileMountedCallback: pending pak file info (ChunkID:-1 Root:root:/ File:D:/games/UE_4.27/FeaturePacks/TP_FlyingBP.upack)
[2022.01.22-21.27.39:442][  0]LogPakFile: OnPakFileMounted2Time == 0.000031
[2022.01.22-21.27.39:443][  0]LogPakFile: PakFile PrimaryIndexSize=188
[2022.01.22-21.27.39:443][  0]LogPakFile: PakFile PathHashIndexSize=101
[2022.01.22-21.27.39:443][  0]LogPakFile: PakFile FullDirectoryIndexSize=150
[2022.01.22-21.27.39:443][  0]LogShaderLibrary: Display: ShaderCodeLibraryPakFileMountedCallback: PakFile 'D:/games/UE_4.27/FeaturePacks/TP_HandheldARBP.upack' (chunk index -1, root 'root:/') mounted
[2022.01.22-21.27.39:443][  0]LogShaderLibrary: Display: ShaderCodeLibraryPakFileMountedCallback: pending pak file info (ChunkID:-1 Root:root:/ File:D:/games/UE_4.27/FeaturePacks/TP_HandheldARBP.upack)
[2022.01.22-21.27.39:443][  0]LogPakFile: OnPakFileMounted2Time == 0.000033
[2022.01.22-21.27.39:444][  0]LogPakFile: PakFile PrimaryIndexSize=182
[2022.01.22-21.27.39:444][  0]LogPakFile: PakFile PathHashIndexSize=101
[2022.01.22-21.27.39:444][  0]LogPakFile: PakFile FullDirectoryIndexSize=138
[2022.01.22-21.27.39:444][  0]LogShaderLibrary: Display: ShaderCodeLibraryPakFileMountedCallback: PakFile 'D:/games/UE_4.27/FeaturePacks/TP_Puzzle.upack' (chunk index -1, root 'root:/') mounted
[2022.01.22-21.27.39:444][  0]LogShaderLibrary: Display: ShaderCodeLibraryPakFileMountedCallback: pending pak file info (ChunkID:-1 Root:root:/ File:D:/games/UE_4.27/FeaturePacks/TP_Puzzle.upack)
[2022.01.22-21.27.39:444][  0]LogPakFile: OnPakFileMounted2Time == 0.000031
[2022.01.22-21.27.39:445][  0]LogPakFile: PakFile PrimaryIndexSize=184
[2022.01.22-21.27.39:445][  0]LogPakFile: PakFile PathHashIndexSize=101
[2022.01.22-21.27.39:445][  0]LogPakFile: PakFile FullDirectoryIndexSize=142
[2022.01.22-21.27.39:445][  0]LogShaderLibrary: Display: ShaderCodeLibraryPakFileMountedCallback: PakFile 'D:/games/UE_4.27/FeaturePacks/TP_PuzzleBP.upack' (chunk index -1, root 'root:/') mounted
[2022.01.22-21.27.39:445][  0]LogShaderLibrary: Display: ShaderCodeLibraryPakFileMountedCallback: pending pak file info (ChunkID:-1 Root:root:/ File:D:/games/UE_4.27/FeaturePacks/TP_PuzzleBP.upack)
[2022.01.22-21.27.39:445][  0]LogPakFile: OnPakFileMounted2Time == 0.000030
[2022.01.22-21.27.39:446][  0]LogPakFile: PakFile PrimaryIndexSize=183
[2022.01.22-21.27.39:446][  0]LogPakFile: PakFile PathHashIndexSize=101
[2022.01.22-21.27.39:446][  0]LogPakFile: PakFile FullDirectoryIndexSize=140
[2022.01.22-21.27.39:446][  0]LogShaderLibrary: Display: ShaderCodeLibraryPakFileMountedCallback: PakFile 'D:/games/UE_4.27/FeaturePacks/TP_Rolling.upack' (chunk index -1, root 'root:/') mounted
[2022.01.22-21.27.39:446][  0]LogShaderLibrary: Display: ShaderCodeLibraryPakFileMountedCallback: pending pak file info (ChunkID:-1 Root:root:/ File:D:/games/UE_4.27/FeaturePacks/TP_Rolling.upack)
[2022.01.22-21.27.39:446][  0]LogPakFile: OnPakFileMounted2Time == 0.000031
[2022.01.22-21.27.39:447][  0]LogPakFile: PakFile PrimaryIndexSize=185
[2022.01.22-21.27.39:447][  0]LogPakFile: PakFile PathHashIndexSize=101
[2022.01.22-21.27.39:447][  0]LogPakFile: PakFile FullDirectoryIndexSize=144
[2022.01.22-21.27.39:447][  0]LogShaderLibrary: Display: ShaderCodeLibraryPakFileMountedCallback: PakFile 'D:/games/UE_4.27/FeaturePacks/TP_RollingBP.upack' (chunk index -1, root 'root:/') mounted
[2022.01.22-21.27.39:447][  0]LogShaderLibrary: Display: ShaderCodeLibraryPakFileMountedCallback: pending pak file info (ChunkID:-1 Root:root:/ File:D:/games/UE_4.27/FeaturePacks/TP_RollingBP.upack)
[2022.01.22-21.27.39:447][  0]LogPakFile: OnPakFileMounted2Time == 0.000049
[2022.01.22-21.27.39:447][  0]LogPakFile: PakFile PrimaryIndexSize=188
[2022.01.22-21.27.39:447][  0]LogPakFile: PakFile PathHashIndexSize=101
[2022.01.22-21.27.39:447][  0]LogPakFile: PakFile FullDirectoryIndexSize=150
[2022.01.22-21.27.39:447][  0]LogShaderLibrary: Display: ShaderCodeLibraryPakFileMountedCallback: PakFile 'D:/games/UE_4.27/FeaturePacks/TP_SideScroller.upack' (chunk index -1, root 'root:/') mounted
[2022.01.22-21.27.39:447][  0]LogShaderLibrary: Display: ShaderCodeLibraryPakFileMountedCallback: pending pak file info (ChunkID:-1 Root:root:/ File:D:/games/UE_4.27/FeaturePacks/TP_SideScroller.upack)
[2022.01.22-21.27.39:448][  0]LogPakFile: OnPakFileMounted2Time == 0.000032
[2022.01.22-21.27.39:448][  0]LogPakFile: PakFile PrimaryIndexSize=190
[2022.01.22-21.27.39:448][  0]LogPakFile: PakFile PathHashIndexSize=101
[2022.01.22-21.27.39:448][  0]LogPakFile: PakFile FullDirectoryIndexSize=154
[2022.01.22-21.27.39:448][  0]LogShaderLibrary: Display: ShaderCodeLibraryPakFileMountedCallback: PakFile 'D:/games/UE_4.27/FeaturePacks/TP_SideScrollerBP.upack' (chunk index -1, root 'root:/') mounted
[2022.01.22-21.27.39:448][  0]LogShaderLibrary: Display: ShaderCodeLibraryPakFileMountedCallback: pending pak file info (ChunkID:-1 Root:root:/ File:D:/games/UE_4.27/FeaturePacks/TP_SideScrollerBP.upack)
[2022.01.22-21.27.39:448][  0]LogPakFile: OnPakFileMounted2Time == 0.000034
[2022.01.22-21.27.39:450][  0]LogPakFile: PakFile PrimaryIndexSize=187
[2022.01.22-21.27.39:450][  0]LogPakFile: PakFile PathHashIndexSize=101
[2022.01.22-21.27.39:450][  0]LogPakFile: PakFile FullDirectoryIndexSize=148
[2022.01.22-21.27.39:450][  0]LogShaderLibrary: Display: ShaderCodeLibraryPakFileMountedCallback: PakFile 'D:/games/UE_4.27/FeaturePacks/TP_ThirdPerson.upack' (chunk index -1, root 'root:/') mounted
[2022.01.22-21.27.39:450][  0]LogShaderLibrary: Display: ShaderCodeLibraryPakFileMountedCallback: pending pak file info (ChunkID:-1 Root:root:/ File:D:/games/UE_4.27/FeaturePacks/TP_ThirdPerson.upack)
[2022.01.22-21.27.39:450][  0]LogPakFile: OnPakFileMounted2Time == 0.000034
[2022.01.22-21.27.39:450][  0]LogPakFile: PakFile PrimaryIndexSize=189
[2022.01.22-21.27.39:450][  0]LogPakFile: PakFile PathHashIndexSize=101
[2022.01.22-21.27.39:450][  0]LogPakFile: PakFile FullDirectoryIndexSize=152
[2022.01.22-21.27.39:450][  0]LogShaderLibrary: Display: ShaderCodeLibraryPakFileMountedCallback: PakFile 'D:/games/UE_4.27/FeaturePacks/TP_ThirdPersonBP.upack' (chunk index -1, root 'root:/') mounted
[2022.01.22-21.27.39:450][  0]LogShaderLibrary: Display: ShaderCodeLibraryPakFileMountedCallback: pending pak file info (ChunkID:-1 Root:root:/ File:D:/games/UE_4.27/FeaturePacks/TP_ThirdPersonBP.upack)
[2022.01.22-21.27.39:450][  0]LogPakFile: OnPakFileMounted2Time == 0.000031
[2022.01.22-21.27.39:451][  0]LogPakFile: PakFile PrimaryIndexSize=183
[2022.01.22-21.27.39:451][  0]LogPakFile: PakFile PathHashIndexSize=101
[2022.01.22-21.27.39:451][  0]LogPakFile: PakFile FullDirectoryIndexSize=140
[2022.01.22-21.27.39:451][  0]LogShaderLibrary: Display: ShaderCodeLibraryPakFileMountedCallback: PakFile 'D:/games/UE_4.27/FeaturePacks/TP_TopDown.upack' (chunk index -1, root 'root:/') mounted
[2022.01.22-21.27.39:451][  0]LogShaderLibrary: Display: ShaderCodeLibraryPakFileMountedCallback: pending pak file info (ChunkID:-1 Root:root:/ File:D:/games/UE_4.27/FeaturePacks/TP_TopDown.upack)
[2022.01.22-21.27.39:451][  0]LogPakFile: OnPakFileMounted2Time == 0.000036
[2022.01.22-21.27.39:452][  0]LogPakFile: PakFile PrimaryIndexSize=185
[2022.01.22-21.27.39:452][  0]LogPakFile: PakFile PathHashIndexSize=101
[2022.01.22-21.27.39:452][  0]LogPakFile: PakFile FullDirectoryIndexSize=144
[2022.01.22-21.27.39:452][  0]LogShaderLibrary: Display: ShaderCodeLibraryPakFileMountedCallback: PakFile 'D:/games/UE_4.27/FeaturePacks/TP_TopDownBP.upack' (chunk index -1, root 'root:/') mounted
[2022.01.22-21.27.39:452][  0]LogShaderLibrary: Display: ShaderCodeLibraryPakFileMountedCallback: pending pak file info (ChunkID:-1 Root:root:/ File:D:/games/UE_4.27/FeaturePacks/TP_TopDownBP.upack)
[2022.01.22-21.27.39:452][  0]LogPakFile: OnPakFileMounted2Time == 0.000030
[2022.01.22-21.27.39:453][  0]LogPakFile: PakFile PrimaryIndexSize=185
[2022.01.22-21.27.39:453][  0]LogPakFile: PakFile PathHashIndexSize=101
[2022.01.22-21.27.39:453][  0]LogPakFile: PakFile FullDirectoryIndexSize=144
[2022.01.22-21.27.39:453][  0]LogShaderLibrary: Display: ShaderCodeLibraryPakFileMountedCallback: PakFile 'D:/games/UE_4.27/FeaturePacks/TP_TwinStick.upack' (chunk index -1, root 'root:/') mounted
[2022.01.22-21.27.39:453][  0]LogShaderLibrary: Display: ShaderCodeLibraryPakFileMountedCallback: pending pak file info (ChunkID:-1 Root:root:/ File:D:/games/UE_4.27/FeaturePacks/TP_TwinStick.upack)
[2022.01.22-21.27.39:453][  0]LogPakFile: OnPakFileMounted2Time == 0.000031
[2022.01.22-21.27.39:453][  0]LogPakFile: PakFile PrimaryIndexSize=187
[2022.01.22-21.27.39:453][  0]LogPakFile: PakFile PathHashIndexSize=101
[2022.01.22-21.27.39:453][  0]LogPakFile: PakFile FullDirectoryIndexSize=148
[2022.01.22-21.27.39:453][  0]LogShaderLibrary: Display: ShaderCodeLibraryPakFileMountedCallback: PakFile 'D:/games/UE_4.27/FeaturePacks/TP_TwinStickBP.upack' (chunk index -1, root 'root:/') mounted
[2022.01.22-21.27.39:453][  0]LogShaderLibrary: Display: ShaderCodeLibraryPakFileMountedCallback: pending pak file info (ChunkID:-1 Root:root:/ File:D:/games/UE_4.27/FeaturePacks/TP_TwinStickBP.upack)
[2022.01.22-21.27.39:453][  0]LogPakFile: OnPakFileMounted2Time == 0.000030
[2022.01.22-21.27.39:454][  0]LogPakFile: PakFile PrimaryIndexSize=183
[2022.01.22-21.27.39:454][  0]LogPakFile: PakFile PathHashIndexSize=101
[2022.01.22-21.27.39:454][  0]LogPakFile: PakFile FullDirectoryIndexSize=140
[2022.01.22-21.27.39:454][  0]LogShaderLibrary: Display: ShaderCodeLibraryPakFileMountedCallback: PakFile 'D:/games/UE_4.27/FeaturePacks/TP_Vehicle.upack' (chunk index -1, root 'root:/') mounted
[2022.01.22-21.27.39:454][  0]LogShaderLibrary: Display: ShaderCodeLibraryPakFileMountedCallback: pending pak file info (ChunkID:-1 Root:root:/ File:D:/games/UE_4.27/FeaturePacks/TP_Vehicle.upack)
[2022.01.22-21.27.39:454][  0]LogPakFile: OnPakFileMounted2Time == 0.000030
[2022.01.22-21.27.39:455][  0]LogPakFile: PakFile PrimaryIndexSize=186
[2022.01.22-21.27.39:455][  0]LogPakFile: PakFile PathHashIndexSize=101
[2022.01.22-21.27.39:455][  0]LogPakFile: PakFile FullDirectoryIndexSize=146
[2022.01.22-21.27.39:455][  0]LogShaderLibrary: Display: ShaderCodeLibraryPakFileMountedCallback: PakFile 'D:/games/UE_4.27/FeaturePacks/TP_VehicleAdv.upack' (chunk index -1, root 'root:/') mounted
[2022.01.22-21.27.39:455][  0]LogShaderLibrary: Display: ShaderCodeLibraryPakFileMountedCallback: pending pak file info (ChunkID:-1 Root:root:/ File:D:/games/UE_4.27/FeaturePacks/TP_VehicleAdv.upack)
[2022.01.22-21.27.39:455][  0]LogPakFile: OnPakFileMounted2Time == 0.000031
[2022.01.22-21.27.39:456][  0]LogPakFile: PakFile PrimaryIndexSize=188
[2022.01.22-21.27.39:456][  0]LogPakFile: PakFile PathHashIndexSize=101
[2022.01.22-21.27.39:456][  0]LogPakFile: PakFile FullDirectoryIndexSize=150
[2022.01.22-21.27.39:456][  0]LogShaderLibrary: Display: ShaderCodeLibraryPakFileMountedCallback: PakFile 'D:/games/UE_4.27/FeaturePacks/TP_VehicleAdvBP.upack' (chunk index -1, root 'root:/') mounted
[2022.01.22-21.27.39:456][  0]LogShaderLibrary: Display: ShaderCodeLibraryPakFileMountedCallback: pending pak file info (ChunkID:-1 Root:root:/ File:D:/games/UE_4.27/FeaturePacks/TP_VehicleAdvBP.upack)
[2022.01.22-21.27.39:456][  0]LogPakFile: OnPakFileMounted2Time == 0.000031
[2022.01.22-21.27.39:457][  0]LogPakFile: PakFile PrimaryIndexSize=185
[2022.01.22-21.27.39:457][  0]LogPakFile: PakFile PathHashIndexSize=101
[2022.01.22-21.27.39:457][  0]LogPakFile: PakFile FullDirectoryIndexSize=144
[2022.01.22-21.27.39:457][  0]LogShaderLibrary: Display: ShaderCodeLibraryPakFileMountedCallback: PakFile 'D:/games/UE_4.27/FeaturePacks/TP_VehicleBP.upack' (chunk index -1, root 'root:/') mounted
[2022.01.22-21.27.39:457][  0]LogShaderLibrary: Display: ShaderCodeLibraryPakFileMountedCallback: pending pak file info (ChunkID:-1 Root:root:/ File:D:/games/UE_4.27/FeaturePacks/TP_VehicleBP.upack)
[2022.01.22-21.27.39:457][  0]LogPakFile: OnPakFileMounted2Time == 0.000034
[2022.01.22-21.27.39:458][  0]LogPakFile: PakFile PrimaryIndexSize=192
[2022.01.22-21.27.39:458][  0]LogPakFile: PakFile PathHashIndexSize=101
[2022.01.22-21.27.39:458][  0]LogPakFile: PakFile FullDirectoryIndexSize=158
[2022.01.22-21.27.39:458][  0]LogShaderLibrary: Display: ShaderCodeLibraryPakFileMountedCallback: PakFile 'D:/games/UE_4.27/FeaturePacks/TP_VirtualRealityBP.upack' (chunk index -1, root 'root:/') mounted
[2022.01.22-21.27.39:458][  0]LogShaderLibrary: Display: ShaderCodeLibraryPakFileMountedCallback: pending pak file info (ChunkID:-1 Root:root:/ File:D:/games/UE_4.27/FeaturePacks/TP_VirtualRealityBP.upack)
[2022.01.22-21.27.39:458][  0]LogPakFile: OnPakFileMounted2Time == 0.000031
[2022.01.22-21.27.39:532][  0]LogNativeClassHierarchy: Verbose: Native class hierarchy updated for 'AddContentDialog' in 0.0003 seconds. Added 0 classes and 0 folders.
[2022.01.22-21.27.39:583][  0]LogNativeClassHierarchy: Verbose: Native class hierarchy updated for 'SceneOutliner' in 0.0003 seconds. Added 2 classes and 0 folders.
[2022.01.22-21.27.41:875][  0]LogSlate: Only BGRA pngs, bmps or icos are supported in by External Image Picker
[2022.01.22-21.27.42:196][  0]LogSlate: Took 0.012813 seconds to synchronously load lazily loaded font '../../../Engine/Content/Editor/Slate/Fonts/FontAwesome.ttf' (139K)
[2022.01.22-21.27.42:204][  0]LogSlate: Took 0.000194 seconds to synchronously load lazily loaded font '../../../Engine/Content/Slate/Fonts/Roboto-Bold.ttf' (160K)
[2022.01.22-21.27.42:493][  0]LogRenderer: Reallocating scene render targets to support 1208x572 Format 10 NumSamples 1 (Frame:1).
[2022.01.22-21.27.43:054][  0]LogNativeClassHierarchy: Verbose: Native class hierarchy updated for 'HierarchicalLODOutliner' in 0.0002 seconds. Added 0 classes and 0 folders.
[2022.01.22-21.27.43:054][  0]LogLoad: (Engine Initialization) Total time: 20.12 seconds
[2022.01.22-21.27.43:055][  0]LogLoad: (Engine Initialization) Total Blueprint compile time: 0.00 seconds
[2022.01.22-21.27.43:201][  0]LogAssetRegistry: Asset discovery search completed in 11.3267 seconds
[2022.01.22-21.27.43:206][  0]LogCollectionManager: Fixed up redirectors for 0 collections in 0.000003 seconds (updated 0 objects)
[2022.01.22-21.27.43:213][  0]LogContentStreaming: Texture pool size now 1000 MB
